/var/spool/slurm/d/job37804/slurm_script: line 7: [: missing `]'
This is a test
Today is Sat 14 Aug 00:44:30 BST 2021
This is kingfisher.doc.ic.ac.uk
running python program
/vol/cuda/10.2.89-cudnn7.6.4.38/bin:/vol/bitbucket/sx119/conda/bin:/vol/bitbucket/sx119/conda/condabin:/homes/sx119/.local/bin:/usr/local/sbin:/usr/local/bin:/usr/sbin:/usr/bin:/sbin:/bin:/usr/games:/usr/local/games:/snap/bin
/vol/bitbucket/sx119/conda/lib/python3.9/site-packages/torch/nn/functional.py:718: UserWarning: Named tensors and all their associated APIs are an experimental feature and subject to change. Please do not use them for anything important until they are released as stable. (Triggered internally at  /pytorch/c10/core/TensorImpl.h:1156.)
  return torch.max_pool2d(input, kernel_size, stride, padding, dilation, ceil_mode)
epoch 0 loss: 0.0, 24.468082427978516, 2.3574087619781494, total: 26.825490951538086
epoch 10 loss: 0.01727244071662426, 8.29873275756836, 2.4457435607910156, total: 10.761748313903809
epoch 20 loss: 0.02395482547581196, 4.612598896026611, 2.5149571895599365, total: 7.151511192321777
epoch 30 loss: 0.02649942971765995, 3.3943042755126953, 2.5475738048553467, total: 5.968377590179443
epoch 40 loss: 0.027639679610729218, 2.8094866275787354, 2.548475742340088, total: 5.385601997375488
epoch 50 loss: 0.02802194282412529, 2.4483437538146973, 2.5300955772399902, total: 5.006461143493652
epoch 60 loss: 0.02834581956267357, 2.1989905834198, 2.5011744499206543, total: 4.728510856628418
epoch 70 loss: 0.028635164722800255, 2.002774715423584, 2.4676167964935303, total: 4.499026775360107
epoch 80 loss: 0.028838220983743668, 1.8429648876190186, 2.432891845703125, total: 4.304695129394531
epoch 90 loss: 0.028975889086723328, 1.709262490272522, 2.39743709564209, total: 4.135675430297852
epoch 100 loss: 0.02909102290868759, 1.5973072052001953, 2.361856460571289, total: 3.9882545471191406
epoch 110 loss: 0.02921576239168644, 1.5050731897354126, 2.3259129524230957, total: 3.860201835632324
epoch 120 loss: 0.02933940850198269, 1.4284933805465698, 2.2902703285217285, total: 3.748103141784668
epoch 130 loss: 0.029463710263371468, 1.3635553121566772, 2.255244731903076, total: 3.648263931274414
epoch 140 loss: 0.02969783917069435, 1.3113073110580444, 2.2209372520446777, total: 3.5619425773620605
epoch 150 loss: 0.029700076207518578, 1.2613716125488281, 2.1874608993530273, total: 3.478532552719116
epoch 160 loss: 0.029813174158334732, 1.2215591669082642, 2.1547112464904785, total: 3.406083583831787
epoch 170 loss: 0.029800036922097206, 1.1855201721191406, 2.1221933364868164, total: 3.3375134468078613
epoch 180 loss: 0.02984272874891758, 1.1558815240859985, 2.0903146266937256, total: 3.276038885116577
epoch 190 loss: 0.029685428366065025, 1.1399344205856323, 2.0595481395721436, total: 3.229167938232422
epoch 200 loss: 0.030050568282604218, 1.1083416938781738, 2.0302412509918213, total: 3.168633460998535
epoch 210 loss: 0.030106734484434128, 1.0862542390823364, 2.001436233520508, total: 3.117797374725342
epoch 220 loss: 0.030040651559829712, 1.0682146549224854, 1.9735009670257568, total: 3.071756362915039
epoch 230 loss: 0.03033248335123062, 1.0549743175506592, 1.947147250175476, total: 3.032454013824463
epoch 240 loss: 0.030349455773830414, 1.036604404449463, 1.9214203357696533, total: 2.9883742332458496
epoch 250 loss: 0.030143456533551216, 1.0246477127075195, 1.8967198133468628, total: 2.9515109062194824
epoch 260 loss: 0.030470052734017372, 1.0101441144943237, 1.8731482028961182, total: 2.913762331008911
epoch 270 loss: 0.030303968116641045, 0.995927095413208, 1.8503925800323486, total: 2.8766236305236816
epoch 280 loss: 0.03023008070886135, 0.9897404909133911, 1.828519582748413, total: 2.8484902381896973
epoch 290 loss: 0.030509382486343384, 0.9747822284698486, 1.8077635765075684, total: 2.8130550384521484
epoch 300 loss: 0.030512455850839615, 0.9648788571357727, 1.7876956462860107, total: 2.7830870151519775
epoch 310 loss: 0.030287548899650574, 0.9613361358642578, 1.7681056261062622, total: 2.7597293853759766
epoch 320 loss: 0.030575012788176537, 0.9476050138473511, 1.7496411800384521, total: 2.7278213500976562
epoch 330 loss: 0.030473146587610245, 0.9388498663902283, 1.7318215370178223, total: 2.7011446952819824
epoch 340 loss: 0.030350789427757263, 0.9366185665130615, 1.7143490314483643, total: 2.6813182830810547
epoch 350 loss: 0.03068755380809307, 0.9275426268577576, 1.697923183441162, total: 2.656153440475464
epoch 360 loss: 0.030403604730963707, 0.9212879538536072, 1.6822855472564697, total: 2.633977174758911
epoch 370 loss: 0.030521515756845474, 0.9107391834259033, 1.667259693145752, total: 2.6085205078125
epoch 380 loss: 0.030447296798229218, 0.9069241285324097, 1.6522341966629028, total: 2.5896055698394775
epoch 390 loss: 0.030770841985940933, 0.9029714465141296, 1.6381621360778809, total: 2.571904420852661
epoch 400 loss: 0.03047461435198784, 0.896497905254364, 1.6245574951171875, total: 2.551529884338379
epoch 410 loss: 0.030504189431667328, 0.8894916772842407, 1.6113505363464355, total: 2.531346321105957
epoch 420 loss: 0.030812513083219528, 0.8853593468666077, 1.5989559888839722, total: 2.5151278972625732
epoch 430 loss: 0.03063935600221157, 0.8757471442222595, 1.5864728689193726, total: 2.492859363555908
epoch 440 loss: 0.030529217794537544, 0.8749344348907471, 1.5744647979736328, total: 2.479928493499756
epoch 450 loss: 0.03086181730031967, 0.8709421157836914, 1.5635480880737305, total: 2.4653520584106445
epoch 460 loss: 0.03076893649995327, 0.8612194061279297, 1.5522922277450562, total: 2.4442806243896484
epoch 470 loss: 0.030508119612932205, 0.8641743063926697, 1.5412132740020752, total: 2.4358956813812256
epoch 480 loss: 0.03076331876218319, 0.8518607020378113, 1.531589150428772, total: 2.414213180541992
epoch 490 loss: 0.030876442790031433, 0.8490234017372131, 1.5213669538497925, total: 2.4012668132781982
epoch 500 loss: 0.03058154694736004, 0.849240243434906, 1.5117119550704956, total: 2.391533851623535
epoch 510 loss: 0.030909722670912743, 0.8395508527755737, 1.5021158456802368, total: 2.3725764751434326
epoch 520 loss: 0.030759036540985107, 0.8337314128875732, 1.4927470684051514, total: 2.3572375774383545
epoch 530 loss: 0.030738767236471176, 0.8299907445907593, 1.4839460849761963, total: 2.3446755409240723
epoch 540 loss: 0.031038669869303703, 0.832192599773407, 1.4755680561065674, total: 2.338799238204956
epoch 550 loss: 0.03074187971651554, 0.8219239711761475, 1.4670014381408691, total: 2.319667339324951
epoch 560 loss: 0.031104082241654396, 0.8279600143432617, 1.4607667922973633, total: 2.319830894470215
epoch 570 loss: 0.03071090579032898, 0.8178110122680664, 1.4537423849105835, total: 2.3022642135620117
epoch 580 loss: 0.03078540228307247, 0.8094843626022339, 1.445035696029663, total: 2.2853055000305176
epoch 590 loss: 0.031057367101311684, 0.8072774410247803, 1.436774730682373, total: 2.2751095294952393
epoch 600 loss: 0.03072524070739746, 0.8071454167366028, 1.4302730560302734, total: 2.268143653869629
epoch 610 loss: 0.030776288360357285, 0.8004118204116821, 1.4226734638214111, total: 2.253861427307129
epoch 620 loss: 0.03113805316388607, 0.7976303100585938, 1.4158751964569092, total: 2.2446436882019043
epoch 630 loss: 0.031148599460721016, 0.7929971218109131, 1.4087988138198853, total: 2.2329444885253906
epoch 640 loss: 0.030733177438378334, 0.7955828309059143, 1.4014548063278198, total: 2.2277708053588867
epoch 650 loss: 0.031062060967087746, 0.7812703847885132, 1.395324468612671, total: 2.2076568603515625
epoch 660 loss: 0.031059443950653076, 0.7782160639762878, 1.389259696006775, total: 2.198535203933716
epoch 670 loss: 0.030828969553112984, 0.7816942930221558, 1.3826096057891846, total: 2.1951327323913574
epoch 680 loss: 0.031220074743032455, 0.7765490412712097, 1.377035140991211, total: 2.1848042011260986
epoch 690 loss: 0.030614525079727173, 0.8002973794937134, 1.3710594177246094, total: 2.2019712924957275
epoch 700 loss: 0.030795875936746597, 0.7778690457344055, 1.3693405389785767, total: 2.1780054569244385
epoch 710 loss: 0.030956968665122986, 0.7627135515213013, 1.3625990152359009, total: 2.1562695503234863
epoch 720 loss: 0.031149957329034805, 0.7569509744644165, 1.3557889461517334, total: 2.143889904022217
epoch 730 loss: 0.030912242829799652, 0.7585063576698303, 1.3499913215637207, total: 2.1394100189208984
epoch 740 loss: 0.03088701143860817, 0.7582497596740723, 1.3444633483886719, total: 2.1336002349853516
epoch 750 loss: 0.031296443194150925, 0.7539514303207397, 1.3392366170883179, total: 2.1244845390319824
epoch 760 loss: 0.03085571900010109, 0.7527965903282166, 1.3336776494979858, total: 2.1173300743103027
epoch 770 loss: 0.03131304308772087, 0.7473111152648926, 1.329327940940857, total: 2.107952117919922
epoch 780 loss: 0.030591286718845367, 0.7878089547157288, 1.3248355388641357, total: 2.143235683441162
epoch 790 loss: 0.030858783051371574, 0.7502884864807129, 1.3257157802581787, total: 2.106863021850586
epoch 800 loss: 0.030956540256738663, 0.7358897924423218, 1.319273829460144, total: 2.086120128631592
epoch 810 loss: 0.03144063428044319, 0.7415062189102173, 1.3130390644073486, total: 2.0859858989715576
epoch 820 loss: 0.03132624179124832, 0.7294368743896484, 1.309074878692627, total: 2.069838047027588
epoch 830 loss: 0.031124867498874664, 0.7209843397140503, 1.3030381202697754, total: 2.055147409439087
epoch 840 loss: 0.03145773708820343, 0.7364454865455627, 1.3018702268600464, total: 2.0697734355926514
epoch 850 loss: 0.03098762407898903, 0.7252032160758972, 1.3010658025741577, total: 2.0572566986083984
epoch 860 loss: 0.03109687566757202, 0.713943600654602, 1.2941783666610718, total: 2.0392189025878906
epoch 870 loss: 0.031209461390972137, 0.7076091766357422, 1.2872726917266846, total: 2.0260913372039795
epoch 880 loss: 0.03152940794825554, 0.7350594401359558, 1.29631769657135, total: 2.062906503677368
epoch 890 loss: 0.031753361225128174, 0.7919545769691467, 1.331130862236023, total: 2.154838800430298
epoch 900 loss: 0.031434595584869385, 0.7142432928085327, 1.3267444372177124, total: 2.0724222660064697
epoch 910 loss: 0.031206440180540085, 0.6974475979804993, 1.309431552886963, total: 2.038085460662842
epoch 920 loss: 0.03135738894343376, 0.6882840991020203, 1.293341875076294, total: 2.0129833221435547
epoch 930 loss: 0.03124484233558178, 0.685849130153656, 1.2808483839035034, total: 1.997942328453064
epoch 940 loss: 0.031236156821250916, 0.6834295988082886, 1.2715226411819458, total: 1.9861884117126465
epoch 950 loss: 0.031117847189307213, 0.6879986524581909, 1.2643423080444336, total: 1.9834587574005127
epoch 960 loss: 0.031323112547397614, 0.6774159073829651, 1.2588284015655518, total: 1.9675674438476562
epoch 970 loss: 0.03144257888197899, 0.677200973033905, 1.2537415027618408, total: 1.9623850584030151
epoch 980 loss: 0.031142260879278183, 0.6786100268363953, 1.2493340969085693, total: 1.9590864181518555
epoch 990 loss: 0.03132271394133568, 0.6704896688461304, 1.2449967861175537, total: 1.94680917263031
epoch 1000 loss: 0.03135307878255844, 0.6685472130775452, 1.2411890029907227, total: 1.9410892724990845
epoch 1010 loss: 0.031327348202466965, 0.6661218404769897, 1.2371900081634521, total: 1.9346392154693604
epoch 1020 loss: 0.031054558232426643, 0.6853553056716919, 1.237227201461792, total: 1.9536371231079102
epoch 1030 loss: 0.03148989379405975, 0.6714980602264404, 1.236752986907959, total: 1.9397408962249756
epoch 1040 loss: 0.031443074345588684, 0.659712553024292, 1.231204867362976, total: 1.9223604202270508
epoch 1050 loss: 0.03134031593799591, 0.6565259695053101, 1.22593092918396, total: 1.91379714012146
epoch 1060 loss: 0.03147639334201813, 0.6562935709953308, 1.2212647199630737, total: 1.9090347290039062
epoch 1070 loss: 0.031109588220715523, 0.6648834943771362, 1.218965768814087, total: 1.9149588346481323
epoch 1080 loss: 0.031227776780724525, 0.6556346416473389, 1.2149910926818848, total: 1.9018535614013672
epoch 1090 loss: 0.03147318214178085, 0.6497513651847839, 1.2111148834228516, total: 1.8923394680023193
epoch 1100 loss: 0.03098740056157112, 0.6773151755332947, 1.208590030670166, total: 1.9168925285339355
epoch 1110 loss: 0.031349144876003265, 0.6457563638687134, 1.2068393230438232, total: 1.8839447498321533
epoch 1120 loss: 0.031294673681259155, 0.6441745162010193, 1.2026019096374512, total: 1.8780710697174072
epoch 1130 loss: 0.0319380946457386, 0.6889887452125549, 1.2006233930587769, total: 1.9215502738952637
epoch 1140 loss: 0.03161696717143059, 0.6497893333435059, 1.2056419849395752, total: 1.8870482444763184
epoch 1150 loss: 0.031275879591703415, 0.640205442905426, 1.2004759311676025, total: 1.8719573020935059
epoch 1160 loss: 0.03139215707778931, 0.6334559917449951, 1.1944079399108887, total: 1.8592560291290283
epoch 1170 loss: 0.03129392862319946, 0.6341663599014282, 1.1908904314041138, total: 1.8563506603240967
epoch 1180 loss: 0.03149911388754845, 0.6312963366508484, 1.1875474452972412, total: 1.850342869758606
epoch 1190 loss: 0.03129016235470772, 0.6309747695922852, 1.1832258701324463, total: 1.84549081325531
epoch 1200 loss: 0.031763192266225815, 0.6474644541740417, 1.1809097528457642, total: 1.8601374626159668
epoch 1210 loss: 0.031545717269182205, 0.6313976049423218, 1.180105447769165, total: 1.8430488109588623
epoch 1220 loss: 0.03134831786155701, 0.6236892938613892, 1.1760737895965576, total: 1.8311114311218262
epoch 1230 loss: 0.03191995248198509, 0.6638416647911072, 1.1734426021575928, total: 1.8692042827606201
epoch 1240 loss: 0.03161529451608658, 0.6881890892982483, 1.2281309366226196, total: 1.9479353427886963
epoch 1250 loss: 0.03142949566245079, 0.6312912106513977, 1.2317384481430054, total: 1.8944591283798218
epoch 1260 loss: 0.0314314067363739, 0.6179270148277283, 1.2134040594100952, total: 1.862762451171875
epoch 1270 loss: 0.03156665340065956, 0.6091210246086121, 1.1956895589828491, total: 1.8363772630691528
epoch 1280 loss: 0.031366582959890366, 0.6114151477813721, 1.1825315952301025, total: 1.8253133296966553
epoch 1290 loss: 0.031542323529720306, 0.6044501662254333, 1.173386812210083, total: 1.8093793392181396
epoch 1300 loss: 0.03153439611196518, 0.6030206680297852, 1.1669124364852905, total: 1.8014674186706543
epoch 1310 loss: 0.03138741850852966, 0.6048291921615601, 1.1615455150604248, total: 1.797762155532837
epoch 1320 loss: 0.03178134188055992, 0.6109974980354309, 1.1580414772033691, total: 1.8008203506469727
epoch 1330 loss: 0.031699758023023605, 0.6027657389640808, 1.1544958353042603, total: 1.788961410522461
epoch 1340 loss: 0.03152545168995857, 0.596798837184906, 1.1507525444030762, total: 1.7790768146514893
epoch 1350 loss: 0.031546466052532196, 0.596169114112854, 1.1485499143600464, total: 1.7762655019760132
epoch 1360 loss: 0.03164390102028847, 0.5956225395202637, 1.1457587480545044, total: 1.7730252742767334
epoch 1370 loss: 0.031278811395168304, 0.6054337024688721, 1.1430401802062988, total: 1.7797527313232422
epoch 1380 loss: 0.031408630311489105, 0.5947489142417908, 1.1405645608901978, total: 1.7667220830917358
epoch 1390 loss: 0.03176112473011017, 0.5964101552963257, 1.137944221496582, total: 1.766115427017212
epoch 1400 loss: 0.031449075788259506, 0.5917096734046936, 1.135878562927246, total: 1.7590372562408447
epoch 1410 loss: 0.031575366854667664, 0.5866785049438477, 1.1333667039871216, total: 1.7516205310821533
epoch 1420 loss: 0.0312652513384819, 0.6022964715957642, 1.1319431066513062, total: 1.7655048370361328
epoch 1430 loss: 0.03152558580040932, 0.585943341255188, 1.1301630735397339, total: 1.7476320266723633
epoch 1440 loss: 0.03146752342581749, 0.5857875347137451, 1.1284338235855103, total: 1.7456889152526855
epoch 1450 loss: 0.031411394476890564, 0.5875603556632996, 1.1259042024612427, total: 1.7448759078979492
epoch 1460 loss: 0.03180648759007454, 0.5896119475364685, 1.1230688095092773, total: 1.7444872856140137
epoch 1470 loss: 0.03151770681142807, 0.5800315737724304, 1.1206287145614624, total: 1.732177972793579
epoch 1480 loss: 0.03151443228125572, 0.5794304013252258, 1.1186935901641846, total: 1.7296383380889893
epoch 1490 loss: 0.03174653649330139, 0.5827404856681824, 1.116470217704773, total: 1.730957269668579
epoch 1500 loss: 0.03136377036571503, 0.5816320776939392, 1.113805890083313, total: 1.7268017530441284
epoch 1510 loss: 0.031945303082466125, 0.6000961661338806, 1.1127206087112427, total: 1.7447620630264282
epoch 1520 loss: 0.0316820852458477, 0.5774375200271606, 1.1129322052001953, total: 1.7220518589019775
epoch 1530 loss: 0.031380295753479004, 0.5816971063613892, 1.1101425886154175, total: 1.7232199907302856
epoch 1540 loss: 0.031847886741161346, 0.5840806365013123, 1.1074204444885254, total: 1.7233489751815796
epoch 1550 loss: 0.03161603957414627, 0.5704991817474365, 1.1056413650512695, total: 1.707756519317627
epoch 1560 loss: 0.031393684446811676, 0.5745219588279724, 1.1022424697875977, total: 1.7081581354141235
epoch 1570 loss: 0.03177179768681526, 0.5748440027236938, 1.0998774766921997, total: 1.7064932584762573
epoch 1580 loss: 0.03137987479567528, 0.5797279477119446, 1.09834885597229, total: 1.7094566822052002
epoch 1590 loss: 0.03176737576723099, 0.5736669301986694, 1.0971640348434448, total: 1.7025983333587646
epoch 1600 loss: 0.031345997005701065, 0.5756624341011047, 1.0958836078643799, total: 1.7028920650482178
epoch 1610 loss: 0.03189520910382271, 0.5796165466308594, 1.094110131263733, total: 1.7056219577789307
epoch 1620 loss: 0.03146269544959068, 0.5704693794250488, 1.0935313701629639, total: 1.6954634189605713
epoch 1630 loss: 0.03149173781275749, 0.5656079053878784, 1.091050148010254, total: 1.6881498098373413
epoch 1640 loss: 0.031749263405799866, 0.5657204985618591, 1.0885446071624756, total: 1.6860144138336182
epoch 1650 loss: 0.03141196072101593, 0.5671971440315247, 1.0851647853851318, total: 1.6837738752365112
epoch 1660 loss: 0.03189478814601898, 0.635596513748169, 1.1133389472961426, total: 1.7808302640914917
epoch 1670 loss: 0.03201473504304886, 0.617053747177124, 1.135337233543396, total: 1.7844057083129883
epoch 1680 loss: 0.031896643340587616, 0.5669736862182617, 1.1270140409469604, total: 1.7258844375610352
epoch 1690 loss: 0.03163528069853783, 0.5579296350479126, 1.1104402542114258, total: 1.7000051736831665
epoch 1700 loss: 0.03194798156619072, 0.5610407590866089, 1.0987919569015503, total: 1.691780686378479
epoch 1710 loss: 0.031799040734767914, 0.5533340573310852, 1.089516282081604, total: 1.6746493577957153
epoch 1720 loss: 0.031773827970027924, 0.5519644021987915, 1.0826021432876587, total: 1.6663403511047363
epoch 1730 loss: 0.031497690826654434, 0.5583285093307495, 1.078763484954834, total: 1.66858971118927
epoch 1740 loss: 0.031592465937137604, 0.5536800026893616, 1.074920654296875, total: 1.6601932048797607
epoch 1750 loss: 0.03184369578957558, 0.5533964037895203, 1.07148277759552, total: 1.656722903251648
epoch 1760 loss: 0.03136419132351875, 0.594817578792572, 1.0824613571166992, total: 1.7086431980133057
epoch 1770 loss: 0.03169644623994827, 0.5534334778785706, 1.080802083015442, total: 1.6659319400787354
epoch 1780 loss: 0.0316174291074276, 0.5507224798202515, 1.0737791061401367, total: 1.6561189889907837
epoch 1790 loss: 0.031724393367767334, 0.5467165112495422, 1.0677860975265503, total: 1.6462270021438599
epoch 1800 loss: 0.031290359795093536, 0.5861529111862183, 1.0770630836486816, total: 1.6945064067840576
epoch 1810 loss: 0.032015495002269745, 0.5618990659713745, 1.0853044986724854, total: 1.6792190074920654
epoch 1820 loss: 0.03173353523015976, 0.547616720199585, 1.076655626296997, total: 1.656005859375
epoch 1830 loss: 0.03175434097647667, 0.5431039333343506, 1.0676542520523071, total: 1.642512559890747
epoch 1840 loss: 0.03175509721040726, 0.5420392751693726, 1.0610077381134033, total: 1.6348021030426025
epoch 1850 loss: 0.031925879418849945, 0.5468500256538391, 1.0578906536102295, total: 1.6366665363311768
epoch 1860 loss: 0.0316065177321434, 0.5447598695755005, 1.0547739267349243, total: 1.6311402320861816
epoch 1870 loss: 0.03166265785694122, 0.5419602394104004, 1.0512287616729736, total: 1.6248517036437988
epoch 1880 loss: 0.031796932220458984, 0.5402495265007019, 1.0483847856521606, total: 1.6204311847686768
epoch 1890 loss: 0.03153452277183533, 0.5670103430747986, 1.0576592683792114, total: 1.656204104423523
epoch 1900 loss: 0.031654324382543564, 0.5470525622367859, 1.0609376430511475, total: 1.6396445035934448
epoch 1910 loss: 0.03183891996741295, 0.5396471619606018, 1.0546565055847168, total: 1.6261425018310547
epoch 1920 loss: 0.03198203071951866, 0.543224036693573, 1.0482977628707886, total: 1.6235038042068481
epoch 1930 loss: 0.031687863171100616, 0.5386359095573425, 1.0439366102218628, total: 1.6142604351043701
epoch 1940 loss: 0.031841572374105453, 0.5368556976318359, 1.040844202041626, total: 1.609541416168213
epoch 1950 loss: 0.03188059851527214, 0.5374756455421448, 1.0381675958633423, total: 1.6075239181518555
epoch 1960 loss: 0.03160517290234566, 0.5396368503570557, 1.0361249446868896, total: 1.6073670387268066
epoch 1970 loss: 0.031974781304597855, 0.5423176288604736, 1.0344336032867432, total: 1.6087260246276855
epoch 1980 loss: 0.031532660126686096, 0.5621381402015686, 1.0416195392608643, total: 1.6352903842926025
epoch 1990 loss: 0.03186619281768799, 0.5357811450958252, 1.0393668413162231, total: 1.6070141792297363
======== finish training =======
data saved in parameter_log/style_transfer.log
Sat Aug 14 00:46:02 2021       
+-----------------------------------------------------------------------------+
| NVIDIA-SMI 470.57.02    Driver Version: 470.57.02    CUDA Version: 11.4     |
|-------------------------------+----------------------+----------------------+
| GPU  Name        Persistence-M| Bus-Id        Disp.A | Volatile Uncorr. ECC |
| Fan  Temp  Perf  Pwr:Usage/Cap|         Memory-Usage | GPU-Util  Compute M. |
|                               |                      |               MIG M. |
|===============================+======================+======================|
|   0  NVIDIA TITAN Xp     On   | 00000000:1B:00.0 Off |                  N/A |
| 40%   65C    P0    82W / 250W |      1MiB / 12196MiB |     28%      Default |
|                               |                      |                  N/A |
+-------------------------------+----------------------+----------------------+
                                                                               
+-----------------------------------------------------------------------------+
| Processes:                                                                  |
|  GPU   GI   CI        PID   Type   Process name                  GPU Memory |
|        ID   ID                                                   Usage      |
|=============================================================================|
|  No running processes found                                                 |
+-----------------------------------------------------------------------------+
 00:46:02 up 65 days,  8:27,  2 users,  load average: 32.69, 31.84, 32.30
