/var/spool/slurm/d/job37808/slurm_script: line 7: [: missing `]'
This is a test
Today is Sat 14 Aug 08:02:17 BST 2021
This is cloud-vm-43-99.doc.ic.ac.uk
running python program
/vol/cuda/10.2.89-cudnn7.6.4.38/bin:/vol/bitbucket/sx119/conda/bin:/vol/bitbucket/sx119/conda/condabin:/homes/sx119/.local/bin:/usr/local/sbin:/usr/local/bin:/usr/sbin:/usr/bin:/sbin:/bin:/usr/games:/usr/local/games:/snap/bin
/vol/bitbucket/sx119/conda/lib/python3.9/site-packages/torch/nn/functional.py:718: UserWarning: Named tensors and all their associated APIs are an experimental feature and subject to change. Please do not use them for anything important until they are released as stable. (Triggered internally at  /pytorch/c10/core/TensorImpl.h:1156.)
  return torch.max_pool2d(input, kernel_size, stride, padding, dilation, ceil_mode)
epoch 0 loss: 0.0, 24.468082427978516, 0.023574087768793106, total: 24.491657257080078
epoch 10 loss: 1.5432535409927368, 8.262761116027832, 0.024680938571691513, total: 9.830696105957031
epoch 20 loss: 2.016383171081543, 4.719094753265381, 0.0256799403578043, total: 6.761157989501953
epoch 30 loss: 2.1195552349090576, 3.574286699295044, 0.026443852111697197, total: 5.720285892486572
epoch 40 loss: 2.101412057876587, 3.032013177871704, 0.027022624388337135, total: 5.16044807434082
epoch 50 loss: 2.066477060317993, 2.6978700160980225, 0.027491886168718338, total: 4.791839122772217
epoch 60 loss: 2.019059658050537, 2.45772123336792, 0.027918968349695206, total: 4.50469970703125
epoch 70 loss: 1.9740177392959595, 2.2571589946746826, 0.028337031602859497, total: 4.259513854980469
epoch 80 loss: 1.9357972145080566, 2.087800979614258, 0.02875622548162937, total: 4.052354335784912
epoch 90 loss: 1.9051920175552368, 1.9421988725662231, 0.029174840077757835, total: 3.87656569480896
epoch 100 loss: 1.8797725439071655, 1.8175108432769775, 0.02957906760275364, total: 3.7268624305725098
epoch 110 loss: 1.8562504053115845, 1.7141844034194946, 0.029965627938508987, total: 3.600400447845459
epoch 120 loss: 1.834393858909607, 1.6295764446258545, 0.030333643779158592, total: 3.4943039417266846
epoch 130 loss: 1.8125673532485962, 1.5590852499008179, 0.03067939542233944, total: 3.402332067489624
epoch 140 loss: 1.795319676399231, 1.4953581094741821, 0.031003689393401146, total: 3.321681499481201
epoch 150 loss: 1.7787551879882812, 1.4413509368896484, 0.03130677342414856, total: 3.251412868499756
epoch 160 loss: 1.7625808715820312, 1.3957399129867554, 0.03159106522798538, total: 3.1899120807647705
epoch 170 loss: 1.746857762336731, 1.3567440509796143, 0.03185891732573509, total: 3.13546085357666
epoch 180 loss: 1.733108639717102, 1.3219010829925537, 0.03211415931582451, total: 3.0871241092681885
epoch 190 loss: 1.72176194190979, 1.2888494729995728, 0.03235751390457153, total: 3.042968988418579
epoch 200 loss: 1.7096469402313232, 1.25931978225708, 0.0325891487300396, total: 3.001555919647217
epoch 210 loss: 1.7001920938491821, 1.230421543121338, 0.032814592123031616, total: 2.963428020477295
epoch 220 loss: 1.6903308629989624, 1.2043324708938599, 0.033036377280950546, total: 2.9276998043060303
epoch 230 loss: 1.6806803941726685, 1.180315375328064, 0.033254098147153854, total: 2.89424991607666
epoch 240 loss: 1.6726040840148926, 1.1573251485824585, 0.03346708416938782, total: 2.863396406173706
epoch 250 loss: 1.6644384860992432, 1.136394739151001, 0.033674973994493484, total: 2.834508180618286
epoch 260 loss: 1.6561994552612305, 1.1171718835830688, 0.03388109803199768, total: 2.8072524070739746
epoch 270 loss: 1.6490802764892578, 1.0983028411865234, 0.03408348187804222, total: 2.781466484069824
epoch 280 loss: 1.641295313835144, 1.0809766054153442, 0.03428477793931961, total: 2.756556749343872
epoch 290 loss: 1.634313702583313, 1.0636937618255615, 0.0344846136868, total: 2.732492208480835
epoch 300 loss: 1.6284103393554688, 1.04604971408844, 0.0346822626888752, total: 2.7091422080993652
epoch 310 loss: 1.623823642730713, 1.0281333923339844, 0.034876808524131775, total: 2.6868338584899902
epoch 320 loss: 1.618314266204834, 1.0121012926101685, 0.03507077693939209, total: 2.6654863357543945
epoch 330 loss: 1.6084471940994263, 1.0012626647949219, 0.03526457026600838, total: 2.6449742317199707
epoch 340 loss: 1.6048811674118042, 0.9844194054603577, 0.035456348210573196, total: 2.6247570514678955
epoch 350 loss: 1.5905102491378784, 0.9844986796379089, 0.03564385324716568, total: 2.6106526851654053
epoch 360 loss: 1.5909698009490967, 0.9614982008934021, 0.03582965210080147, total: 2.5882976055145264
epoch 370 loss: 1.5913139581680298, 0.9418624639511108, 0.036013513803482056, total: 2.56919002532959
epoch 380 loss: 1.5872822999954224, 0.9286713600158691, 0.03619445487856865, total: 2.5521481037139893
epoch 390 loss: 1.5766035318374634, 0.9225994944572449, 0.036371100693941116, total: 2.535573959350586
epoch 400 loss: 1.5750048160552979, 0.9082635045051575, 0.036544568836688995, total: 2.519812822341919
epoch 410 loss: 1.5691062211990356, 0.8990669250488281, 0.03671478480100632, total: 2.504887819290161
epoch 420 loss: 1.5644190311431885, 0.8893864154815674, 0.03688328340649605, total: 2.4906888008117676
epoch 430 loss: 1.563081979751587, 0.8772258162498474, 0.037050675600767136, total: 2.47735857963562
epoch 440 loss: 1.556334376335144, 0.8707504272460938, 0.037216074764728546, total: 2.464301109313965
epoch 450 loss: 1.561570167541504, 0.8553827404975891, 0.03737981244921684, total: 2.4543325901031494
epoch 460 loss: 1.5504969358444214, 0.8517613410949707, 0.03754035755991936, total: 2.4397988319396973
epoch 470 loss: 1.5446832180023193, 0.8460913300514221, 0.03769690915942192, total: 2.428471326828003
epoch 480 loss: 1.5459846258163452, 0.833269476890564, 0.03785264119505882, total: 2.4171066284179688
epoch 490 loss: 1.5372099876403809, 0.8312164545059204, 0.03800688683986664, total: 2.40643310546875
epoch 500 loss: 1.5423451662063599, 0.8164911270141602, 0.03816081956028938, total: 2.3969969749450684
epoch 510 loss: 1.5270253419876099, 0.8219524025917053, 0.03831071779131889, total: 2.3872885704040527
epoch 520 loss: 1.5359493494033813, 0.8019388318061829, 0.038460057228803635, total: 2.3763482570648193
epoch 530 loss: 1.5247633457183838, 0.8019918203353882, 0.038605570793151855, total: 2.365360736846924
epoch 540 loss: 1.5289965867996216, 0.7888513207435608, 0.03874831646680832, total: 2.3565962314605713
epoch 550 loss: 1.5152032375335693, 0.7943292260169983, 0.03888821601867676, total: 2.3484206199645996
epoch 560 loss: 1.5250838994979858, 0.7757242321968079, 0.03902653604745865, total: 2.339834690093994
epoch 570 loss: 1.510575532913208, 0.781449019908905, 0.03916126489639282, total: 2.331185817718506
epoch 580 loss: 1.5183600187301636, 0.7651398181915283, 0.03929318115115166, total: 2.3227930068969727
epoch 590 loss: 1.5053743124008179, 0.7712899446487427, 0.039422716945409775, total: 2.316087007522583
epoch 600 loss: 1.5150023698806763, 0.7541735768318176, 0.039548974484205246, total: 2.308724880218506
epoch 610 loss: 1.5005618333816528, 0.7619696259498596, 0.03967219218611717, total: 2.30220365524292
epoch 620 loss: 1.509137749671936, 0.7445646524429321, 0.03979295492172241, total: 2.2934954166412354
epoch 630 loss: 1.501480221748352, 0.7447841167449951, 0.03991010785102844, total: 2.2861745357513428
epoch 640 loss: 1.5020090341567993, 0.7376895546913147, 0.04002425819635391, total: 2.2797229290008545
epoch 650 loss: 1.4958962202072144, 0.7379910349845886, 0.04013599082827568, total: 2.2740232944488525
epoch 660 loss: 1.49413001537323, 0.7337141633033752, 0.04024549946188927, total: 2.268089771270752
epoch 670 loss: 1.500145435333252, 0.7229421734809875, 0.0403522253036499, total: 2.263439655303955
epoch 680 loss: 1.4876455068588257, 0.7304868102073669, 0.04045507684350014, total: 2.25858736038208
epoch 690 loss: 1.4971517324447632, 0.7152093052864075, 0.040555745363235474, total: 2.2529168128967285
epoch 700 loss: 1.4843580722808838, 0.7232314944267273, 0.040652092546224594, total: 2.248241662979126
epoch 710 loss: 1.494665265083313, 0.7077955603599548, 0.040746986865997314, total: 2.2432076930999756
epoch 720 loss: 1.4825254678726196, 0.7137923240661621, 0.040837232023477554, total: 2.237154960632324
epoch 730 loss: 1.4825615882873535, 0.7080166339874268, 0.04092622548341751, total: 2.231504440307617
epoch 740 loss: 1.4876508712768555, 0.6988528370857239, 0.041013848036527634, total: 2.227517604827881
epoch 750 loss: 1.4773690700531006, 0.7043197751045227, 0.041098106652498245, total: 2.2227869033813477
epoch 760 loss: 1.4846701622009277, 0.6930586099624634, 0.04118116572499275, total: 2.218909740447998
epoch 770 loss: 1.4727327823638916, 0.7006623148918152, 0.041260361671447754, total: 2.2146553993225098
epoch 780 loss: 1.4824488162994385, 0.6874280571937561, 0.0413392148911953, total: 2.2112159729003906
epoch 790 loss: 1.4696990251541138, 0.6951575875282288, 0.04141408950090408, total: 2.206270694732666
epoch 800 loss: 1.4775469303131104, 0.6829026937484741, 0.04148860648274422, total: 2.2019381523132324
epoch 810 loss: 1.4726877212524414, 0.682948648929596, 0.041560038924217224, total: 2.1971962451934814
epoch 820 loss: 1.4669160842895508, 0.6856573820114136, 0.0416288785636425, total: 2.194202423095703
epoch 830 loss: 1.4733610153198242, 0.6761369109153748, 0.04169642925262451, total: 2.191194534301758
epoch 840 loss: 1.462809681892395, 0.6833935379981995, 0.04176032543182373, total: 2.1879634857177734
epoch 850 loss: 1.4716894626617432, 0.6713902354240417, 0.041823867708444595, total: 2.184903621673584
epoch 860 loss: 1.4597840309143066, 0.680455207824707, 0.04188469424843788, total: 2.182123899459839
epoch 870 loss: 1.4686936140060425, 0.6677648425102234, 0.04194623976945877, total: 2.1784045696258545
epoch 880 loss: 1.4585448503494263, 0.6744163036346436, 0.04200469329953194, total: 2.1749658584594727
epoch 890 loss: 1.4631469249725342, 0.665713369846344, 0.042062610387802124, total: 2.1709227561950684
epoch 900 loss: 1.4618703126907349, 0.6641036868095398, 0.04211840778589249, total: 2.1680922508239746
epoch 910 loss: 1.453864574432373, 0.6704686880111694, 0.04217253625392914, total: 2.166505813598633
epoch 920 loss: 1.4637432098388672, 0.6582834720611572, 0.04222608357667923, total: 2.164252758026123
epoch 930 loss: 1.4517431259155273, 0.666901171207428, 0.04227681830525398, total: 2.160921096801758
epoch 940 loss: 1.459418773651123, 0.6560699939727783, 0.04232795163989067, total: 2.1578166484832764
epoch 950 loss: 1.4504525661468506, 0.6622254848480225, 0.04237692058086395, total: 2.155055046081543
epoch 960 loss: 1.4538180828094482, 0.6552847623825073, 0.042425304651260376, total: 2.1515281200408936
epoch 970 loss: 1.4548193216323853, 0.6520723700523376, 0.04247276112437248, total: 2.149364471435547
epoch 980 loss: 1.4472378492355347, 0.6575573682785034, 0.0425175316631794, total: 2.147312641143799
epoch 990 loss: 1.4538843631744385, 0.6484383940696716, 0.04256147891283035, total: 2.1448843479156494
epoch 1000 loss: 1.443074345588684, 0.6581267714500427, 0.04260360077023506, total: 2.1438045501708984
epoch 1010 loss: 1.4524155855178833, 0.6454228162765503, 0.04264554753899574, total: 2.140483856201172
epoch 1020 loss: 1.4470036029815674, 0.6469791531562805, 0.042685698717832565, total: 2.1366684436798096
epoch 1030 loss: 1.443764328956604, 0.6480538249015808, 0.04272371530532837, total: 2.1345417499542236
epoch 1040 loss: 1.4498013257980347, 0.6410470008850098, 0.04276184365153313, total: 2.133610248565674
epoch 1050 loss: 1.4381513595581055, 0.6507447957992554, 0.042797379195690155, total: 2.1316936016082764
epoch 1060 loss: 1.4480104446411133, 0.6389986276626587, 0.042833294719457626, total: 2.1298422813415527
epoch 1070 loss: 1.4358611106872559, 0.6495023965835571, 0.042867511510849, total: 2.1282308101654053
epoch 1080 loss: 1.4456901550292969, 0.6362459659576416, 0.042903512716293335, total: 2.1248395442962646
epoch 1090 loss: 1.4383705854415894, 0.6403575539588928, 0.04293664172291756, total: 2.1216647624969482
epoch 1100 loss: 1.43757164478302, 0.6388501524925232, 0.042969297617673874, total: 2.1193909645080566
epoch 1110 loss: 1.441139817237854, 0.6337484121322632, 0.043001480400562286, total: 2.117889642715454
epoch 1120 loss: 1.4323779344558716, 0.6419046521186829, 0.04303174465894699, total: 2.117314338684082
epoch 1130 loss: 1.4431456327438354, 0.6301109194755554, 0.04306313022971153, total: 2.1163196563720703
epoch 1140 loss: 1.4320337772369385, 0.6375336647033691, 0.0430920235812664, total: 2.112659454345703
epoch 1150 loss: 1.435613751411438, 0.6310297846794128, 0.04312003403902054, total: 2.1097636222839355
epoch 1160 loss: 1.4342035055160522, 0.6304704546928406, 0.0431472472846508, total: 2.107821226119995
epoch 1170 loss: 1.4305212497711182, 0.63282310962677, 0.04317397624254227, total: 2.106518507003784
epoch 1180 loss: 1.437912940979004, 0.625018298625946, 0.043200284242630005, total: 2.1061315536499023
epoch 1190 loss: 1.425749659538269, 0.6360108852386475, 0.04322415590286255, total: 2.1049845218658447
epoch 1200 loss: 1.437751054763794, 0.6226874589920044, 0.04325052723288536, total: 2.103689193725586
epoch 1210 loss: 1.4264681339263916, 0.6301784515380859, 0.043274104595184326, total: 2.0999207496643066
epoch 1220 loss: 1.4348145723342896, 0.6211795806884766, 0.04329864680767059, total: 2.099292755126953
epoch 1230 loss: 1.4290046691894531, 0.6234439611434937, 0.043322063982486725, total: 2.095770835876465
epoch 1240 loss: 1.4262831211090088, 0.6248850226402283, 0.04334437847137451, total: 2.094512462615967
epoch 1250 loss: 1.433230996131897, 0.6185973286628723, 0.043367575854063034, total: 2.095196008682251
epoch 1260 loss: 1.4216911792755127, 0.627810537815094, 0.043388716876506805, total: 2.0928902626037598
epoch 1270 loss: 1.4326812028884888, 0.6171546578407288, 0.04341116547584534, total: 2.093247175216675
epoch 1280 loss: 1.422155737876892, 0.6229028701782227, 0.04343147948384285, total: 2.0884902477264404
epoch 1290 loss: 1.419854998588562, 0.6245266795158386, 0.043451305478811264, total: 2.0878329277038574
epoch 1300 loss: 1.4292675256729126, 0.6145884394645691, 0.04347120597958565, total: 2.087327003479004
epoch 1310 loss: 1.4168603420257568, 0.6262584328651428, 0.04348867014050484, total: 2.0866074562072754
epoch 1320 loss: 1.4274230003356934, 0.6130439639091492, 0.04350735992193222, total: 2.0839743614196777
epoch 1330 loss: 1.4204769134521484, 0.6171768307685852, 0.04352366924285889, total: 2.081177234649658
epoch 1340 loss: 1.418534517288208, 0.6180252432823181, 0.043539859354496, total: 2.080099582672119
epoch 1350 loss: 1.423626184463501, 0.6124318838119507, 0.043556515127420425, total: 2.0796144008636475
epoch 1360 loss: 1.4128895998001099, 0.6234350800514221, 0.043572332710027695, total: 2.079897165298462
epoch 1370 loss: 1.4246011972427368, 0.610068142414093, 0.04358866438269615, total: 2.0782580375671387
epoch 1380 loss: 1.416975498199463, 0.6137981414794922, 0.04360402747988701, total: 2.0743777751922607
epoch 1390 loss: 1.4145729541778564, 0.6154651045799255, 0.043618094176054, total: 2.0736563205718994
epoch 1400 loss: 1.4229735136032104, 0.6081846952438354, 0.043632954359054565, total: 2.074791193008423
epoch 1410 loss: 1.4105615615844727, 0.6184304356575012, 0.04364531859755516, total: 2.0726373195648193
epoch 1420 loss: 1.4143787622451782, 0.6111542582511902, 0.04365977272391319, total: 2.06919264793396
epoch 1430 loss: 1.4171192646026611, 0.6078221797943115, 0.043672867119312286, total: 2.0686142444610596
epoch 1440 loss: 1.4083189964294434, 0.6162781715393066, 0.04368480667471886, total: 2.068281888961792
epoch 1450 loss: 1.4182010889053345, 0.6058253049850464, 0.04369832202792168, total: 2.0677247047424316
epoch 1460 loss: 1.4058984518051147, 0.6172189712524414, 0.043710049241781235, total: 2.0668275356292725
epoch 1470 loss: 1.4169268608093262, 0.6048160195350647, 0.043723758310079575, total: 2.0654666423797607
epoch 1480 loss: 1.4041543006896973, 0.6169207096099854, 0.04373594745993614, total: 2.0648109912872314
epoch 1490 loss: 1.4108723402023315, 0.6061426401138306, 0.0437493696808815, total: 2.0607643127441406
epoch 1500 loss: 1.4119902849197388, 0.6042407751083374, 0.04376284405589104, total: 2.0599939823150635
epoch 1510 loss: 1.4037885665893555, 0.6119186282157898, 0.04377486929297447, total: 2.0594820976257324
epoch 1520 loss: 1.4136009216308594, 0.6022968292236328, 0.0437888503074646, total: 2.0596866607666016
epoch 1530 loss: 1.4027522802352905, 0.6103957891464233, 0.04380035027861595, total: 2.05694842338562
epoch 1540 loss: 1.4075067043304443, 0.6033236384391785, 0.04381313547492027, total: 2.0546436309814453
epoch 1550 loss: 1.4039689302444458, 0.6057280898094177, 0.04382515698671341, total: 2.0535221099853516
epoch 1560 loss: 1.407213568687439, 0.6015351414680481, 0.043837737292051315, total: 2.052586555480957
epoch 1570 loss: 1.4105043411254883, 0.5989655256271362, 0.04385114461183548, total: 2.053321123123169
epoch 1580 loss: 1.399253010749817, 0.608539879322052, 0.04386255145072937, total: 2.0516555309295654
epoch 1590 loss: 1.4108837842941284, 0.5978860855102539, 0.04387562349438667, total: 2.052645683288574
epoch 1600 loss: 1.4005520343780518, 0.6038517951965332, 0.0438862107694149, total: 2.0482900142669678
epoch 1610 loss: 1.4001924991607666, 0.6027016639709473, 0.0438971221446991, total: 2.0467913150787354
epoch 1620 loss: 1.4049019813537598, 0.59724360704422, 0.043907176703214645, total: 2.0460526943206787
epoch 1630 loss: 1.3967219591140747, 0.6054544448852539, 0.04391653463244438, total: 2.0460927486419678
epoch 1640 loss: 1.4075751304626465, 0.5951599478721619, 0.04392737150192261, total: 2.0466625690460205
epoch 1650 loss: 1.3960881233215332, 0.603908896446228, 0.04393700510263443, total: 2.0439341068267822
epoch 1660 loss: 1.4013257026672363, 0.59615159034729, 0.04394688457250595, total: 2.04142427444458
epoch 1670 loss: 1.3986223936080933, 0.5976221561431885, 0.04395651817321777, total: 2.040201187133789
epoch 1680 loss: 1.3975857496261597, 0.5976896286010742, 0.04396618530154228, total: 2.0392415523529053
epoch 1690 loss: 1.4010307788848877, 0.5936121344566345, 0.043975647538900375, total: 2.038618564605713
epoch 1700 loss: 1.3942220211029053, 0.5999627113342285, 0.04398348927497864, total: 2.03816819190979
epoch 1710 loss: 1.4029191732406616, 0.5915135145187378, 0.04399200156331062, total: 2.0384247303009033
epoch 1720 loss: 1.3911700248718262, 0.6032062768936157, 0.04399831220507622, total: 2.038374662399292
epoch 1730 loss: 1.4013848304748535, 0.5906765460968018, 0.04400691017508507, total: 2.0360682010650635
epoch 1740 loss: 1.3909685611724854, 0.6002955436706543, 0.044013116508722305, total: 2.0352771282196045
epoch 1750 loss: 1.400549054145813, 0.5894685983657837, 0.04402177408337593, total: 2.0340394973754883
epoch 1760 loss: 1.3879485130310059, 0.6036394834518433, 0.044027179479599, total: 2.0356152057647705
epoch 1770 loss: 1.3975310325622559, 0.589554488658905, 0.044035401195287704, total: 2.031121015548706
epoch 1780 loss: 1.3956354856491089, 0.5901792645454407, 0.04404174163937569, total: 2.0298564434051514
epoch 1790 loss: 1.3915311098098755, 0.5934650301933289, 0.044047605246305466, total: 2.029043674468994
epoch 1800 loss: 1.3965914249420166, 0.5885343551635742, 0.04405457526445389, total: 2.0291802883148193
epoch 1810 loss: 1.3892513513565063, 0.5948665738105774, 0.04406067356467247, total: 2.0281786918640137
epoch 1820 loss: 1.3918300867080688, 0.5903368592262268, 0.04406644031405449, total: 2.026233434677124
epoch 1830 loss: 1.3882354497909546, 0.5942517518997192, 0.04407074674963951, total: 2.0265579223632812
epoch 1840 loss: 1.3854573965072632, 0.5973820686340332, 0.04407583549618721, total: 2.0269153118133545
epoch 1850 loss: 1.3955312967300415, 0.5864124298095703, 0.04408181831240654, total: 2.0260255336761475
epoch 1860 loss: 1.3821723461151123, 0.6013275384902954, 0.044085729867219925, total: 2.027585506439209
epoch 1870 loss: 1.3934990167617798, 0.5857849717140198, 0.044092703610658646, total: 2.023376703262329
epoch 1880 loss: 1.3919353485107422, 0.5859203338623047, 0.04409942775964737, total: 2.0219550132751465
epoch 1890 loss: 1.382987141609192, 0.5957584381103516, 0.04410519078373909, total: 2.022850751876831
epoch 1900 loss: 1.3937511444091797, 0.5839248895645142, 0.04411282762885094, total: 2.0217888355255127
epoch 1910 loss: 1.3808987140655518, 0.597580075263977, 0.04411697015166283, total: 2.0225956439971924
epoch 1920 loss: 1.3887683153152466, 0.5850622057914734, 0.04412459582090378, total: 2.0179550647735596
epoch 1930 loss: 1.3880254030227661, 0.5848318338394165, 0.044129617512226105, total: 2.016986846923828
epoch 1940 loss: 1.3826714754104614, 0.589801013469696, 0.04413329437375069, total: 2.0166056156158447
epoch 1950 loss: 1.3910222053527832, 0.5829203724861145, 0.04413963854312897, total: 2.0180821418762207
epoch 1960 loss: 1.3811702728271484, 0.5907701253890991, 0.044142868369817734, total: 2.016083240509033
epoch 1970 loss: 1.3838673830032349, 0.585545003414154, 0.044147789478302, total: 2.0135600566864014
epoch 1980 loss: 1.3858261108398438, 0.5831345915794373, 0.044152725487947464, total: 2.013113498687744
epoch 1990 loss: 1.3772225379943848, 0.5938072204589844, 0.04415648803114891, total: 2.015186309814453
epoch 2000 loss: 1.3886319398880005, 0.5806036591529846, 0.04416120797395706, total: 2.013396978378296
epoch 2010 loss: 1.3803956508636475, 0.5866166949272156, 0.04416419193148613, total: 2.011176586151123
epoch 2020 loss: 1.3860045671463013, 0.5805283188819885, 0.044169265776872635, total: 2.010702133178711
epoch 2030 loss: 1.386403203010559, 0.5797710418701172, 0.044173356145620346, total: 2.010347604751587
epoch 2040 loss: 1.376946210861206, 0.5896746516227722, 0.0441761277616024, total: 2.0107970237731934
epoch 2050 loss: 1.3890117406845093, 0.5783507823944092, 0.04418059065937996, total: 2.011543035507202
epoch 2060 loss: 1.378080129623413, 0.5857768654823303, 0.04418297857046127, total: 2.008039951324463
epoch 2070 loss: 1.382516622543335, 0.5800378918647766, 0.0441860556602478, total: 2.0067405700683594
epoch 2080 loss: 1.3824681043624878, 0.579469621181488, 0.0441894605755806, total: 2.006127119064331
epoch 2090 loss: 1.3772445917129517, 0.5842888355255127, 0.04419207200407982, total: 2.005725383758545
epoch 2100 loss: 1.3837037086486816, 0.5776176452636719, 0.04419549182057381, total: 2.005516767501831
epoch 2110 loss: 1.3754295110702515, 0.585094153881073, 0.044197265058755875, total: 2.00472092628479
epoch 2120 loss: 1.3844480514526367, 0.576583206653595, 0.04419989511370659, total: 2.0052311420440674
epoch 2130 loss: 1.3721660375595093, 0.589706301689148, 0.04420054703950882, total: 2.006072998046875
epoch 2140 loss: 1.3828253746032715, 0.5763386487960815, 0.04420378804206848, total: 2.0033679008483887
epoch 2150 loss: 1.3772382736206055, 0.5796104669570923, 0.04420531168580055, total: 2.001054048538208
epoch 2160 loss: 1.3785730600357056, 0.5775694847106934, 0.0442073829472065, total: 2.000349998474121
epoch 2170 loss: 1.3811038732528687, 0.5753747224807739, 0.044209085404872894, total: 2.000687599182129
epoch 2180 loss: 1.3722658157348633, 0.5847405195236206, 0.044209979474544525, total: 2.001216411590576
epoch 2190 loss: 1.382932186126709, 0.5744855999946594, 0.04421110078692436, total: 2.001628875732422
epoch 2200 loss: 1.3705796003341675, 0.5861503481864929, 0.04421154409646988, total: 2.000941514968872
epoch 2210 loss: 1.3804669380187988, 0.5743424892425537, 0.04421473667025566, total: 1.9990241527557373
epoch 2220 loss: 1.373386025428772, 0.5796784162521362, 0.04421529918909073, total: 1.9972797632217407
epoch 2230 loss: 1.378270149230957, 0.5739847421646118, 0.04421749338507652, total: 1.9964723587036133
epoch 2240 loss: 1.3773988485336304, 0.5740160346031189, 0.04421783983707428, total: 1.9956326484680176
epoch 2250 loss: 1.3702884912490845, 0.5824889540672302, 0.04421807453036308, total: 1.996995449066162
epoch 2260 loss: 1.3815945386886597, 0.5724234580993652, 0.044220294803380966, total: 1.9982383251190186
epoch 2270 loss: 1.3719111680984497, 0.5776148438453674, 0.04422099143266678, total: 1.9937471151351929
epoch 2280 loss: 1.3702034950256348, 0.579244077205658, 0.04422134906053543, total: 1.993669033050537
epoch 2290 loss: 1.3776326179504395, 0.571794867515564, 0.04422267526388168, total: 1.993650197982788
epoch 2300 loss: 1.3666898012161255, 0.5839682221412659, 0.044224053621292114, total: 1.9948821067810059
epoch 2310 loss: 1.3731694221496582, 0.5735442042350769, 0.044226791709661484, total: 1.9909404516220093
epoch 2320 loss: 1.3732115030288696, 0.572830319404602, 0.04422837868332863, total: 1.9902702569961548
epoch 2330 loss: 1.3691397905349731, 0.5767199993133545, 0.044229354709386826, total: 1.9900891780853271
epoch 2340 loss: 1.377180576324463, 0.5702883005142212, 0.044231414794921875, total: 1.991700291633606
epoch 2350 loss: 1.365477204322815, 0.581933319568634, 0.04423199221491814, total: 1.9916425943374634
epoch 2360 loss: 1.3735476732254028, 0.5703119039535522, 0.04423341155052185, total: 1.9880930185317993
epoch 2370 loss: 1.369458794593811, 0.5735858678817749, 0.04423406347632408, total: 1.987278699874878
epoch 2380 loss: 1.3683267831802368, 0.5745447874069214, 0.044234879314899445, total: 1.987106442451477
epoch 2390 loss: 1.3736581802368164, 0.5691379904747009, 0.04423591122031212, total: 1.987032175064087
epoch 2400 loss: 1.365405559539795, 0.5782345533370972, 0.04423588141798973, total: 1.9878759384155273
epoch 2410 loss: 1.3768008947372437, 0.5679251551628113, 0.04423825070261955, total: 1.9889642000198364
epoch 2420 loss: 1.3664624691009521, 0.5743224024772644, 0.04423845559358597, total: 1.9850233793258667
epoch 2430 loss: 1.369147539138794, 0.5703793168067932, 0.044239189475774765, total: 1.983765959739685
epoch 2440 loss: 1.369523286819458, 0.569497287273407, 0.04423856735229492, total: 1.9832592010498047
epoch 2450 loss: 1.3645950555801392, 0.5752761960029602, 0.04423758015036583, total: 1.9841089248657227
epoch 2460 loss: 1.3743585348129272, 0.5666362643241882, 0.04423811659216881, total: 1.9852328300476074
epoch 2470 loss: 1.3626564741134644, 0.577542781829834, 0.04423726722598076, total: 1.9844365119934082
epoch 2480 loss: 1.3705333471298218, 0.5669702887535095, 0.04423866420984268, total: 1.981742262840271
epoch 2490 loss: 1.3701140880584717, 0.5667232871055603, 0.04423835873603821, total: 1.9810757637023926
epoch 2500 loss: 1.3629231452941895, 0.5746965408325195, 0.04423726722598076, total: 1.9818569421768188
epoch 2510 loss: 1.3721033334732056, 0.5660896301269531, 0.04423752427101135, total: 1.9824304580688477
epoch 2520 loss: 1.3622260093688965, 0.5743898749351501, 0.044236790388822556, total: 1.980852723121643
epoch 2530 loss: 1.3736250400543213, 0.5651702880859375, 0.04423762112855911, total: 1.9830329418182373
epoch 2540 loss: 1.3614357709884644, 0.5746020078659058, 0.044237662106752396, total: 1.9802753925323486
epoch 2550 loss: 1.3667899370193481, 0.5664105415344238, 0.044239114969968796, total: 1.9774396419525146
epoch 2560 loss: 1.3672236204147339, 0.5655156970024109, 0.0442386232316494, total: 1.976977825164795
epoch 2570 loss: 1.3627903461456299, 0.5702829957008362, 0.044237297028303146, total: 1.9773105382919312
epoch 2580 loss: 1.3697971105575562, 0.5636024475097656, 0.04423883557319641, total: 1.9776383638381958
epoch 2590 loss: 1.363174319267273, 0.5683134198188782, 0.044237565249204636, total: 1.9757254123687744
epoch 2600 loss: 1.377305030822754, 0.5650545358657837, 0.044238295406103134, total: 1.9865978956222534
epoch 2610 loss: 1.3714704513549805, 0.5634524822235107, 0.04424026608467102, total: 1.9791631698608398
epoch 2620 loss: 1.3676998615264893, 0.5627659559249878, 0.04424290359020233, total: 1.9747086763381958
epoch 2630 loss: 1.3599854707717896, 0.5709409713745117, 0.04424251243472099, total: 1.9751689434051514
epoch 2640 loss: 1.3669074773788452, 0.5627326369285583, 0.044241566210985184, total: 1.9738816022872925
epoch 2650 loss: 1.3570765256881714, 0.5779862999916077, 0.044240791350603104, total: 1.9793037176132202
epoch 2660 loss: 1.3589870929718018, 0.5718650221824646, 0.044243644922971725, total: 1.9750958681106567
epoch 2670 loss: 1.363440990447998, 0.5639745593070984, 0.044242024421691895, total: 1.971657633781433
epoch 2680 loss: 1.3632450103759766, 0.5635235905647278, 0.044239118695259094, total: 1.9710077047348022
epoch 2690 loss: 1.3658193349838257, 0.5618776679039001, 0.04423610493540764, total: 1.9719330072402954
epoch 2700 loss: 1.3678592443466187, 0.5605361461639404, 0.04423530027270317, total: 1.9726307392120361
epoch 2710 loss: 1.3607730865478516, 0.5649173259735107, 0.0442325621843338, total: 1.9699230194091797
epoch 2720 loss: 1.3666784763336182, 0.5601380467414856, 0.044229645282030106, total: 1.9710460901260376
epoch 2730 loss: 1.3598377704620361, 0.5648502707481384, 0.044227201491594315, total: 1.968915343284607
epoch 2740 loss: 1.363470435142517, 0.5607194900512695, 0.04422389343380928, total: 1.9684138298034668
epoch 2750 loss: 1.355795979499817, 0.572168231010437, 0.044219911098480225, total: 1.972184181213379
epoch 2760 loss: 1.3582974672317505, 0.5663399696350098, 0.0442194826900959, total: 1.968856930732727
epoch 2770 loss: 1.3662378787994385, 0.5592914819717407, 0.04421902820467949, total: 1.9697483777999878
epoch 2780 loss: 1.3565735816955566, 0.5680947303771973, 0.044217608869075775, total: 1.968885898590088
epoch 2790 loss: 1.3654861450195312, 0.5590295791625977, 0.044215887784957886, total: 1.9687316417694092
epoch 2800 loss: 1.353580117225647, 0.5736204981803894, 0.044213902205228806, total: 1.9714144468307495
epoch 2810 loss: 1.3593010902404785, 0.5621253848075867, 0.04421519860625267, total: 1.965641736984253
epoch 2820 loss: 1.362281084060669, 0.5597168803215027, 0.044214941561222076, total: 1.9662129878997803
epoch 2830 loss: 1.3545786142349243, 0.5681526064872742, 0.04421268403530121, total: 1.9669438600540161
epoch 2840 loss: 1.3646595478057861, 0.5582242012023926, 0.04421196132898331, total: 1.9670957326889038
epoch 2850 loss: 1.354540228843689, 0.5675439834594727, 0.04420990124344826, total: 1.9662941694259644
epoch 2860 loss: 1.3643401861190796, 0.5578495860099792, 0.04420756921172142, total: 1.9663972854614258
epoch 2870 loss: 1.3568614721298218, 0.5622611045837402, 0.04420521482825279, total: 1.9633277654647827
epoch 2880 loss: 1.3588820695877075, 0.5595508217811584, 0.04420370236039162, total: 1.9626367092132568
epoch 2890 loss: 1.3601657152175903, 0.5581091046333313, 0.04420379921793938, total: 1.9624786376953125
epoch 2900 loss: 1.3551803827285767, 0.5634685158729553, 0.04420163854956627, total: 1.962850570678711
epoch 2910 loss: 1.363315224647522, 0.5568212270736694, 0.04420093446969986, total: 1.9643373489379883
epoch 2920 loss: 1.3526973724365234, 0.5666185617446899, 0.04419812187552452, total: 1.9635140895843506
epoch 2930 loss: 1.3626874685287476, 0.5567554831504822, 0.04419713839888573, total: 1.9636399745941162
epoch 2940 loss: 1.3514962196350098, 0.5672528147697449, 0.04419521242380142, total: 1.9629442691802979
epoch 2950 loss: 1.3643743991851807, 0.5565474629402161, 0.04419577866792679, total: 1.9651175737380981
epoch 2960 loss: 1.3524278402328491, 0.5650562047958374, 0.0441947802901268, total: 1.9616788625717163
epoch 2970 loss: 1.3533564805984497, 0.5623903870582581, 0.04419473558664322, total: 1.9599416255950928
epoch 2980 loss: 1.360069990158081, 0.5560919046401978, 0.04419466480612755, total: 1.960356593132019
epoch 2990 loss: 1.3511284589767456, 0.5653344988822937, 0.04419158026576042, total: 1.9606544971466064
epoch 3000 loss: 1.3612840175628662, 0.5549572110176086, 0.044189732521772385, total: 1.9604308605194092
epoch 3010 loss: 1.3507212400436401, 0.565377950668335, 0.044185638427734375, total: 1.9602848291397095
epoch 3020 loss: 1.3607207536697388, 0.5557312369346619, 0.044184502214193344, total: 1.9606363773345947
epoch 3030 loss: 1.3492131233215332, 0.5660879611968994, 0.04418233036994934, total: 1.9594833850860596
epoch 3040 loss: 1.3608330488204956, 0.5562220811843872, 0.04418172687292099, total: 1.961236834526062
epoch 3050 loss: 1.3496259450912476, 0.5644555687904358, 0.04418076202273369, total: 1.958262324333191
epoch 3060 loss: 1.3531460762023926, 0.5582074522972107, 0.04418083652853966, total: 1.9555344581604004
epoch 3070 loss: 1.3557604551315308, 0.5556036829948425, 0.04417914152145386, total: 1.9555432796478271
epoch 3080 loss: 1.350522518157959, 0.5611279010772705, 0.044175513088703156, total: 1.955825924873352
epoch 3090 loss: 1.3574936389923096, 0.5546611547470093, 0.04417433962225914, total: 1.956329107284546
epoch 3100 loss: 1.3489353656768799, 0.562903881072998, 0.0441705584526062, total: 1.956009864807129
epoch 3110 loss: 1.357319712638855, 0.5539960265159607, 0.04416777566075325, total: 1.9554834365844727
epoch 3120 loss: 1.3473823070526123, 0.5649017691612244, 0.044164445251226425, total: 1.9564485549926758
epoch 3130 loss: 1.3578583002090454, 0.5550855994224548, 0.044164031744003296, total: 1.9571079015731812
epoch 3140 loss: 1.347755789756775, 0.5627415180206299, 0.044160254299640656, total: 1.9546575546264648
epoch 3150 loss: 1.3585821390151978, 0.554074227809906, 0.044159915298223495, total: 1.9568161964416504
epoch 3160 loss: 1.3479440212249756, 0.5617949366569519, 0.044157423079013824, total: 1.953896403312683
epoch 3170 loss: 1.3593230247497559, 0.5541462302207947, 0.044156353920698166, total: 1.9576256275177002
epoch 3180 loss: 1.3492274284362793, 0.5587007999420166, 0.04415443167090416, total: 1.952082633972168
epoch 3190 loss: 1.3520780801773071, 0.5545644760131836, 0.04415334388613701, total: 1.9507958889007568
epoch 3200 loss: 1.3510847091674805, 0.5550971031188965, 0.044150855392217636, total: 1.9503326416015625
epoch 3210 loss: 1.3577334880828857, 0.5523495078086853, 0.04414919763803482, total: 1.9542322158813477
epoch 3220 loss: 1.3561207056045532, 0.5537478923797607, 0.04415110871195793, total: 1.9540196657180786
epoch 3230 loss: 1.3502116203308105, 0.5553988218307495, 0.044151414185762405, total: 1.9497618675231934
epoch 3240 loss: 1.3556621074676514, 0.5512805581092834, 0.04414909705519676, total: 1.9510916471481323
epoch 3250 loss: 1.3508260250091553, 0.5534535646438599, 0.0441473089158535, total: 1.9484268426895142
epoch 3260 loss: 1.3472906351089478, 0.5568864941596985, 0.044144369661808014, total: 1.9483215808868408
epoch 3270 loss: 1.3503844738006592, 0.5531649589538574, 0.04414202645421028, total: 1.9476914405822754
epoch 3280 loss: 1.3471622467041016, 0.5562775135040283, 0.04413847252726555, total: 1.9475781917572021
epoch 3290 loss: 1.3513567447662354, 0.5523697137832642, 0.04413599893450737, total: 1.9478625059127808
epoch 3300 loss: 1.3445355892181396, 0.5599216818809509, 0.04413200169801712, total: 1.9485893249511719
epoch 3310 loss: 1.3545509576797485, 0.5504872798919678, 0.04413030296564102, total: 1.9491685628890991
epoch 3320 loss: 1.3429821729660034, 0.5625472664833069, 0.044126253575086594, total: 1.9496557712554932
epoch 3330 loss: 1.3525978326797485, 0.5504891872406006, 0.04412418231368065, total: 1.9472111463546753
epoch 3340 loss: 1.341295599937439, 0.5655151009559631, 0.04411987587809563, total: 1.9509305953979492
epoch 3350 loss: 1.3451226949691772, 0.5568008422851562, 0.044120270758867264, total: 1.946043848991394
epoch 3360 loss: 1.3520565032958984, 0.5502158403396606, 0.04411933198571205, total: 1.9463917016983032
epoch 3370 loss: 1.342976689338684, 0.5592290759086609, 0.044116269797086716, total: 1.946321964263916
epoch 3380 loss: 1.3529562950134277, 0.550059974193573, 0.0441138930618763, total: 1.9471302032470703
epoch 3390 loss: 1.3420958518981934, 0.5618195533752441, 0.04411294311285019, total: 1.948028326034546
epoch 3400 loss: 1.3463138341903687, 0.5528067350387573, 0.04411373659968376, total: 1.9432343244552612
epoch 3410 loss: 1.3455694913864136, 0.5531224012374878, 0.044110819697380066, total: 1.9428026676177979
epoch 3420 loss: 1.3515710830688477, 0.5496571063995361, 0.04410881921648979, total: 1.9453370571136475
epoch 3430 loss: 1.3525965213775635, 0.5495185256004333, 0.044107723981142044, total: 1.9462227821350098
epoch 3440 loss: 1.3462536334991455, 0.5516602993011475, 0.04410567879676819, total: 1.9420195817947388
epoch 3450 loss: 1.345207691192627, 0.5520530939102173, 0.04410253092646599, total: 1.9413633346557617
epoch 3460 loss: 1.3404731750488281, 0.5595824718475342, 0.04409914091229439, total: 1.9441547393798828
epoch 3470 loss: 1.3414907455444336, 0.5566101670265198, 0.04409920424222946, total: 1.9422000646591187
epoch 3480 loss: 1.3503801822662354, 0.5479883551597595, 0.044098615646362305, total: 1.942467212677002
epoch 3490 loss: 1.3416882753372192, 0.5555495619773865, 0.044093191623687744, total: 1.941330909729004
epoch 3500 loss: 1.3492306470870972, 0.5487659573554993, 0.044091831892728806, total: 1.9420884847640991
epoch 3510 loss: 1.3392032384872437, 0.5590006709098816, 0.04409037157893181, total: 1.9422942399978638
epoch 3520 loss: 1.349029779434204, 0.5483875870704651, 0.0440903902053833, total: 1.9415076971054077
epoch 3530 loss: 1.3391155004501343, 0.5590108633041382, 0.04408795386552811, total: 1.9422143697738647
epoch 3540 loss: 1.3487285375595093, 0.5492337942123413, 0.044088561087846756, total: 1.9420509338378906
epoch 3550 loss: 1.3387490510940552, 0.5584563612937927, 0.04408659413456917, total: 1.9412919282913208
epoch 3560 loss: 1.3475770950317383, 0.5490102171897888, 0.04408476501703262, total: 1.9406721591949463
epoch 3570 loss: 1.3365963697433472, 0.5611143708229065, 0.044081058353185654, total: 1.9417918920516968
epoch 3580 loss: 1.3468034267425537, 0.5493677854537964, 0.04408183693885803, total: 1.9402530193328857
epoch 3590 loss: 1.3418211936950684, 0.5512157678604126, 0.04408043250441551, total: 1.937117338180542
epoch 3600 loss: 1.3434250354766846, 0.5492902994155884, 0.04407873377203941, total: 1.9367940425872803
epoch 3610 loss: 1.3400143384933472, 0.5525389909744263, 0.044075582176446915, total: 1.9366289377212524
epoch 3620 loss: 1.3450539112091064, 0.5474110841751099, 0.044072821736335754, total: 1.9365378618240356
epoch 3630 loss: 1.342056393623352, 0.5494440793991089, 0.04406924918293953, total: 1.9355697631835938
epoch 3640 loss: 1.3376140594482422, 0.5552015900611877, 0.044065821915864944, total: 1.936881422996521
epoch 3650 loss: 1.3457924127578735, 0.5476335883140564, 0.04406338930130005, total: 1.9374892711639404
epoch 3660 loss: 1.3364742994308472, 0.55740886926651, 0.04405905306339264, total: 1.9379422664642334
epoch 3670 loss: 1.3454500436782837, 0.5485361814498901, 0.044057052582502365, total: 1.938043236732483
epoch 3680 loss: 1.3350720405578613, 0.5588385462760925, 0.04405274614691734, total: 1.9379633665084839
epoch 3690 loss: 1.3446680307388306, 0.5482962727546692, 0.044051121920347214, total: 1.9370155334472656
epoch 3700 loss: 1.332966923713684, 0.5619946718215942, 0.044048506766557693, total: 1.9390101432800293
epoch 3710 loss: 1.3443105220794678, 0.5484914183616638, 0.04404823109507561, total: 1.9368501901626587
epoch 3720 loss: 1.338437795639038, 0.5512369871139526, 0.04404623433947563, total: 1.9337210655212402
epoch 3730 loss: 1.3484071493148804, 0.5485109090805054, 0.04404493048787117, total: 1.9409630298614502
epoch 3740 loss: 1.338089942932129, 0.5502863526344299, 0.04404246434569359, total: 1.932418704032898
epoch 3750 loss: 1.337994933128357, 0.5498093366622925, 0.044040389358997345, total: 1.931844711303711
epoch 3760 loss: 1.336802363395691, 0.5509365200996399, 0.04403587058186531, total: 1.9317748546600342
epoch 3770 loss: 1.3365217447280884, 0.5509389638900757, 0.04403354600071907, total: 1.9314942359924316
epoch 3780 loss: 1.3414509296417236, 0.5466683506965637, 0.04403027519583702, total: 1.9321495294570923
epoch 3790 loss: 1.3330153226852417, 0.5561325550079346, 0.044026508927345276, total: 1.9331743717193604
epoch 3800 loss: 1.3438217639923096, 0.5463958978652954, 0.04402367025613785, total: 1.9342412948608398
epoch 3810 loss: 1.3348654508590698, 0.5527456402778625, 0.044019512832164764, total: 1.9316306114196777
epoch 3820 loss: 1.3428318500518799, 0.5470439791679382, 0.044016364961862564, total: 1.9338922500610352
epoch 3830 loss: 1.3356397151947021, 0.550631582736969, 0.04401174560189247, total: 1.9302829504013062
epoch 3840 loss: 1.3385313749313354, 0.5468501448631287, 0.044009074568748474, total: 1.929390549659729
epoch 3850 loss: 1.328141212463379, 0.5661689043045044, 0.04400312528014183, total: 1.9383132457733154
epoch 3860 loss: 1.3359423875808716, 0.5494611263275146, 0.04400322958827019, total: 1.929406762123108
epoch 3870 loss: 1.3418560028076172, 0.5447667241096497, 0.04400407895445824, total: 1.9306267499923706
epoch 3880 loss: 1.3324428796768188, 0.5529824495315552, 0.04399871453642845, total: 1.9294240474700928
epoch 3890 loss: 1.3396350145339966, 0.5451433658599854, 0.04399535804986954, total: 1.9287737607955933
epoch 3900 loss: 1.3344169855117798, 0.549631655216217, 0.043990712612867355, total: 1.9280394315719604
epoch 3910 loss: 1.3395323753356934, 0.5443543791770935, 0.04398785158991814, total: 1.9278746843338013
epoch 3920 loss: 1.3331156969070435, 0.5517004132270813, 0.04398438334465027, total: 1.9288005828857422
epoch 3930 loss: 1.3406767845153809, 0.5432838797569275, 0.04398193955421448, total: 1.9279426336288452
epoch 3940 loss: 1.3335739374160767, 0.5501688122749329, 0.043979763984680176, total: 1.9277225732803345
epoch 3950 loss: 1.3402398824691772, 0.5440574884414673, 0.04397844895720482, total: 1.9282758235931396
epoch 3960 loss: 1.333749771118164, 0.5491645336151123, 0.04397435113787651, total: 1.9268887042999268
epoch 3970 loss: 1.3382841348648071, 0.5443344712257385, 0.04397289454936981, total: 1.9265915155410767
epoch 3980 loss: 1.3317557573318481, 0.5518160462379456, 0.043969884514808655, total: 1.927541732788086
epoch 3990 loss: 1.3381344079971313, 0.5438934564590454, 0.04396871477365494, total: 1.9259965419769287
epoch 4000 loss: 1.3302873373031616, 0.5519760251045227, 0.04396459087729454, total: 1.9262280464172363
epoch 4010 loss: 1.340122103691101, 0.5425800681114197, 0.04396289214491844, total: 1.92666494846344
epoch 4020 loss: 1.3300395011901855, 0.55178302526474, 0.0439591147005558, total: 1.9257817268371582
epoch 4030 loss: 1.3419795036315918, 0.5437282919883728, 0.043960269540548325, total: 1.9296680688858032
epoch 4040 loss: 1.3338735103607178, 0.5466139316558838, 0.04396165534853935, total: 1.92444908618927
epoch 4050 loss: 1.3325272798538208, 0.5473107695579529, 0.04395925998687744, total: 1.9237972497940063
epoch 4060 loss: 1.330796480178833, 0.5492063164710999, 0.04395684227347374, total: 1.9239596128463745
epoch 4070 loss: 1.3428443670272827, 0.5465405583381653, 0.04395531490445137, total: 1.933340311050415
epoch 4080 loss: 1.3344199657440186, 0.5452708601951599, 0.043959490954875946, total: 1.9236503839492798
epoch 4090 loss: 1.3303334712982178, 0.5496118664741516, 0.04396319016814232, total: 1.9239084720611572
epoch 4100 loss: 1.3364696502685547, 0.5424906015396118, 0.04395967349410057, total: 1.9229198694229126
epoch 4110 loss: 1.330645203590393, 0.5468524098396301, 0.04395432397723198, total: 1.9214520454406738
epoch 4120 loss: 1.3477791547775269, 0.5581796169281006, 0.04397561773657799, total: 1.9499343633651733
epoch 4130 loss: 1.339551568031311, 0.544870913028717, 0.04401496797800064, total: 1.9284374713897705
epoch 4140 loss: 1.332193374633789, 0.5473991632461548, 0.0440315343439579, total: 1.923624038696289
epoch 4150 loss: 1.3336660861968994, 0.5436831712722778, 0.04402809962630272, total: 1.9213773012161255
epoch 4160 loss: 1.3305803537368774, 0.5456389784812927, 0.04401847720146179, total: 1.9202377796173096
epoch 4170 loss: 1.3264681100845337, 0.5523412227630615, 0.044008512049913406, total: 1.9228178262710571
epoch 4180 loss: 1.3352705240249634, 0.5408110022544861, 0.04400281235575676, total: 1.9200842380523682
epoch 4190 loss: 1.3288443088531494, 0.5467185974121094, 0.04399656876921654, total: 1.9195594787597656
epoch 4200 loss: 1.3357460498809814, 0.5406675934791565, 0.04399006441235542, total: 1.9204035997390747
epoch 4210 loss: 1.3267168998718262, 0.5495046973228455, 0.043981969356536865, total: 1.920203685760498
epoch 4220 loss: 1.3358005285263062, 0.5400574207305908, 0.043978095054626465, total: 1.9198360443115234
epoch 4230 loss: 1.3262652158737183, 0.5492546558380127, 0.04397242143750191, total: 1.919492244720459
epoch 4240 loss: 1.335328221321106, 0.540226399898529, 0.04396960139274597, total: 1.9195241928100586
epoch 4250 loss: 1.3247969150543213, 0.5511050224304199, 0.04396497830748558, total: 1.919866919517517
epoch 4260 loss: 1.3351576328277588, 0.5399518013000488, 0.043962448835372925, total: 1.919071912765503
epoch 4270 loss: 1.326209306716919, 0.5487223863601685, 0.04395756870508194, total: 1.9188892841339111
epoch 4280 loss: 1.334997296333313, 0.5397549271583557, 0.04395414888858795, total: 1.9187064170837402
epoch 4290 loss: 1.3237046003341675, 0.5509573817253113, 0.04394785687327385, total: 1.9186097383499146
epoch 4300 loss: 1.3339488506317139, 0.5401001572608948, 0.04394613578915596, total: 1.9179950952529907
epoch 4310 loss: 1.3254297971725464, 0.5478325486183167, 0.043942224234342575, total: 1.9172046184539795
epoch 4320 loss: 1.3334904909133911, 0.5390056371688843, 0.04393966868519783, total: 1.9164358377456665
epoch 4330 loss: 1.3257793188095093, 0.5470293760299683, 0.043934937566518784, total: 1.9167436361312866
epoch 4340 loss: 1.332528829574585, 0.5395810008049011, 0.04393221065402031, total: 1.9160420894622803
epoch 4350 loss: 1.3251402378082275, 0.5467991232872009, 0.043929558247327805, total: 1.9158689975738525
epoch 4360 loss: 1.3317276239395142, 0.5396347045898438, 0.043926455080509186, total: 1.9152888059616089
epoch 4370 loss: 1.3252253532409668, 0.5470101237297058, 0.04392470046877861, total: 1.916160225868225
epoch 4380 loss: 1.3343067169189453, 0.5377019643783569, 0.04392443224787712, total: 1.9159331321716309
epoch 4390 loss: 1.3264611959457397, 0.544228732585907, 0.043920766562223434, total: 1.9146106243133545
epoch 4400 loss: 1.3331602811813354, 0.5379794836044312, 0.04391828551888466, total: 1.9150580167770386
epoch 4410 loss: 1.3242740631103516, 0.5469305515289307, 0.04391656070947647, total: 1.9151211977005005
epoch 4420 loss: 1.3319884538650513, 0.5385222434997559, 0.0439157597720623, total: 1.9144264459609985
epoch 4430 loss: 1.323917269706726, 0.5455219745635986, 0.0439094603061676, total: 1.91334867477417
epoch 4440 loss: 1.3336875438690186, 0.5379608869552612, 0.043908677995204926, total: 1.9155571460723877
epoch 4450 loss: 1.325339674949646, 0.5437579154968262, 0.04390482231974602, total: 1.913002371788025
epoch 4460 loss: 1.3294870853424072, 0.5385605096817017, 0.043902259320020676, total: 1.911949872970581
epoch 4470 loss: 1.3230618238449097, 0.5462431907653809, 0.04389643669128418, total: 1.9132014513015747
epoch 4480 loss: 1.327462911605835, 0.5400941967964172, 0.04389241337776184, total: 1.9114494323730469
epoch 4490 loss: 1.3263415098190308, 0.5409157276153564, 0.04388886317610741, total: 1.9111460447311401
epoch 4500 loss: 1.3267072439193726, 0.5400733947753906, 0.04388462379574776, total: 1.9106652736663818
epoch 4510 loss: 1.3246994018554688, 0.5433018207550049, 0.04388129338622093, total: 1.9118825197219849
epoch 4520 loss: 1.326541781425476, 0.5407161116600037, 0.04387984424829483, total: 1.9111377000808716
epoch 4530 loss: 1.3245432376861572, 0.543637752532959, 0.043877311050891876, total: 1.9120583534240723
epoch 4540 loss: 1.329819679260254, 0.5379810929298401, 0.043875910341739655, total: 1.9116766452789307
epoch 4550 loss: 1.319176197052002, 0.5534529089927673, 0.04387063533067703, total: 1.9164998531341553
epoch 4560 loss: 1.3283960819244385, 0.5388909578323364, 0.04387132450938225, total: 1.9111583232879639
epoch 4570 loss: 1.3258922100067139, 0.5397635698318481, 0.04386751726269722, total: 1.9095232486724854
epoch 4580 loss: 1.3278506994247437, 0.53798508644104, 0.043862540274858475, total: 1.9096983671188354
epoch 4590 loss: 1.3201824426651, 0.550634503364563, 0.043857574462890625, total: 1.9146745204925537
epoch 4600 loss: 1.3224585056304932, 0.5444744229316711, 0.043857838958501816, total: 1.9107906818389893
epoch 4610 loss: 1.3290281295776367, 0.537457287311554, 0.04385523125529289, total: 1.9103405475616455
epoch 4620 loss: 1.3238023519515991, 0.5408518314361572, 0.04384840279817581, total: 1.9085025787353516
epoch 4630 loss: 1.3288010358810425, 0.5395673513412476, 0.04385249316692352, total: 1.91222083568573
epoch 4640 loss: 1.3256328105926514, 0.5424287915229797, 0.04387234151363373, total: 1.9119338989257812
epoch 4650 loss: 1.3234916925430298, 0.5427404642105103, 0.04387825354933739, total: 1.910110354423523
epoch 4660 loss: 1.3270567655563354, 0.5377852320671082, 0.043873440474271774, total: 1.9087153673171997
epoch 4670 loss: 1.319922685623169, 0.5476427674293518, 0.04386450722813606, total: 1.9114298820495605
epoch 4680 loss: 1.3265328407287598, 0.5374022722244263, 0.043858617544174194, total: 1.9077937602996826
epoch 4690 loss: 1.325516700744629, 0.5374501347541809, 0.043851640075445175, total: 1.9068183898925781
epoch 4700 loss: 1.323058843612671, 0.5394638180732727, 0.043844856321811676, total: 1.9063674211502075
epoch 4710 loss: 1.3236520290374756, 0.5387495756149292, 0.043838754296302795, total: 1.9062403440475464
epoch 4720 loss: 1.3239405155181885, 0.5382599234580994, 0.04383381828665733, total: 1.9060343503952026
epoch 4730 loss: 1.3249645233154297, 0.5371426343917847, 0.0438290499150753, total: 1.9059362411499023
epoch 4740 loss: 1.3239325284957886, 0.5380558967590332, 0.043824005872011185, total: 1.905812382698059
epoch 4750 loss: 1.3242217302322388, 0.5374923944473267, 0.04382043704390526, total: 1.9055345058441162
epoch 4760 loss: 1.3252804279327393, 0.5365570187568665, 0.043818093836307526, total: 1.9056555032730103
epoch 4770 loss: 1.3223488330841064, 0.5389068722724915, 0.04381507635116577, total: 1.9050707817077637
epoch 4780 loss: 1.3334548473358154, 0.5411300659179688, 0.04381277784705162, total: 1.9183976650238037
epoch 4790 loss: 1.3273332118988037, 0.5365968346595764, 0.04381827265024185, total: 1.9077482223510742
epoch 4800 loss: 1.3201680183410645, 0.5421951413154602, 0.04382253810763359, total: 1.9061856269836426
epoch 4810 loss: 1.322389006614685, 0.5382528901100159, 0.04381781071424484, total: 1.9044597148895264
epoch 4820 loss: 1.3201173543930054, 0.5413098931312561, 0.04381303861737251, total: 1.9052402973175049
epoch 4830 loss: 1.318793773651123, 0.5424193143844604, 0.0438094399869442, total: 1.9050225019454956
epoch 4840 loss: 1.3261476755142212, 0.5352275967597961, 0.04380498081445694, total: 1.9051803350448608
epoch 4850 loss: 1.318276286125183, 0.5431331992149353, 0.043800365179777145, total: 1.9052097797393799
epoch 4860 loss: 1.3263765573501587, 0.5348368883132935, 0.043795984238386154, total: 1.905009388923645
epoch 4870 loss: 1.3185361623764038, 0.5417503714561462, 0.04379101097583771, total: 1.9040775299072266
epoch 4880 loss: 1.325130820274353, 0.535825788974762, 0.0437895804643631, total: 1.9047462940216064
epoch 4890 loss: 1.3173441886901855, 0.5443428158760071, 0.04378411918878555, total: 1.9054710865020752
epoch 4900 loss: 1.324638843536377, 0.5366348028182983, 0.043781764805316925, total: 1.9050554037094116
epoch 4910 loss: 1.3167998790740967, 0.5451132655143738, 0.04377761110663414, total: 1.9056907892227173
epoch 4920 loss: 1.3247606754302979, 0.5364365577697754, 0.04377659782767296, total: 1.9049738645553589
epoch 4930 loss: 1.3184837102890015, 0.5406154990196228, 0.04377400875091553, total: 1.902873158454895
epoch 4940 loss: 1.3248237371444702, 0.5366900563240051, 0.04377330094575882, total: 1.9052871465682983
epoch 4950 loss: 1.3181906938552856, 0.5426556468009949, 0.043776459991931915, total: 1.9046227931976318
epoch 4960 loss: 1.3251063823699951, 0.5363602042198181, 0.043774839490652084, total: 1.9052414894104004
epoch 4970 loss: 1.3169124126434326, 0.5427095293998718, 0.04376962408423424, total: 1.9033915996551514
epoch 4980 loss: 1.321825623512268, 0.5357717275619507, 0.043764617294073105, total: 1.9013619422912598
epoch 4990 loss: 1.3228353261947632, 0.5376258492469788, 0.043765660375356674, total: 1.9042268991470337
======== finish training =======
data saved in parameter_log/style_transfer.log
Sat Aug 14 08:06:26 2021       
+-----------------------------------------------------------------------------+
| NVIDIA-SMI 470.57.02    Driver Version: 470.57.02    CUDA Version: 11.4     |
|-------------------------------+----------------------+----------------------+
| GPU  Name        Persistence-M| Bus-Id        Disp.A | Volatile Uncorr. ECC |
| Fan  Temp  Perf  Pwr:Usage/Cap|         Memory-Usage | GPU-Util  Compute M. |
|                               |                      |               MIG M. |
|===============================+======================+======================|
|   0  Tesla T4            On   | 00000000:00:06.0 Off |                    0 |
| N/A   59C    P0    38W /  70W |      0MiB / 15109MiB |     25%      Default |
|                               |                      |                  N/A |
+-------------------------------+----------------------+----------------------+
                                                                               
+-----------------------------------------------------------------------------+
| Processes:                                                                  |
|  GPU   GI   CI        PID   Type   Process name                  GPU Memory |
|        ID   ID                                                   Usage      |
|=============================================================================|
|  No running processes found                                                 |
+-----------------------------------------------------------------------------+
 08:06:27 up 65 days, 14:37,  2 users,  load average: 2.18, 2.26, 2.05
