/var/spool/slurm/d/job37817/slurm_script: line 7: [: missing `]'
This is a test
Today is Sat 14 Aug 11:34:10 BST 2021
This is kingfisher.doc.ic.ac.uk
running python program
/vol/cuda/10.2.89-cudnn7.6.4.38/bin:/vol/bitbucket/sx119/conda/bin:/vol/bitbucket/sx119/conda/condabin:/homes/sx119/.local/bin:/usr/local/sbin:/usr/local/bin:/usr/sbin:/usr/bin:/sbin:/bin:/usr/games:/usr/local/games:/snap/bin
/vol/bitbucket/sx119/conda/lib/python3.9/site-packages/torch/nn/functional.py:718: UserWarning: Named tensors and all their associated APIs are an experimental feature and subject to change. Please do not use them for anything important until they are released as stable. (Triggered internally at  /pytorch/c10/core/TensorImpl.h:1156.)
  return torch.max_pool2d(input, kernel_size, stride, padding, dilation, ceil_mode)
epoch 0 loss: 0.0, 206.02293395996094, 2.3574087619781494, total: 208.38034057617188
epoch 10 loss: 12.092765808105469, 112.22107696533203, 2.5822982788085938, total: 126.8961410522461
epoch 20 loss: 13.941085815429688, 66.13723754882812, 2.872342109680176, total: 82.95066833496094
epoch 30 loss: 12.718901634216309, 45.65380096435547, 3.1330788135528564, total: 61.50578308105469
epoch 40 loss: 11.163226127624512, 35.99827194213867, 3.3248610496520996, total: 50.486358642578125
epoch 50 loss: 10.096796035766602, 29.39133644104004, 3.4610443115234375, total: 42.94917678833008
epoch 60 loss: 9.356595039367676, 24.88604736328125, 3.572652816772461, total: 37.81529235839844
epoch 70 loss: 8.777383804321289, 21.61562728881836, 3.67034912109375, total: 34.06336212158203
epoch 80 loss: 8.294218063354492, 19.10274314880371, 3.7549221515655518, total: 31.151884078979492
epoch 90 loss: 7.866178512573242, 17.093914031982422, 3.8285434246063232, total: 28.78863525390625
epoch 100 loss: 7.496773719787598, 15.443414688110352, 3.894526481628418, total: 26.834716796875
epoch 110 loss: 7.1907877922058105, 14.05986499786377, 3.9547152519226074, total: 25.205368041992188
epoch 120 loss: 6.916650772094727, 12.899518013000488, 4.010007381439209, total: 23.8261775970459
epoch 130 loss: 6.687113285064697, 11.906868934631348, 4.0607147216796875, total: 22.65469741821289
epoch 140 loss: 6.480341911315918, 11.073022842407227, 4.106757640838623, total: 21.66012191772461
epoch 150 loss: 6.305887222290039, 10.358785629272461, 4.148045063018799, total: 20.81271743774414
epoch 160 loss: 6.14990758895874, 9.7505464553833, 4.184739112854004, total: 20.085193634033203
epoch 170 loss: 6.0036187171936035, 9.240781784057617, 4.217216491699219, total: 19.46161651611328
epoch 180 loss: 5.870065212249756, 8.807123184204102, 4.245487213134766, total: 18.92267608642578
epoch 190 loss: 5.75414514541626, 8.4282808303833, 4.269936561584473, total: 18.452362060546875
epoch 200 loss: 5.646632194519043, 8.100571632385254, 4.290760040283203, total: 18.0379638671875
learning rate decreased to 0.001
epoch 210 loss: 5.625672817230225, 8.043383598327637, 4.29409122467041, total: 17.963146209716797
epoch 220 loss: 5.614314079284668, 8.013338088989258, 4.295436859130859, total: 17.92308807373047
epoch 230 loss: 5.602947235107422, 7.983613014221191, 4.296705722808838, total: 17.88326644897461
epoch 240 loss: 5.591095924377441, 7.954385280609131, 4.297966003417969, total: 17.843446731567383
epoch 250 loss: 5.578701972961426, 7.925480842590332, 4.299237251281738, total: 17.803421020507812
epoch 260 loss: 5.566426753997803, 7.896271705627441, 4.300517559051514, total: 17.763216018676758
epoch 270 loss: 5.554843902587891, 7.866349220275879, 4.3017964363098145, total: 17.722990036010742
epoch 280 loss: 5.5437822341918945, 7.835864067077637, 4.303071975708008, total: 17.68271827697754
epoch 290 loss: 5.5330939292907715, 7.804951190948486, 4.304353713989258, total: 17.642398834228516
epoch 300 loss: 5.521731853485107, 7.774748802185059, 4.305637359619141, total: 17.60211753845215
epoch 310 loss: 5.509555816650391, 7.745344638824463, 4.306910514831543, total: 17.561809539794922
epoch 320 loss: 5.496927261352539, 7.7163896560668945, 4.308176040649414, total: 17.52149200439453
epoch 330 loss: 5.484981060028076, 7.686734676361084, 4.309421062469482, total: 17.481136322021484
epoch 340 loss: 5.473410606384277, 7.65665340423584, 4.310660362243652, total: 17.440723419189453
epoch 350 loss: 5.4611358642578125, 7.627214431762695, 4.311899662017822, total: 17.400249481201172
epoch 360 loss: 5.449507713317871, 7.597209453582764, 4.3131303787231445, total: 17.359848022460938
epoch 370 loss: 5.438043594360352, 7.5670342445373535, 4.314347743988037, total: 17.319425582885742
epoch 380 loss: 5.426547050476074, 7.536975383758545, 4.3155412673950195, total: 17.279064178466797
epoch 390 loss: 5.414521217346191, 7.50754976272583, 4.3166961669921875, total: 17.238767623901367
epoch 400 loss: 5.402558326721191, 7.478151798248291, 4.317826747894287, total: 17.198537826538086
learning rate decreased to 0.0001
epoch 410 loss: 5.400232791900635, 7.472557544708252, 4.318039894104004, total: 17.19083023071289
epoch 420 loss: 5.398980617523193, 7.469573497772217, 4.318149089813232, total: 17.186702728271484
epoch 430 loss: 5.397710800170898, 7.4665751457214355, 4.318258762359619, total: 17.182544708251953
epoch 440 loss: 5.396459579467773, 7.46351957321167, 4.318368434906006, total: 17.178348541259766
epoch 450 loss: 5.395197868347168, 7.460433006286621, 4.318480014801025, total: 17.174110412597656
epoch 460 loss: 5.393896102905273, 7.457347393035889, 4.318591117858887, total: 17.16983413696289
epoch 470 loss: 5.392579555511475, 7.454237937927246, 4.318705081939697, total: 17.1655216217041
epoch 480 loss: 5.391209602355957, 7.451136589050293, 4.318819522857666, total: 17.161165237426758
epoch 490 loss: 5.389824867248535, 7.448010444641113, 4.318935394287109, total: 17.156770706176758
epoch 500 loss: 5.38843297958374, 7.444847583770752, 4.319052219390869, total: 17.152332305908203
epoch 510 loss: 5.387061595916748, 7.441619873046875, 4.319169998168945, total: 17.147851943969727
epoch 520 loss: 5.385697841644287, 7.438344955444336, 4.319289207458496, total: 17.143333435058594
epoch 530 loss: 5.384326457977295, 7.4350409507751465, 4.319407939910889, total: 17.138774871826172
epoch 540 loss: 5.3829169273376465, 7.431737422943115, 4.3195271492004395, total: 17.13418197631836
epoch 550 loss: 5.381521701812744, 7.428382873535156, 4.319647312164307, total: 17.12955093383789
epoch 560 loss: 5.380114555358887, 7.425002098083496, 4.319767951965332, total: 17.12488555908203
epoch 570 loss: 5.378696441650391, 7.421594142913818, 4.319888114929199, total: 17.12017822265625
epoch 580 loss: 5.377267360687256, 7.41815185546875, 4.320010662078857, total: 17.11543083190918
epoch 590 loss: 5.375823020935059, 7.414685249328613, 4.320133209228516, total: 17.110641479492188
epoch 600 loss: 5.37436580657959, 7.411194801330566, 4.320256233215332, total: 17.105815887451172
learning rate decreased to 1e-05
epoch 610 loss: 5.374083995819092, 7.410527229309082, 4.320279121398926, total: 17.104888916015625
epoch 620 loss: 5.373937606811523, 7.410167217254639, 4.320291996002197, total: 17.10439682006836
epoch 630 loss: 5.373793125152588, 7.40980339050293, 4.3203043937683105, total: 17.103900909423828
epoch 640 loss: 5.373645782470703, 7.4094367027282715, 4.320316791534424, total: 17.1033992767334
epoch 650 loss: 5.373497486114502, 7.409066200256348, 4.320329666137695, total: 17.102893829345703
epoch 660 loss: 5.373349189758301, 7.408692359924316, 4.320342540740967, total: 17.102384567260742
epoch 670 loss: 5.373197555541992, 7.4083170890808105, 4.320355415344238, total: 17.101871490478516
epoch 680 loss: 5.373045444488525, 7.407937049865723, 4.32036828994751, total: 17.101350784301758
epoch 690 loss: 5.372890949249268, 7.407556056976318, 4.320381164550781, total: 17.100828170776367
epoch 700 loss: 5.372733116149902, 7.407172203063965, 4.320394515991211, total: 17.100299835205078
epoch 710 loss: 5.372575759887695, 7.406785488128662, 4.320407390594482, total: 17.099769592285156
epoch 720 loss: 5.372417449951172, 7.406394958496094, 4.320420742034912, total: 17.099233627319336
epoch 730 loss: 5.372255325317383, 7.406003952026367, 4.3204345703125, total: 17.09869384765625
epoch 740 loss: 5.372093677520752, 7.405606269836426, 4.32044792175293, total: 17.098148345947266
epoch 750 loss: 5.371929168701172, 7.405209064483643, 4.320461750030518, total: 17.097599029541016
epoch 760 loss: 5.371764659881592, 7.404808044433594, 4.320475101470947, total: 17.097047805786133
epoch 770 loss: 5.371598720550537, 7.404402732849121, 4.320488929748535, total: 17.09648895263672
epoch 780 loss: 5.371432781219482, 7.403995513916016, 4.320502758026123, total: 17.095932006835938
epoch 790 loss: 5.3712663650512695, 7.403582572937012, 4.320516586303711, total: 17.095365524291992
epoch 800 loss: 5.371099472045898, 7.403167724609375, 4.320530891418457, total: 17.094799041748047
learning rate decreased to 1.0000000000000002e-06
epoch 810 loss: 5.371067047119141, 7.403087615966797, 4.320533275604248, total: 17.094688415527344
epoch 820 loss: 5.371049404144287, 7.403045177459717, 4.320534706115723, total: 17.094629287719727
epoch 830 loss: 5.371033191680908, 7.403002738952637, 4.320536136627197, total: 17.094572067260742
epoch 840 loss: 5.371015548706055, 7.402960300445557, 4.320537567138672, total: 17.094512939453125
epoch 850 loss: 5.370998382568359, 7.40291690826416, 4.320539474487305, total: 17.09445571899414
epoch 860 loss: 5.370980262756348, 7.402873992919922, 4.320540904998779, total: 17.09439468383789
epoch 870 loss: 5.370963096618652, 7.402830123901367, 4.320542335510254, total: 17.094335556030273
epoch 880 loss: 5.370944976806641, 7.402785778045654, 4.3205437660217285, total: 17.094274520874023
epoch 890 loss: 5.370927333831787, 7.402741432189941, 4.320545196533203, total: 17.094213485717773
epoch 900 loss: 5.370909690856934, 7.402697563171387, 4.3205461502075195, total: 17.094154357910156
epoch 910 loss: 5.370891571044922, 7.402651309967041, 4.320548057556152, total: 17.09408950805664
epoch 920 loss: 5.370872974395752, 7.40260648727417, 4.320549488067627, total: 17.09402847290039
epoch 930 loss: 5.37085485458374, 7.402561664581299, 4.320550918579102, total: 17.09396743774414
epoch 940 loss: 5.37083625793457, 7.402514934539795, 4.320552349090576, total: 17.093904495239258
epoch 950 loss: 5.370818138122559, 7.402469635009766, 4.320554256439209, total: 17.093841552734375
epoch 960 loss: 5.3707990646362305, 7.402422904968262, 4.320555686950684, total: 17.09377670288086
epoch 970 loss: 5.370779991149902, 7.4023756980896, 4.320557117462158, total: 17.093711853027344
epoch 980 loss: 5.370760917663574, 7.402328968048096, 4.320559024810791, total: 17.09364891052246
epoch 990 loss: 5.370742321014404, 7.402281761169434, 4.320559978485107, total: 17.093584060668945
epoch 1000 loss: 5.370722770690918, 7.402234077453613, 4.32056188583374, total: 17.09351921081543
learning rate decreased to 1.0000000000000002e-07
epoch 1010 loss: 5.370719909667969, 7.402227401733398, 4.320562362670898, total: 17.093509674072266
epoch 1020 loss: 5.370719909667969, 7.402224540710449, 4.320562362670898, total: 17.093505859375
epoch 1030 loss: 5.3707194328308105, 7.402222156524658, 4.320562362670898, total: 17.093503952026367
epoch 1040 loss: 5.370718479156494, 7.402220249176025, 4.320562362670898, total: 17.093502044677734
epoch 1050 loss: 5.370718002319336, 7.402217388153076, 4.320562362670898, total: 17.09349822998047
epoch 1060 loss: 5.3707170486450195, 7.402214527130127, 4.320562362670898, total: 17.093494415283203
epoch 1070 loss: 5.370716094970703, 7.402212142944336, 4.320562362670898, total: 17.093490600585938
epoch 1080 loss: 5.370715141296387, 7.402210712432861, 4.320562362670898, total: 17.093488693237305
epoch 1090 loss: 5.3707146644592285, 7.402207374572754, 4.320562362670898, total: 17.09348487854004
epoch 1100 loss: 5.37071418762207, 7.402204990386963, 4.320562839508057, total: 17.093481063842773
epoch 1110 loss: 5.370713233947754, 7.40220308303833, 4.320562839508057, total: 17.09347915649414
epoch 1120 loss: 5.3707122802734375, 7.402200222015381, 4.320562839508057, total: 17.093475341796875
epoch 1130 loss: 5.370711803436279, 7.402197360992432, 4.320562839508057, total: 17.09347152709961
epoch 1140 loss: 5.370711326599121, 7.402194499969482, 4.320563316345215, total: 17.093467712402344
epoch 1150 loss: 5.370710372924805, 7.402191638946533, 4.320562839508057, total: 17.093463897705078
epoch 1160 loss: 5.370709419250488, 7.4021897315979, 4.320563316345215, total: 17.093463897705078
epoch 1170 loss: 5.370708465576172, 7.402186393737793, 4.320563316345215, total: 17.09345817565918
epoch 1180 loss: 5.370707988739014, 7.402184009552002, 4.320563316345215, total: 17.093456268310547
epoch 1190 loss: 5.370707035064697, 7.4021806716918945, 4.320563316345215, total: 17.09345245361328
epoch 1200 loss: 5.370706081390381, 7.402177810668945, 4.320563316345215, total: 17.093448638916016
learning rate decreased to 1.0000000000000002e-08
epoch 1210 loss: 5.370706081390381, 7.402177810668945, 4.320563316345215, total: 17.093448638916016
epoch 1220 loss: 5.370706081390381, 7.402177810668945, 4.320563316345215, total: 17.093448638916016
epoch 1230 loss: 5.370706081390381, 7.402177810668945, 4.320563316345215, total: 17.093448638916016
epoch 1240 loss: 5.370706081390381, 7.402177810668945, 4.320563316345215, total: 17.093448638916016
epoch 1250 loss: 5.370706081390381, 7.402177810668945, 4.320563316345215, total: 17.093448638916016
epoch 1260 loss: 5.370706081390381, 7.402177810668945, 4.320563316345215, total: 17.093448638916016
epoch 1270 loss: 5.370705604553223, 7.402177810668945, 4.320563316345215, total: 17.093446731567383
epoch 1280 loss: 5.370705604553223, 7.402177810668945, 4.320563316345215, total: 17.093446731567383
epoch 1290 loss: 5.370706081390381, 7.402177810668945, 4.320563316345215, total: 17.093448638916016
epoch 1300 loss: 5.370705604553223, 7.402177810668945, 4.320563316345215, total: 17.093446731567383
epoch 1310 loss: 5.370705604553223, 7.402177333831787, 4.320563316345215, total: 17.09344482421875
epoch 1320 loss: 5.370706081390381, 7.402177333831787, 4.320563316345215, total: 17.093446731567383
epoch 1330 loss: 5.370706081390381, 7.402177810668945, 4.320563316345215, total: 17.093448638916016
epoch 1340 loss: 5.370706081390381, 7.402176856994629, 4.320563316345215, total: 17.09344482421875
epoch 1350 loss: 5.370705604553223, 7.402177810668945, 4.320563316345215, total: 17.093446731567383
epoch 1360 loss: 5.370706081390381, 7.402177333831787, 4.320563316345215, total: 17.093446731567383
epoch 1370 loss: 5.370706081390381, 7.402177333831787, 4.320563316345215, total: 17.093446731567383
epoch 1380 loss: 5.370706081390381, 7.402176856994629, 4.320563316345215, total: 17.09344482421875
epoch 1390 loss: 5.370706081390381, 7.402177333831787, 4.320563316345215, total: 17.093446731567383
epoch 1400 loss: 5.370706081390381, 7.402177333831787, 4.320563316345215, total: 17.093446731567383
learning rate decreased to 1.0000000000000003e-09
epoch 1410 loss: 5.370705604553223, 7.402177333831787, 4.320563316345215, total: 17.09344482421875
epoch 1420 loss: 5.370705604553223, 7.402177333831787, 4.320563316345215, total: 17.09344482421875
epoch 1430 loss: 5.370705604553223, 7.402177333831787, 4.320563316345215, total: 17.09344482421875
epoch 1440 loss: 5.370705604553223, 7.402176856994629, 4.320563316345215, total: 17.09344482421875
epoch 1450 loss: 5.370705604553223, 7.402176856994629, 4.320563316345215, total: 17.09344482421875
epoch 1460 loss: 5.370705604553223, 7.402177333831787, 4.320563316345215, total: 17.09344482421875
epoch 1470 loss: 5.370706081390381, 7.402177333831787, 4.320563316345215, total: 17.093446731567383
epoch 1480 loss: 5.370705604553223, 7.402177333831787, 4.320563316345215, total: 17.09344482421875
epoch 1490 loss: 5.370706081390381, 7.402177333831787, 4.320563316345215, total: 17.093446731567383
epoch 1500 loss: 5.370705604553223, 7.402177333831787, 4.320563316345215, total: 17.09344482421875
epoch 1510 loss: 5.370705604553223, 7.402177333831787, 4.320563316345215, total: 17.09344482421875
epoch 1520 loss: 5.370705604553223, 7.402177333831787, 4.320563316345215, total: 17.09344482421875
epoch 1530 loss: 5.370705604553223, 7.402177333831787, 4.320563316345215, total: 17.09344482421875
epoch 1540 loss: 5.370706081390381, 7.402176856994629, 4.320563316345215, total: 17.09344482421875
epoch 1550 loss: 5.370706081390381, 7.402177333831787, 4.320563316345215, total: 17.093446731567383
epoch 1560 loss: 5.370706081390381, 7.402176856994629, 4.320563316345215, total: 17.09344482421875
epoch 1570 loss: 5.370705604553223, 7.402177333831787, 4.320563316345215, total: 17.09344482421875
epoch 1580 loss: 5.370705604553223, 7.402177333831787, 4.320563316345215, total: 17.09344482421875
epoch 1590 loss: 5.370706081390381, 7.402176856994629, 4.320563316345215, total: 17.09344482421875
epoch 1600 loss: 5.370705604553223, 7.402177333831787, 4.320563316345215, total: 17.09344482421875
learning rate decreased to 1.0000000000000003e-10
epoch 1610 loss: 5.370706081390381, 7.402177333831787, 4.320563316345215, total: 17.093446731567383
epoch 1620 loss: 5.370706081390381, 7.402176856994629, 4.320563316345215, total: 17.09344482421875
epoch 1630 loss: 5.370706081390381, 7.402176856994629, 4.320563316345215, total: 17.09344482421875
epoch 1640 loss: 5.370706081390381, 7.402177333831787, 4.320563316345215, total: 17.093446731567383
epoch 1650 loss: 5.370705604553223, 7.402177333831787, 4.320563316345215, total: 17.09344482421875
epoch 1660 loss: 5.370705604553223, 7.402177333831787, 4.320563316345215, total: 17.09344482421875
epoch 1670 loss: 5.370706081390381, 7.402177333831787, 4.320563316345215, total: 17.093446731567383
epoch 1680 loss: 5.370706081390381, 7.402176856994629, 4.320563316345215, total: 17.09344482421875
epoch 1690 loss: 5.370705604553223, 7.402176856994629, 4.320563316345215, total: 17.09344482421875
epoch 1700 loss: 5.370706081390381, 7.402176856994629, 4.320563316345215, total: 17.09344482421875
epoch 1710 loss: 5.370705604553223, 7.402176856994629, 4.320563316345215, total: 17.09344482421875
epoch 1720 loss: 5.370706081390381, 7.402176856994629, 4.320563316345215, total: 17.09344482421875
epoch 1730 loss: 5.370705604553223, 7.402176856994629, 4.320563316345215, total: 17.09344482421875
epoch 1740 loss: 5.370706081390381, 7.402176856994629, 4.320563316345215, total: 17.09344482421875
epoch 1750 loss: 5.370705604553223, 7.402176856994629, 4.320563316345215, total: 17.09344482421875
epoch 1760 loss: 5.370706081390381, 7.402177333831787, 4.320563316345215, total: 17.093446731567383
epoch 1770 loss: 5.370705604553223, 7.402177333831787, 4.320563316345215, total: 17.09344482421875
epoch 1780 loss: 5.370705604553223, 7.402177333831787, 4.320563316345215, total: 17.09344482421875
epoch 1790 loss: 5.370706081390381, 7.402176856994629, 4.320563316345215, total: 17.09344482421875
epoch 1800 loss: 5.370706081390381, 7.402176856994629, 4.320563316345215, total: 17.09344482421875
learning rate decreased to 1.0000000000000003e-11
epoch 1810 loss: 5.370706081390381, 7.402176856994629, 4.320563316345215, total: 17.09344482421875
epoch 1820 loss: 5.370706081390381, 7.402176856994629, 4.320563316345215, total: 17.09344482421875
epoch 1830 loss: 5.370706081390381, 7.402176856994629, 4.320563316345215, total: 17.09344482421875
epoch 1840 loss: 5.370706081390381, 7.402176856994629, 4.320563316345215, total: 17.09344482421875
epoch 1850 loss: 5.370706081390381, 7.402176856994629, 4.320563316345215, total: 17.09344482421875
epoch 1860 loss: 5.370706081390381, 7.402176856994629, 4.320563316345215, total: 17.09344482421875
epoch 1870 loss: 5.370706081390381, 7.402176856994629, 4.320563316345215, total: 17.09344482421875
epoch 1880 loss: 5.370706081390381, 7.402176856994629, 4.320563316345215, total: 17.09344482421875
epoch 1890 loss: 5.370706081390381, 7.402176856994629, 4.320563316345215, total: 17.09344482421875
epoch 1900 loss: 5.370706081390381, 7.402176856994629, 4.320563316345215, total: 17.09344482421875
epoch 1910 loss: 5.370706081390381, 7.402176856994629, 4.320563316345215, total: 17.09344482421875
epoch 1920 loss: 5.370706081390381, 7.402176856994629, 4.320563316345215, total: 17.09344482421875
epoch 1930 loss: 5.370706081390381, 7.402176856994629, 4.320563316345215, total: 17.09344482421875
epoch 1940 loss: 5.370706081390381, 7.402176856994629, 4.320563316345215, total: 17.09344482421875
epoch 1950 loss: 5.370706081390381, 7.402176856994629, 4.320563316345215, total: 17.09344482421875
epoch 1960 loss: 5.370706081390381, 7.402176856994629, 4.320563316345215, total: 17.09344482421875
epoch 1970 loss: 5.370706081390381, 7.402176856994629, 4.320563316345215, total: 17.09344482421875
epoch 1980 loss: 5.370706081390381, 7.402176856994629, 4.320563316345215, total: 17.09344482421875
epoch 1990 loss: 5.370706081390381, 7.402176856994629, 4.320563316345215, total: 17.09344482421875
epoch 2000 loss: 5.370706081390381, 7.402176856994629, 4.320563316345215, total: 17.09344482421875
learning rate decreased to 1.0000000000000002e-12
epoch 2010 loss: 5.370706081390381, 7.402176856994629, 4.320563316345215, total: 17.09344482421875
epoch 2020 loss: 5.370706081390381, 7.402176856994629, 4.320563316345215, total: 17.09344482421875
epoch 2030 loss: 5.370706081390381, 7.402176856994629, 4.320563316345215, total: 17.09344482421875
epoch 2040 loss: 5.370706081390381, 7.402176856994629, 4.320563316345215, total: 17.09344482421875
epoch 2050 loss: 5.370706081390381, 7.402176856994629, 4.320563316345215, total: 17.09344482421875
epoch 2060 loss: 5.370706081390381, 7.402176856994629, 4.320563316345215, total: 17.09344482421875
epoch 2070 loss: 5.370706081390381, 7.402176856994629, 4.320563316345215, total: 17.09344482421875
epoch 2080 loss: 5.370706081390381, 7.402176856994629, 4.320563316345215, total: 17.09344482421875
epoch 2090 loss: 5.370706081390381, 7.402176856994629, 4.320563316345215, total: 17.09344482421875
epoch 2100 loss: 5.370706081390381, 7.402176856994629, 4.320563316345215, total: 17.09344482421875
epoch 2110 loss: 5.370706081390381, 7.402176856994629, 4.320563316345215, total: 17.09344482421875
epoch 2120 loss: 5.370706081390381, 7.402176856994629, 4.320563316345215, total: 17.09344482421875
epoch 2130 loss: 5.370706081390381, 7.402176856994629, 4.320563316345215, total: 17.09344482421875
epoch 2140 loss: 5.370706081390381, 7.402176856994629, 4.320563316345215, total: 17.09344482421875
epoch 2150 loss: 5.370706081390381, 7.402176856994629, 4.320563316345215, total: 17.09344482421875
epoch 2160 loss: 5.370706081390381, 7.402176856994629, 4.320563316345215, total: 17.09344482421875
epoch 2170 loss: 5.370706081390381, 7.402176856994629, 4.320563316345215, total: 17.09344482421875
epoch 2180 loss: 5.370706081390381, 7.402176856994629, 4.320563316345215, total: 17.09344482421875
epoch 2190 loss: 5.370706081390381, 7.402176856994629, 4.320563316345215, total: 17.09344482421875
epoch 2200 loss: 5.370706081390381, 7.402176856994629, 4.320563316345215, total: 17.09344482421875
learning rate decreased to 1.0000000000000002e-13
epoch 2210 loss: 5.370706081390381, 7.402176856994629, 4.320563316345215, total: 17.09344482421875
epoch 2220 loss: 5.370706081390381, 7.402176856994629, 4.320563316345215, total: 17.09344482421875
epoch 2230 loss: 5.370706081390381, 7.402176856994629, 4.320563316345215, total: 17.09344482421875
epoch 2240 loss: 5.370706081390381, 7.402176856994629, 4.320563316345215, total: 17.09344482421875
epoch 2250 loss: 5.370706081390381, 7.402176856994629, 4.320563316345215, total: 17.09344482421875
epoch 2260 loss: 5.370706081390381, 7.402176856994629, 4.320563316345215, total: 17.09344482421875
epoch 2270 loss: 5.370706081390381, 7.402176856994629, 4.320563316345215, total: 17.09344482421875
epoch 2280 loss: 5.370706081390381, 7.402176856994629, 4.320563316345215, total: 17.09344482421875
epoch 2290 loss: 5.370706081390381, 7.402176856994629, 4.320563316345215, total: 17.09344482421875
epoch 2300 loss: 5.370706081390381, 7.402176856994629, 4.320563316345215, total: 17.09344482421875
epoch 2310 loss: 5.370706081390381, 7.402176856994629, 4.320563316345215, total: 17.09344482421875
epoch 2320 loss: 5.370706081390381, 7.402176856994629, 4.320563316345215, total: 17.09344482421875
epoch 2330 loss: 5.370706081390381, 7.402176856994629, 4.320563316345215, total: 17.09344482421875
epoch 2340 loss: 5.370706081390381, 7.402176856994629, 4.320563316345215, total: 17.09344482421875
epoch 2350 loss: 5.370706081390381, 7.402176856994629, 4.320563316345215, total: 17.09344482421875
epoch 2360 loss: 5.370706081390381, 7.402176856994629, 4.320563316345215, total: 17.09344482421875
epoch 2370 loss: 5.370706081390381, 7.402176856994629, 4.320563316345215, total: 17.09344482421875
epoch 2380 loss: 5.370706081390381, 7.402176856994629, 4.320563316345215, total: 17.09344482421875
epoch 2390 loss: 5.370706081390381, 7.402176856994629, 4.320563316345215, total: 17.09344482421875
epoch 2400 loss: 5.370706081390381, 7.402176856994629, 4.320563316345215, total: 17.09344482421875
learning rate decreased to 1.0000000000000002e-14
epoch 2410 loss: 5.370706081390381, 7.402176856994629, 4.320563316345215, total: 17.09344482421875
epoch 2420 loss: 5.370706081390381, 7.402176856994629, 4.320563316345215, total: 17.09344482421875
epoch 2430 loss: 5.370706081390381, 7.402176856994629, 4.320563316345215, total: 17.09344482421875
epoch 2440 loss: 5.370706081390381, 7.402176856994629, 4.320563316345215, total: 17.09344482421875
epoch 2450 loss: 5.370706081390381, 7.402176856994629, 4.320563316345215, total: 17.09344482421875
epoch 2460 loss: 5.370706081390381, 7.402176856994629, 4.320563316345215, total: 17.09344482421875
epoch 2470 loss: 5.370706081390381, 7.402176856994629, 4.320563316345215, total: 17.09344482421875
epoch 2480 loss: 5.370706081390381, 7.402176856994629, 4.320563316345215, total: 17.09344482421875
epoch 2490 loss: 5.370706081390381, 7.402176856994629, 4.320563316345215, total: 17.09344482421875
epoch 2500 loss: 5.370706081390381, 7.402176856994629, 4.320563316345215, total: 17.09344482421875
epoch 2510 loss: 5.370706081390381, 7.402176856994629, 4.320563316345215, total: 17.09344482421875
epoch 2520 loss: 5.370706081390381, 7.402176856994629, 4.320563316345215, total: 17.09344482421875
epoch 2530 loss: 5.370706081390381, 7.402176856994629, 4.320563316345215, total: 17.09344482421875
epoch 2540 loss: 5.370706081390381, 7.402176856994629, 4.320563316345215, total: 17.09344482421875
epoch 2550 loss: 5.370706081390381, 7.402176856994629, 4.320563316345215, total: 17.09344482421875
epoch 2560 loss: 5.370706081390381, 7.402176856994629, 4.320563316345215, total: 17.09344482421875
epoch 2570 loss: 5.370706081390381, 7.402176856994629, 4.320563316345215, total: 17.09344482421875
epoch 2580 loss: 5.370706081390381, 7.402176856994629, 4.320563316345215, total: 17.09344482421875
epoch 2590 loss: 5.370706081390381, 7.402176856994629, 4.320563316345215, total: 17.09344482421875
epoch 2600 loss: 5.370706081390381, 7.402176856994629, 4.320563316345215, total: 17.09344482421875
learning rate decreased to 1e-15
epoch 2610 loss: 5.370706081390381, 7.402176856994629, 4.320563316345215, total: 17.09344482421875
epoch 2620 loss: 5.370706081390381, 7.402176856994629, 4.320563316345215, total: 17.09344482421875
epoch 2630 loss: 5.370706081390381, 7.402176856994629, 4.320563316345215, total: 17.09344482421875
epoch 2640 loss: 5.370706081390381, 7.402176856994629, 4.320563316345215, total: 17.09344482421875
epoch 2650 loss: 5.370706081390381, 7.402176856994629, 4.320563316345215, total: 17.09344482421875
epoch 2660 loss: 5.370706081390381, 7.402176856994629, 4.320563316345215, total: 17.09344482421875
epoch 2670 loss: 5.370706081390381, 7.402176856994629, 4.320563316345215, total: 17.09344482421875
epoch 2680 loss: 5.370706081390381, 7.402176856994629, 4.320563316345215, total: 17.09344482421875
epoch 2690 loss: 5.370706081390381, 7.402176856994629, 4.320563316345215, total: 17.09344482421875
epoch 2700 loss: 5.370706081390381, 7.402176856994629, 4.320563316345215, total: 17.09344482421875
epoch 2710 loss: 5.370706081390381, 7.402176856994629, 4.320563316345215, total: 17.09344482421875
epoch 2720 loss: 5.370706081390381, 7.402176856994629, 4.320563316345215, total: 17.09344482421875
epoch 2730 loss: 5.370706081390381, 7.402176856994629, 4.320563316345215, total: 17.09344482421875
epoch 2740 loss: 5.370706081390381, 7.402176856994629, 4.320563316345215, total: 17.09344482421875
epoch 2750 loss: 5.370706081390381, 7.402176856994629, 4.320563316345215, total: 17.09344482421875
epoch 2760 loss: 5.370706081390381, 7.402176856994629, 4.320563316345215, total: 17.09344482421875
epoch 2770 loss: 5.370706081390381, 7.402176856994629, 4.320563316345215, total: 17.09344482421875
epoch 2780 loss: 5.370706081390381, 7.402176856994629, 4.320563316345215, total: 17.09344482421875
epoch 2790 loss: 5.370706081390381, 7.402176856994629, 4.320563316345215, total: 17.09344482421875
epoch 2800 loss: 5.370706081390381, 7.402176856994629, 4.320563316345215, total: 17.09344482421875
learning rate decreased to 1.0000000000000001e-16
epoch 2810 loss: 5.370706081390381, 7.402176856994629, 4.320563316345215, total: 17.09344482421875
epoch 2820 loss: 5.370706081390381, 7.402176856994629, 4.320563316345215, total: 17.09344482421875
epoch 2830 loss: 5.370706081390381, 7.402176856994629, 4.320563316345215, total: 17.09344482421875
epoch 2840 loss: 5.370706081390381, 7.402176856994629, 4.320563316345215, total: 17.09344482421875
epoch 2850 loss: 5.370706081390381, 7.402176856994629, 4.320563316345215, total: 17.09344482421875
epoch 2860 loss: 5.370706081390381, 7.402176856994629, 4.320563316345215, total: 17.09344482421875
epoch 2870 loss: 5.370706081390381, 7.402176856994629, 4.320563316345215, total: 17.09344482421875
epoch 2880 loss: 5.370706081390381, 7.402176856994629, 4.320563316345215, total: 17.09344482421875
epoch 2890 loss: 5.370706081390381, 7.402176856994629, 4.320563316345215, total: 17.09344482421875
epoch 2900 loss: 5.370706081390381, 7.402176856994629, 4.320563316345215, total: 17.09344482421875
epoch 2910 loss: 5.370706081390381, 7.402176856994629, 4.320563316345215, total: 17.09344482421875
epoch 2920 loss: 5.370706081390381, 7.402176856994629, 4.320563316345215, total: 17.09344482421875
epoch 2930 loss: 5.370706081390381, 7.402176856994629, 4.320563316345215, total: 17.09344482421875
epoch 2940 loss: 5.370706081390381, 7.402176856994629, 4.320563316345215, total: 17.09344482421875
epoch 2950 loss: 5.370706081390381, 7.402176856994629, 4.320563316345215, total: 17.09344482421875
epoch 2960 loss: 5.370706081390381, 7.402176856994629, 4.320563316345215, total: 17.09344482421875
epoch 2970 loss: 5.370706081390381, 7.402176856994629, 4.320563316345215, total: 17.09344482421875
epoch 2980 loss: 5.370706081390381, 7.402176856994629, 4.320563316345215, total: 17.09344482421875
epoch 2990 loss: 5.370706081390381, 7.402176856994629, 4.320563316345215, total: 17.09344482421875
epoch 3000 loss: 5.370706081390381, 7.402176856994629, 4.320563316345215, total: 17.09344482421875
learning rate decreased to 1e-17
epoch 3010 loss: 5.370706081390381, 7.402176856994629, 4.320563316345215, total: 17.09344482421875
epoch 3020 loss: 5.370706081390381, 7.402176856994629, 4.320563316345215, total: 17.09344482421875
epoch 3030 loss: 5.370706081390381, 7.402176856994629, 4.320563316345215, total: 17.09344482421875
epoch 3040 loss: 5.370706081390381, 7.402176856994629, 4.320563316345215, total: 17.09344482421875
epoch 3050 loss: 5.370706081390381, 7.402176856994629, 4.320563316345215, total: 17.09344482421875
epoch 3060 loss: 5.370706081390381, 7.402176856994629, 4.320563316345215, total: 17.09344482421875
epoch 3070 loss: 5.370706081390381, 7.402176856994629, 4.320563316345215, total: 17.09344482421875
epoch 3080 loss: 5.370706081390381, 7.402176856994629, 4.320563316345215, total: 17.09344482421875
epoch 3090 loss: 5.370706081390381, 7.402176856994629, 4.320563316345215, total: 17.09344482421875
epoch 3100 loss: 5.370706081390381, 7.402176856994629, 4.320563316345215, total: 17.09344482421875
epoch 3110 loss: 5.370706081390381, 7.402176856994629, 4.320563316345215, total: 17.09344482421875
epoch 3120 loss: 5.370706081390381, 7.402176856994629, 4.320563316345215, total: 17.09344482421875
epoch 3130 loss: 5.370706081390381, 7.402176856994629, 4.320563316345215, total: 17.09344482421875
epoch 3140 loss: 5.370706081390381, 7.402176856994629, 4.320563316345215, total: 17.09344482421875
epoch 3150 loss: 5.370706081390381, 7.402176856994629, 4.320563316345215, total: 17.09344482421875
epoch 3160 loss: 5.370706081390381, 7.402176856994629, 4.320563316345215, total: 17.09344482421875
epoch 3170 loss: 5.370706081390381, 7.402176856994629, 4.320563316345215, total: 17.09344482421875
epoch 3180 loss: 5.370706081390381, 7.402176856994629, 4.320563316345215, total: 17.09344482421875
epoch 3190 loss: 5.370706081390381, 7.402176856994629, 4.320563316345215, total: 17.09344482421875
epoch 3200 loss: 5.370706081390381, 7.402176856994629, 4.320563316345215, total: 17.09344482421875
learning rate decreased to 1e-18
epoch 3210 loss: 5.370706081390381, 7.402176856994629, 4.320563316345215, total: 17.09344482421875
epoch 3220 loss: 5.370706081390381, 7.402176856994629, 4.320563316345215, total: 17.09344482421875
epoch 3230 loss: 5.370706081390381, 7.402176856994629, 4.320563316345215, total: 17.09344482421875
epoch 3240 loss: 5.370706081390381, 7.402176856994629, 4.320563316345215, total: 17.09344482421875
epoch 3250 loss: 5.370706081390381, 7.402176856994629, 4.320563316345215, total: 17.09344482421875
epoch 3260 loss: 5.370706081390381, 7.402176856994629, 4.320563316345215, total: 17.09344482421875
epoch 3270 loss: 5.370706081390381, 7.402176856994629, 4.320563316345215, total: 17.09344482421875
epoch 3280 loss: 5.370706081390381, 7.402176856994629, 4.320563316345215, total: 17.09344482421875
epoch 3290 loss: 5.370706081390381, 7.402176856994629, 4.320563316345215, total: 17.09344482421875
epoch 3300 loss: 5.370706081390381, 7.402176856994629, 4.320563316345215, total: 17.09344482421875
epoch 3310 loss: 5.370706081390381, 7.402176856994629, 4.320563316345215, total: 17.09344482421875
epoch 3320 loss: 5.370706081390381, 7.402176856994629, 4.320563316345215, total: 17.09344482421875
epoch 3330 loss: 5.370706081390381, 7.402176856994629, 4.320563316345215, total: 17.09344482421875
epoch 3340 loss: 5.370706081390381, 7.402176856994629, 4.320563316345215, total: 17.09344482421875
epoch 3350 loss: 5.370706081390381, 7.402176856994629, 4.320563316345215, total: 17.09344482421875
epoch 3360 loss: 5.370706081390381, 7.402176856994629, 4.320563316345215, total: 17.09344482421875
epoch 3370 loss: 5.370706081390381, 7.402176856994629, 4.320563316345215, total: 17.09344482421875
epoch 3380 loss: 5.370706081390381, 7.402176856994629, 4.320563316345215, total: 17.09344482421875
epoch 3390 loss: 5.370706081390381, 7.402176856994629, 4.320563316345215, total: 17.09344482421875
epoch 3400 loss: 5.370706081390381, 7.402176856994629, 4.320563316345215, total: 17.09344482421875
learning rate decreased to 1.0000000000000001e-19
epoch 3410 loss: 5.370706081390381, 7.402176856994629, 4.320563316345215, total: 17.09344482421875
epoch 3420 loss: 5.370706081390381, 7.402176856994629, 4.320563316345215, total: 17.09344482421875
epoch 3430 loss: 5.370706081390381, 7.402176856994629, 4.320563316345215, total: 17.09344482421875
epoch 3440 loss: 5.370706081390381, 7.402176856994629, 4.320563316345215, total: 17.09344482421875
epoch 3450 loss: 5.370706081390381, 7.402176856994629, 4.320563316345215, total: 17.09344482421875
epoch 3460 loss: 5.370706081390381, 7.402176856994629, 4.320563316345215, total: 17.09344482421875
epoch 3470 loss: 5.370706081390381, 7.402176856994629, 4.320563316345215, total: 17.09344482421875
epoch 3480 loss: 5.370706081390381, 7.402176856994629, 4.320563316345215, total: 17.09344482421875
epoch 3490 loss: 5.370706081390381, 7.402176856994629, 4.320563316345215, total: 17.09344482421875
epoch 3500 loss: 5.370706081390381, 7.402176856994629, 4.320563316345215, total: 17.09344482421875
epoch 3510 loss: 5.370706081390381, 7.402176856994629, 4.320563316345215, total: 17.09344482421875
epoch 3520 loss: 5.370706081390381, 7.402176856994629, 4.320563316345215, total: 17.09344482421875
epoch 3530 loss: 5.370706081390381, 7.402176856994629, 4.320563316345215, total: 17.09344482421875
epoch 3540 loss: 5.370706081390381, 7.402176856994629, 4.320563316345215, total: 17.09344482421875
epoch 3550 loss: 5.370706081390381, 7.402176856994629, 4.320563316345215, total: 17.09344482421875
epoch 3560 loss: 5.370706081390381, 7.402176856994629, 4.320563316345215, total: 17.09344482421875
epoch 3570 loss: 5.370706081390381, 7.402176856994629, 4.320563316345215, total: 17.09344482421875
epoch 3580 loss: 5.370706081390381, 7.402176856994629, 4.320563316345215, total: 17.09344482421875
epoch 3590 loss: 5.370706081390381, 7.402176856994629, 4.320563316345215, total: 17.09344482421875
epoch 3600 loss: 5.370706081390381, 7.402176856994629, 4.320563316345215, total: 17.09344482421875
learning rate decreased to 1.0000000000000001e-20
epoch 3610 loss: 5.370706081390381, 7.402176856994629, 4.320563316345215, total: 17.09344482421875
epoch 3620 loss: 5.370706081390381, 7.402176856994629, 4.320563316345215, total: 17.09344482421875
epoch 3630 loss: 5.370706081390381, 7.402176856994629, 4.320563316345215, total: 17.09344482421875
epoch 3640 loss: 5.370706081390381, 7.402176856994629, 4.320563316345215, total: 17.09344482421875
epoch 3650 loss: 5.370706081390381, 7.402176856994629, 4.320563316345215, total: 17.09344482421875
epoch 3660 loss: 5.370706081390381, 7.402176856994629, 4.320563316345215, total: 17.09344482421875
epoch 3670 loss: 5.370706081390381, 7.402176856994629, 4.320563316345215, total: 17.09344482421875
epoch 3680 loss: 5.370706081390381, 7.402176856994629, 4.320563316345215, total: 17.09344482421875
epoch 3690 loss: 5.370706081390381, 7.402176856994629, 4.320563316345215, total: 17.09344482421875
epoch 3700 loss: 5.370706081390381, 7.402176856994629, 4.320563316345215, total: 17.09344482421875
epoch 3710 loss: 5.370706081390381, 7.402176856994629, 4.320563316345215, total: 17.09344482421875
epoch 3720 loss: 5.370706081390381, 7.402176856994629, 4.320563316345215, total: 17.09344482421875
epoch 3730 loss: 5.370706081390381, 7.402176856994629, 4.320563316345215, total: 17.09344482421875
epoch 3740 loss: 5.370706081390381, 7.402176856994629, 4.320563316345215, total: 17.09344482421875
epoch 3750 loss: 5.370706081390381, 7.402176856994629, 4.320563316345215, total: 17.09344482421875
epoch 3760 loss: 5.370706081390381, 7.402176856994629, 4.320563316345215, total: 17.09344482421875
epoch 3770 loss: 5.370706081390381, 7.402176856994629, 4.320563316345215, total: 17.09344482421875
epoch 3780 loss: 5.370706081390381, 7.402176856994629, 4.320563316345215, total: 17.09344482421875
epoch 3790 loss: 5.370706081390381, 7.402176856994629, 4.320563316345215, total: 17.09344482421875
epoch 3800 loss: 5.370706081390381, 7.402176856994629, 4.320563316345215, total: 17.09344482421875
learning rate decreased to 1.0000000000000001e-21
epoch 3810 loss: 5.370706081390381, 7.402176856994629, 4.320563316345215, total: 17.09344482421875
epoch 3820 loss: 5.370706081390381, 7.402176856994629, 4.320563316345215, total: 17.09344482421875
epoch 3830 loss: 5.370706081390381, 7.402176856994629, 4.320563316345215, total: 17.09344482421875
epoch 3840 loss: 5.370706081390381, 7.402176856994629, 4.320563316345215, total: 17.09344482421875
epoch 3850 loss: 5.370706081390381, 7.402176856994629, 4.320563316345215, total: 17.09344482421875
epoch 3860 loss: 5.370706081390381, 7.402176856994629, 4.320563316345215, total: 17.09344482421875
epoch 3870 loss: 5.370706081390381, 7.402176856994629, 4.320563316345215, total: 17.09344482421875
epoch 3880 loss: 5.370706081390381, 7.402176856994629, 4.320563316345215, total: 17.09344482421875
epoch 3890 loss: 5.370706081390381, 7.402176856994629, 4.320563316345215, total: 17.09344482421875
epoch 3900 loss: 5.370706081390381, 7.402176856994629, 4.320563316345215, total: 17.09344482421875
epoch 3910 loss: 5.370706081390381, 7.402176856994629, 4.320563316345215, total: 17.09344482421875
epoch 3920 loss: 5.370706081390381, 7.402176856994629, 4.320563316345215, total: 17.09344482421875
epoch 3930 loss: 5.370706081390381, 7.402176856994629, 4.320563316345215, total: 17.09344482421875
epoch 3940 loss: 5.370706081390381, 7.402176856994629, 4.320563316345215, total: 17.09344482421875
epoch 3950 loss: 5.370706081390381, 7.402176856994629, 4.320563316345215, total: 17.09344482421875
epoch 3960 loss: 5.370706081390381, 7.402176856994629, 4.320563316345215, total: 17.09344482421875
epoch 3970 loss: 5.370706081390381, 7.402176856994629, 4.320563316345215, total: 17.09344482421875
epoch 3980 loss: 5.370706081390381, 7.402176856994629, 4.320563316345215, total: 17.09344482421875
epoch 3990 loss: 5.370706081390381, 7.402176856994629, 4.320563316345215, total: 17.09344482421875
epoch 4000 loss: 5.370706081390381, 7.402176856994629, 4.320563316345215, total: 17.09344482421875
learning rate decreased to 1e-22
epoch 4010 loss: 5.370706081390381, 7.402176856994629, 4.320563316345215, total: 17.09344482421875
epoch 4020 loss: 5.370706081390381, 7.402176856994629, 4.320563316345215, total: 17.09344482421875
epoch 4030 loss: 5.370706081390381, 7.402176856994629, 4.320563316345215, total: 17.09344482421875
epoch 4040 loss: 5.370706081390381, 7.402176856994629, 4.320563316345215, total: 17.09344482421875
epoch 4050 loss: 5.370706081390381, 7.402176856994629, 4.320563316345215, total: 17.09344482421875
epoch 4060 loss: 5.370706081390381, 7.402176856994629, 4.320563316345215, total: 17.09344482421875
epoch 4070 loss: 5.370706081390381, 7.402176856994629, 4.320563316345215, total: 17.09344482421875
epoch 4080 loss: 5.370706081390381, 7.402176856994629, 4.320563316345215, total: 17.09344482421875
epoch 4090 loss: 5.370706081390381, 7.402176856994629, 4.320563316345215, total: 17.09344482421875
epoch 4100 loss: 5.370706081390381, 7.402176856994629, 4.320563316345215, total: 17.09344482421875
epoch 4110 loss: 5.370706081390381, 7.402176856994629, 4.320563316345215, total: 17.09344482421875
epoch 4120 loss: 5.370706081390381, 7.402176856994629, 4.320563316345215, total: 17.09344482421875
epoch 4130 loss: 5.370706081390381, 7.402176856994629, 4.320563316345215, total: 17.09344482421875
epoch 4140 loss: 5.370706081390381, 7.402176856994629, 4.320563316345215, total: 17.09344482421875
epoch 4150 loss: 5.370706081390381, 7.402176856994629, 4.320563316345215, total: 17.09344482421875
epoch 4160 loss: 5.370706081390381, 7.402176856994629, 4.320563316345215, total: 17.09344482421875
epoch 4170 loss: 5.370706081390381, 7.402176856994629, 4.320563316345215, total: 17.09344482421875
epoch 4180 loss: 5.370706081390381, 7.402176856994629, 4.320563316345215, total: 17.09344482421875
epoch 4190 loss: 5.370706081390381, 7.402176856994629, 4.320563316345215, total: 17.09344482421875
epoch 4200 loss: 5.370706081390381, 7.402176856994629, 4.320563316345215, total: 17.09344482421875
learning rate decreased to 1.0000000000000001e-23
epoch 4210 loss: 5.370706081390381, 7.402176856994629, 4.320563316345215, total: 17.09344482421875
epoch 4220 loss: 5.370706081390381, 7.402176856994629, 4.320563316345215, total: 17.09344482421875
epoch 4230 loss: 5.370706081390381, 7.402176856994629, 4.320563316345215, total: 17.09344482421875
epoch 4240 loss: 5.370706081390381, 7.402176856994629, 4.320563316345215, total: 17.09344482421875
epoch 4250 loss: 5.370706081390381, 7.402176856994629, 4.320563316345215, total: 17.09344482421875
epoch 4260 loss: 5.370706081390381, 7.402176856994629, 4.320563316345215, total: 17.09344482421875
epoch 4270 loss: 5.370706081390381, 7.402176856994629, 4.320563316345215, total: 17.09344482421875
epoch 4280 loss: 5.370706081390381, 7.402176856994629, 4.320563316345215, total: 17.09344482421875
epoch 4290 loss: 5.370706081390381, 7.402176856994629, 4.320563316345215, total: 17.09344482421875
epoch 4300 loss: 5.370706081390381, 7.402176856994629, 4.320563316345215, total: 17.09344482421875
epoch 4310 loss: 5.370706081390381, 7.402176856994629, 4.320563316345215, total: 17.09344482421875
epoch 4320 loss: 5.370706081390381, 7.402176856994629, 4.320563316345215, total: 17.09344482421875
epoch 4330 loss: 5.370706081390381, 7.402176856994629, 4.320563316345215, total: 17.09344482421875
epoch 4340 loss: 5.370706081390381, 7.402176856994629, 4.320563316345215, total: 17.09344482421875
epoch 4350 loss: 5.370706081390381, 7.402176856994629, 4.320563316345215, total: 17.09344482421875
epoch 4360 loss: 5.370706081390381, 7.402176856994629, 4.320563316345215, total: 17.09344482421875
epoch 4370 loss: 5.370706081390381, 7.402176856994629, 4.320563316345215, total: 17.09344482421875
epoch 4380 loss: 5.370706081390381, 7.402176856994629, 4.320563316345215, total: 17.09344482421875
epoch 4390 loss: 5.370706081390381, 7.402176856994629, 4.320563316345215, total: 17.09344482421875
epoch 4400 loss: 5.370706081390381, 7.402176856994629, 4.320563316345215, total: 17.09344482421875
learning rate decreased to 1.0000000000000001e-24
epoch 4410 loss: 5.370706081390381, 7.402176856994629, 4.320563316345215, total: 17.09344482421875
epoch 4420 loss: 5.370706081390381, 7.402176856994629, 4.320563316345215, total: 17.09344482421875
epoch 4430 loss: 5.370706081390381, 7.402176856994629, 4.320563316345215, total: 17.09344482421875
epoch 4440 loss: 5.370706081390381, 7.402176856994629, 4.320563316345215, total: 17.09344482421875
epoch 4450 loss: 5.370706081390381, 7.402176856994629, 4.320563316345215, total: 17.09344482421875
epoch 4460 loss: 5.370706081390381, 7.402176856994629, 4.320563316345215, total: 17.09344482421875
epoch 4470 loss: 5.370706081390381, 7.402176856994629, 4.320563316345215, total: 17.09344482421875
epoch 4480 loss: 5.370706081390381, 7.402176856994629, 4.320563316345215, total: 17.09344482421875
epoch 4490 loss: 5.370706081390381, 7.402176856994629, 4.320563316345215, total: 17.09344482421875
epoch 4500 loss: 5.370706081390381, 7.402176856994629, 4.320563316345215, total: 17.09344482421875
epoch 4510 loss: 5.370706081390381, 7.402176856994629, 4.320563316345215, total: 17.09344482421875
epoch 4520 loss: 5.370706081390381, 7.402176856994629, 4.320563316345215, total: 17.09344482421875
epoch 4530 loss: 5.370706081390381, 7.402176856994629, 4.320563316345215, total: 17.09344482421875
epoch 4540 loss: 5.370706081390381, 7.402176856994629, 4.320563316345215, total: 17.09344482421875
epoch 4550 loss: 5.370706081390381, 7.402176856994629, 4.320563316345215, total: 17.09344482421875
epoch 4560 loss: 5.370706081390381, 7.402176856994629, 4.320563316345215, total: 17.09344482421875
epoch 4570 loss: 5.370706081390381, 7.402176856994629, 4.320563316345215, total: 17.09344482421875
epoch 4580 loss: 5.370706081390381, 7.402176856994629, 4.320563316345215, total: 17.09344482421875
epoch 4590 loss: 5.370706081390381, 7.402176856994629, 4.320563316345215, total: 17.09344482421875
epoch 4600 loss: 5.370706081390381, 7.402176856994629, 4.320563316345215, total: 17.09344482421875
learning rate decreased to 1.0000000000000002e-25
epoch 4610 loss: 5.370706081390381, 7.402176856994629, 4.320563316345215, total: 17.09344482421875
epoch 4620 loss: 5.370706081390381, 7.402176856994629, 4.320563316345215, total: 17.09344482421875
epoch 4630 loss: 5.370706081390381, 7.402176856994629, 4.320563316345215, total: 17.09344482421875
epoch 4640 loss: 5.370706081390381, 7.402176856994629, 4.320563316345215, total: 17.09344482421875
epoch 4650 loss: 5.370706081390381, 7.402176856994629, 4.320563316345215, total: 17.09344482421875
epoch 4660 loss: 5.370706081390381, 7.402176856994629, 4.320563316345215, total: 17.09344482421875
epoch 4670 loss: 5.370706081390381, 7.402176856994629, 4.320563316345215, total: 17.09344482421875
epoch 4680 loss: 5.370706081390381, 7.402176856994629, 4.320563316345215, total: 17.09344482421875
epoch 4690 loss: 5.370706081390381, 7.402176856994629, 4.320563316345215, total: 17.09344482421875
epoch 4700 loss: 5.370706081390381, 7.402176856994629, 4.320563316345215, total: 17.09344482421875
epoch 4710 loss: 5.370706081390381, 7.402176856994629, 4.320563316345215, total: 17.09344482421875
epoch 4720 loss: 5.370706081390381, 7.402176856994629, 4.320563316345215, total: 17.09344482421875
epoch 4730 loss: 5.370706081390381, 7.402176856994629, 4.320563316345215, total: 17.09344482421875
epoch 4740 loss: 5.370706081390381, 7.402176856994629, 4.320563316345215, total: 17.09344482421875
epoch 4750 loss: 5.370706081390381, 7.402176856994629, 4.320563316345215, total: 17.09344482421875
epoch 4760 loss: 5.370706081390381, 7.402176856994629, 4.320563316345215, total: 17.09344482421875
epoch 4770 loss: 5.370706081390381, 7.402176856994629, 4.320563316345215, total: 17.09344482421875
epoch 4780 loss: 5.370706081390381, 7.402176856994629, 4.320563316345215, total: 17.09344482421875
epoch 4790 loss: 5.370706081390381, 7.402176856994629, 4.320563316345215, total: 17.09344482421875
epoch 4800 loss: 5.370706081390381, 7.402176856994629, 4.320563316345215, total: 17.09344482421875
learning rate decreased to 1.0000000000000002e-26
epoch 4810 loss: 5.370706081390381, 7.402176856994629, 4.320563316345215, total: 17.09344482421875
epoch 4820 loss: 5.370706081390381, 7.402176856994629, 4.320563316345215, total: 17.09344482421875
epoch 4830 loss: 5.370706081390381, 7.402176856994629, 4.320563316345215, total: 17.09344482421875
epoch 4840 loss: 5.370706081390381, 7.402176856994629, 4.320563316345215, total: 17.09344482421875
epoch 4850 loss: 5.370706081390381, 7.402176856994629, 4.320563316345215, total: 17.09344482421875
epoch 4860 loss: 5.370706081390381, 7.402176856994629, 4.320563316345215, total: 17.09344482421875
epoch 4870 loss: 5.370706081390381, 7.402176856994629, 4.320563316345215, total: 17.09344482421875
epoch 4880 loss: 5.370706081390381, 7.402176856994629, 4.320563316345215, total: 17.09344482421875
epoch 4890 loss: 5.370706081390381, 7.402176856994629, 4.320563316345215, total: 17.09344482421875
epoch 4900 loss: 5.370706081390381, 7.402176856994629, 4.320563316345215, total: 17.09344482421875
epoch 4910 loss: 5.370706081390381, 7.402176856994629, 4.320563316345215, total: 17.09344482421875
epoch 4920 loss: 5.370706081390381, 7.402176856994629, 4.320563316345215, total: 17.09344482421875
epoch 4930 loss: 5.370706081390381, 7.402176856994629, 4.320563316345215, total: 17.09344482421875
epoch 4940 loss: 5.370706081390381, 7.402176856994629, 4.320563316345215, total: 17.09344482421875
epoch 4950 loss: 5.370706081390381, 7.402176856994629, 4.320563316345215, total: 17.09344482421875
epoch 4960 loss: 5.370706081390381, 7.402176856994629, 4.320563316345215, total: 17.09344482421875
epoch 4970 loss: 5.370706081390381, 7.402176856994629, 4.320563316345215, total: 17.09344482421875
epoch 4980 loss: 5.370706081390381, 7.402176856994629, 4.320563316345215, total: 17.09344482421875
epoch 4990 loss: 5.370706081390381, 7.402176856994629, 4.320563316345215, total: 17.09344482421875
======== finish training =======
data saved in parameter_log/style_transfer.log
Sat Aug 14 11:37:00 2021       
+-----------------------------------------------------------------------------+
| NVIDIA-SMI 470.57.02    Driver Version: 470.57.02    CUDA Version: 11.4     |
|-------------------------------+----------------------+----------------------+
| GPU  Name        Persistence-M| Bus-Id        Disp.A | Volatile Uncorr. ECC |
| Fan  Temp  Perf  Pwr:Usage/Cap|         Memory-Usage | GPU-Util  Compute M. |
|                               |                      |               MIG M. |
|===============================+======================+======================|
|   0  NVIDIA TITAN Xp     On   | 00000000:1B:00.0 Off |                  N/A |
| 44%   67C    P0    65W / 250W |      1MiB / 12196MiB |     15%      Default |
|                               |                      |                  N/A |
+-------------------------------+----------------------+----------------------+
                                                                               
+-----------------------------------------------------------------------------+
| Processes:                                                                  |
|  GPU   GI   CI        PID   Type   Process name                  GPU Memory |
|        ID   ID                                                   Usage      |
|=============================================================================|
|  No running processes found                                                 |
+-----------------------------------------------------------------------------+
 11:37:00 up 65 days, 19:18,  2 users,  load average: 6.91, 5.85, 5.49
