********************************************************
This is log of the slurm file content
time: 
  Sat 14 Aug 00:59:46 BST 2021
imple. main points:
  1.resizing all image to (150, 225), 
  2.output image initialize as content image
  3.input style image: autumn_oak.jpg content image: rainier.jpg
result: 
  1.output image shows pattern of content image and result of tv reduction
  2.loss successfully decreased after training
  3.style transfer not significant
  4.extract feature faltly getting the output of the next layer of the intended feature layer
solution: 
  1.re-examine extract feature, concentrate on asynchronous computation
  2.change super parameters, reduce tv loss weight
  3.move on training on the moskou.jpg and en-route.jpg
********************************************************
/var/spool/slurm/d/job37805/slurm_script: line 7: [: missing `]'
This is a test
Today is Sat 14 Aug 00:59:46 BST 2021
This is kingfisher.doc.ic.ac.uk
running python program
/vol/cuda/10.2.89-cudnn7.6.4.38/bin:/vol/bitbucket/sx119/conda/bin:/vol/bitbucket/sx119/conda/condabin:/homes/sx119/.local/bin:/usr/local/sbin:/usr/local/bin:/usr/sbin:/usr/bin:/sbin:/bin:/usr/games:/usr/local/games:/snap/bin
/vol/bitbucket/sx119/conda/lib/python3.9/site-packages/torch/nn/functional.py:718: UserWarning: Named tensors and all their associated APIs are an experimental feature and subject to change. Please do not use them for anything important until they are released as stable. (Triggered internally at  /pytorch/c10/core/TensorImpl.h:1156.)
  return torch.max_pool2d(input, kernel_size, stride, padding, dilation, ceil_mode)
epoch 0 loss: 0.0, 2.446808338165283, 2.3574087619781494, total: 4.804217338562012
epoch 10 loss: 0.48225829005241394, 1.2218533754348755, 2.205857276916504, total: 3.909968852996826
epoch 20 loss: 0.5331438183784485, 1.0003750324249268, 2.007877826690674, total: 3.5413966178894043
epoch 30 loss: 0.535551905632019, 0.9137090444564819, 1.814172387123108, total: 3.2634334564208984
epoch 40 loss: 0.5358238220214844, 0.8664271235466003, 1.64151132106781, total: 3.04376220703125
epoch 50 loss: 0.5366662740707397, 0.8372325897216797, 1.4938805103302002, total: 2.86777925491333
epoch 60 loss: 0.5343819260597229, 0.8215514421463013, 1.36863112449646, total: 2.724564552307129
epoch 70 loss: 0.5427325963973999, 0.8008468747138977, 1.2624537944793701, total: 2.6060333251953125
epoch 80 loss: 0.5347588062286377, 0.798999547958374, 1.1728132963180542, total: 2.5065717697143555
epoch 90 loss: 0.5472379922866821, 0.7797632813453674, 1.0964988470077515, total: 2.4235000610351562
epoch 100 loss: 0.5439193844795227, 0.7773204445838928, 1.0345901250839233, total: 2.355829954147339
epoch 110 loss: 0.5451676249504089, 0.7675368189811707, 0.9799939393997192, total: 2.292698383331299
epoch 120 loss: 0.5364363193511963, 0.7734697461128235, 0.9326363801956177, total: 2.242542266845703
epoch 130 loss: 0.5376436114311218, 0.7664028406143188, 0.8918362855911255, total: 2.195882797241211
epoch 140 loss: 0.5526546239852905, 0.7534192800521851, 0.8571993112564087, total: 2.163273334503174
epoch 150 loss: 0.5485025644302368, 0.750700056552887, 0.8261850476264954, total: 2.125387668609619
epoch 160 loss: 0.5466312170028687, 0.7484879493713379, 0.797757625579834, total: 2.09287691116333
epoch 170 loss: 0.5389949679374695, 0.7557598948478699, 0.77532559633255, total: 2.070080518722534
epoch 180 loss: 0.5392723083496094, 0.7512980699539185, 0.7528393268585205, total: 2.043409824371338
epoch 190 loss: 0.5514763593673706, 0.7440535426139832, 0.7335348129272461, total: 2.029064655303955
epoch 200 loss: 0.5451611280441284, 0.7450952529907227, 0.7165831327438354, total: 2.0068395137786865
epoch 210 loss: 0.5345131754875183, 0.753770649433136, 0.6992019414901733, total: 1.9874857664108276
epoch 220 loss: 0.5377200245857239, 0.7546604871749878, 0.6879298686981201, total: 1.9803104400634766
epoch 230 loss: 0.5377729535102844, 0.7462551593780518, 0.6736686825752258, total: 1.9576966762542725
epoch 240 loss: 0.5452608466148376, 0.7383484244346619, 0.6604704260826111, total: 1.9440796375274658
epoch 250 loss: 0.5340898633003235, 0.7504478693008423, 0.6484435796737671, total: 1.9329813718795776
epoch 260 loss: 0.5485751628875732, 0.7357807755470276, 0.638110339641571, total: 1.9224662780761719
epoch 270 loss: 0.5400578379631042, 0.7410469651222229, 0.6281030178070068, total: 1.909207820892334
epoch 280 loss: 0.5567783713340759, 0.7315881848335266, 0.6218130588531494, total: 1.910179615020752
epoch 290 loss: 0.5469427704811096, 0.7340174913406372, 0.612865686416626, total: 1.8938260078430176
epoch 300 loss: 0.5378247499465942, 0.7415291666984558, 0.6045655012130737, total: 1.883919358253479
epoch 310 loss: 0.5482239723205566, 0.7328746318817139, 0.5976995825767517, total: 1.878798246383667
epoch 320 loss: 0.5349610447883606, 0.7459650039672852, 0.5898352861404419, total: 1.8707612752914429
epoch 330 loss: 0.5419517755508423, 0.7372449040412903, 0.5846712589263916, total: 1.863867998123169
epoch 340 loss: 0.5480761528015137, 0.7309511303901672, 0.5781328082084656, total: 1.8571600914001465
epoch 350 loss: 0.5345195531845093, 0.7464510798454285, 0.5727977156639099, total: 1.8537683486938477
epoch 360 loss: 0.5515599250793457, 0.728191614151001, 0.5667164325714111, total: 1.8464679718017578
epoch 370 loss: 0.5401743650436401, 0.7395813465118408, 0.5644180178642273, total: 1.8441736698150635
epoch 380 loss: 0.5367506742477417, 0.7401204705238342, 0.5581888556480408, total: 1.8350601196289062
epoch 390 loss: 0.5509693026542664, 0.7292703986167908, 0.5540295839309692, total: 1.8342692852020264
epoch 400 loss: 0.5363962650299072, 0.7447065114974976, 0.548583984375, total: 1.8296867609024048
epoch 410 loss: 0.5497130751609802, 0.7313673496246338, 0.5439532399177551, total: 1.8250336647033691
epoch 420 loss: 0.5447288751602173, 0.7319600582122803, 0.5405848622322083, total: 1.8172738552093506
epoch 430 loss: 0.5404751896858215, 0.7366951704025269, 0.5370930433273315, total: 1.8142634630203247
epoch 440 loss: 0.5422239303588867, 0.7321720719337463, 0.5326844453811646, total: 1.8070803880691528
epoch 450 loss: 0.5460437536239624, 0.7341597676277161, 0.530774712562561, total: 1.8109782934188843
epoch 460 loss: 0.5376940965652466, 0.7390460968017578, 0.5287232398986816, total: 1.805463433265686
epoch 470 loss: 0.5477039813995361, 0.7261748909950256, 0.5232565402984619, total: 1.797135353088379
epoch 480 loss: 0.5381436347961426, 0.7383531928062439, 0.5206645727157593, total: 1.7971614599227905
epoch 490 loss: 0.5388419032096863, 0.733683705329895, 0.5166356563568115, total: 1.789161205291748
epoch 500 loss: 0.5480251312255859, 0.7307627201080322, 0.5152348279953003, total: 1.7940226793289185
epoch 510 loss: 0.53687983751297, 0.735986053943634, 0.5113570690155029, total: 1.784222960472107
epoch 520 loss: 0.5394732356071472, 0.7366080284118652, 0.5087693333625793, total: 1.7848505973815918
epoch 530 loss: 0.5496677756309509, 0.726084291934967, 0.5060526132583618, total: 1.7818046808242798
epoch 540 loss: 0.5309998393058777, 0.7439822554588318, 0.5020147562026978, total: 1.7769968509674072
epoch 550 loss: 0.5417810082435608, 0.7314850687980652, 0.5008273124694824, total: 1.7740933895111084
epoch 560 loss: 0.5383468270301819, 0.7329840660095215, 0.4975844919681549, total: 1.7689152956008911
epoch 570 loss: 0.5299575328826904, 0.7451497316360474, 0.4956621527671814, total: 1.7707693576812744
epoch 580 loss: 0.5455794930458069, 0.7275044918060303, 0.49313876032829285, total: 1.7662227153778076
epoch 590 loss: 0.537449836730957, 0.7387290596961975, 0.49054697155952454, total: 1.766725778579712
epoch 600 loss: 0.5389364957809448, 0.7320175170898438, 0.48826926946640015, total: 1.759223222732544
epoch 610 loss: 0.5570635199546814, 0.7195401191711426, 0.4870304465293884, total: 1.763634204864502
epoch 620 loss: 0.5336196422576904, 0.7383732795715332, 0.4841964840888977, total: 1.7561893463134766
epoch 630 loss: 0.5274780988693237, 0.748073399066925, 0.48049813508987427, total: 1.756049633026123
epoch 640 loss: 0.5315697193145752, 0.7424523830413818, 0.48254960775375366, total: 1.7565717697143555
epoch 650 loss: 0.5465101599693298, 0.7266543507575989, 0.47900792956352234, total: 1.7521724700927734
epoch 660 loss: 0.5291852355003357, 0.7452961802482605, 0.4762110710144043, total: 1.7506924867630005
epoch 670 loss: 0.5501641631126404, 0.7242462038993835, 0.4732136130332947, total: 1.7476239204406738
epoch 680 loss: 0.5223963856697083, 0.7529469728469849, 0.47096773982048035, total: 1.7463111877441406
epoch 690 loss: 0.5522593259811401, 0.7242646217346191, 0.4688464403152466, total: 1.7453703880310059
epoch 700 loss: 0.533618688583374, 0.7375403642654419, 0.46794986724853516, total: 1.739108920097351
epoch 710 loss: 0.5535661578178406, 0.7215290665626526, 0.46497708559036255, total: 1.740072250366211
epoch 720 loss: 0.5459219217300415, 0.7291324734687805, 0.4681555926799774, total: 1.7432100772857666
epoch 730 loss: 0.5282828211784363, 0.7452664971351624, 0.4643625319004059, total: 1.7379118204116821
epoch 740 loss: 0.5458548069000244, 0.7255532145500183, 0.46098458766937256, total: 1.73239266872406
epoch 750 loss: 0.5281848311424255, 0.7474539279937744, 0.45896416902542114, total: 1.734602928161621
epoch 760 loss: 0.5511164665222168, 0.7208883166313171, 0.4573473334312439, total: 1.7293522357940674
epoch 770 loss: 0.5313966274261475, 0.7403197288513184, 0.4552493989467621, total: 1.7269657850265503
epoch 780 loss: 0.5514401793479919, 0.7220980525016785, 0.4539753496646881, total: 1.7275135517120361
epoch 790 loss: 0.5309626460075378, 0.7394741773605347, 0.45277976989746094, total: 1.7232165336608887
epoch 800 loss: 0.556150496006012, 0.722205400466919, 0.45087605714797974, total: 1.729231834411621
epoch 810 loss: 0.5396152138710022, 0.7292271256446838, 0.4500786066055298, total: 1.7189209461212158
epoch 820 loss: 0.5451949834823608, 0.722549319267273, 0.448120653629303, total: 1.715864896774292
epoch 830 loss: 0.5306346416473389, 0.7521805167198181, 0.4463827311992645, total: 1.7291979789733887
epoch 840 loss: 0.5399940013885498, 0.728306770324707, 0.4459220767021179, total: 1.7142229080200195
epoch 850 loss: 0.5390226244926453, 0.7283946871757507, 0.4435458183288574, total: 1.7109631299972534
epoch 860 loss: 0.5330933928489685, 0.7378011345863342, 0.442843496799469, total: 1.713737964630127
epoch 870 loss: 0.5436312556266785, 0.725352942943573, 0.44109636545181274, total: 1.710080623626709
epoch 880 loss: 0.5319389700889587, 0.7366002202033997, 0.4393337666988373, total: 1.707872986793518
epoch 890 loss: 0.5500664114952087, 0.7195858359336853, 0.43783366680145264, total: 1.7074859142303467
epoch 900 loss: 0.5404247641563416, 0.7260974645614624, 0.4353523850440979, total: 1.7018744945526123
epoch 910 loss: 0.5439925193786621, 0.7342748641967773, 0.4386821985244751, total: 1.7169495820999146
epoch 920 loss: 0.544161856174469, 0.7267396450042725, 0.4407420754432678, total: 1.7116434574127197
epoch 930 loss: 0.5284525752067566, 0.7433052659034729, 0.43625110387802124, total: 1.7080090045928955
epoch 940 loss: 0.5477900505065918, 0.7220750451087952, 0.4329971969127655, total: 1.70286226272583
epoch 950 loss: 0.5344926714897156, 0.7362417578697205, 0.43089553713798523, total: 1.7016299962997437
epoch 960 loss: 0.5503410696983337, 0.7241753935813904, 0.42975306510925293, total: 1.704269528388977
epoch 970 loss: 0.5369879603385925, 0.7312133312225342, 0.42864057421684265, total: 1.6968419551849365
epoch 980 loss: 0.5436440706253052, 0.7214177846908569, 0.4257977604866028, total: 1.6908595561981201
epoch 990 loss: 0.5345391631126404, 0.7456864714622498, 0.4302627444267273, total: 1.7104883193969727
epoch 1000 loss: 0.5353213548660278, 0.7341840267181396, 0.4288524389266968, total: 1.6983578205108643
epoch 1010 loss: 0.555166482925415, 0.719806432723999, 0.4252850413322449, total: 1.7002580165863037
epoch 1020 loss: 0.5377598404884338, 0.7284378409385681, 0.4233192801475525, total: 1.6895170211791992
epoch 1030 loss: 0.5426687598228455, 0.7277694940567017, 0.42218461632728577, total: 1.6926227807998657
epoch 1040 loss: 0.5455063581466675, 0.7227616906166077, 0.4211791157722473, total: 1.6894471645355225
epoch 1050 loss: 0.5322532057762146, 0.7359139323234558, 0.41916623711586, total: 1.687333345413208
epoch 1060 loss: 0.5425447821617126, 0.723645031452179, 0.4180135130882263, total: 1.6842033863067627
epoch 1070 loss: 0.5336046814918518, 0.7382923364639282, 0.4184391498565674, total: 1.6903362274169922
epoch 1080 loss: 0.5492084622383118, 0.7194399833679199, 0.41718751192092896, total: 1.685835838317871
epoch 1090 loss: 0.5273133516311646, 0.7479018568992615, 0.41467350721359253, total: 1.6898887157440186
epoch 1100 loss: 0.5409194231033325, 0.7265318036079407, 0.41504955291748047, total: 1.6825008392333984
epoch 1110 loss: 0.5369658470153809, 0.7304893136024475, 0.41325682401657104, total: 1.6807119846343994
epoch 1120 loss: 0.5452473759651184, 0.7264460921287537, 0.4124642014503479, total: 1.6841576099395752
epoch 1130 loss: 0.5430558919906616, 0.7232813835144043, 0.41129663586616516, total: 1.6776338815689087
epoch 1140 loss: 0.5372824668884277, 0.7329907417297363, 0.41148456931114197, total: 1.6817578077316284
epoch 1150 loss: 0.5442225337028503, 0.7239977717399597, 0.4103729724884033, total: 1.6785932779312134
epoch 1160 loss: 0.5523640513420105, 0.716574490070343, 0.40796959400177, total: 1.6769081354141235
epoch 1170 loss: 0.5374932885169983, 0.7318245768547058, 0.40764120221138, total: 1.6769590377807617
epoch 1180 loss: 0.5406471490859985, 0.7255899906158447, 0.40655845403671265, total: 1.6727955341339111
epoch 1190 loss: 0.5362926721572876, 0.7353395223617554, 0.4070335030555725, total: 1.6786656379699707
epoch 1200 loss: 0.5494781136512756, 0.7199563384056091, 0.40528687834739685, total: 1.674721360206604
epoch 1210 loss: 0.5371887683868408, 0.7338747978210449, 0.40357187390327454, total: 1.674635410308838
epoch 1220 loss: 0.5487771034240723, 0.7205544710159302, 0.40305936336517334, total: 1.6723909378051758
epoch 1230 loss: 0.5330350399017334, 0.733692467212677, 0.4014996290206909, total: 1.6682270765304565
epoch 1240 loss: 0.5462610125541687, 0.7266333103179932, 0.403042197227478, total: 1.6759365797042847
epoch 1250 loss: 0.5359606146812439, 0.7347968816757202, 0.40137144923210144, total: 1.6721289157867432
epoch 1260 loss: 0.5494406223297119, 0.7196885943412781, 0.39982303977012634, total: 1.6689523458480835
epoch 1270 loss: 0.5386802554130554, 0.7310692667961121, 0.39896106719970703, total: 1.6687105894088745
epoch 1280 loss: 0.5418752431869507, 0.7255004644393921, 0.3980855941772461, total: 1.6654613018035889
epoch 1290 loss: 0.5388914942741394, 0.7353817820549011, 0.39877188205718994, total: 1.6730451583862305
epoch 1300 loss: 0.5457116365432739, 0.7237779498100281, 0.3979383707046509, total: 1.667427897453308
epoch 1310 loss: 0.5366064310073853, 0.7363711595535278, 0.3957873582839966, total: 1.6687649488449097
epoch 1320 loss: 0.5457122921943665, 0.7234954833984375, 0.3949463963508606, total: 1.664154052734375
epoch 1330 loss: 0.5398292541503906, 0.7296679615974426, 0.3943345546722412, total: 1.6638317108154297
epoch 1340 loss: 0.5479666590690613, 0.7215221524238586, 0.3936369717121124, total: 1.66312575340271
epoch 1350 loss: 0.5352591276168823, 0.7388283610343933, 0.3924444317817688, total: 1.6665318012237549
epoch 1360 loss: 0.5536227822303772, 0.721357524394989, 0.39209288358688354, total: 1.6670732498168945
epoch 1370 loss: 0.5321614146232605, 0.7425132989883423, 0.39074334502220154, total: 1.665418028831482
epoch 1380 loss: 0.5512286424636841, 0.719778835773468, 0.3921385407447815, total: 1.6631460189819336
epoch 1390 loss: 0.5399070978164673, 0.7323636412620544, 0.39151278138160706, total: 1.6637834310531616
epoch 1400 loss: 0.5382443070411682, 0.7290956974029541, 0.39006975293159485, total: 1.65740966796875
epoch 1410 loss: 0.5522590279579163, 0.7207967638969421, 0.3899846076965332, total: 1.6630403995513916
epoch 1420 loss: 0.533723771572113, 0.7381972074508667, 0.38950589299201965, total: 1.6614267826080322
epoch 1430 loss: 0.5438697338104248, 0.7239301800727844, 0.38767218589782715, total: 1.6554720401763916
epoch 1440 loss: 0.5388880372047424, 0.7337353825569153, 0.38778042793273926, total: 1.660403847694397
epoch 1450 loss: 0.5497128963470459, 0.7191937565803528, 0.385902464389801, total: 1.6548089981079102
epoch 1460 loss: 0.5366236567497253, 0.7368524074554443, 0.3865060806274414, total: 1.6599822044372559
epoch 1470 loss: 0.5559173822402954, 0.7223142981529236, 0.3852807283401489, total: 1.6635123491287231
epoch 1480 loss: 0.5398643612861633, 0.7285866141319275, 0.38502955436706543, total: 1.6534805297851562
epoch 1490 loss: 0.5698340535163879, 0.7147157788276672, 0.3839963674545288, total: 1.668546199798584
epoch 1500 loss: 0.5488945841789246, 0.722970187664032, 0.38546934723854065, total: 1.6573340892791748
epoch 1510 loss: 0.537950336933136, 0.7298235297203064, 0.38260024785995483, total: 1.650374174118042
epoch 1520 loss: 0.5458925366401672, 0.7245302200317383, 0.38349300622940063, total: 1.6539156436920166
epoch 1530 loss: 0.5370488166809082, 0.7346593141555786, 0.3817817270755768, total: 1.6534898281097412
epoch 1540 loss: 0.5478031039237976, 0.7197986245155334, 0.3799405097961426, total: 1.6475422382354736
epoch 1550 loss: 0.5480862855911255, 0.7259896397590637, 0.3822089433670044, total: 1.6562849283218384
epoch 1560 loss: 0.5443162322044373, 0.7238640785217285, 0.38139986991882324, total: 1.6495802402496338
epoch 1570 loss: 0.5404689908027649, 0.7301436066627502, 0.38063421845436096, total: 1.6512467861175537
epoch 1580 loss: 0.5442246794700623, 0.7226634621620178, 0.37910205125808716, total: 1.6459901332855225
epoch 1590 loss: 0.5511953234672546, 0.7190905213356018, 0.379272997379303, total: 1.6495587825775146
epoch 1600 loss: 0.5404604077339172, 0.7290723323822021, 0.37842148542404175, total: 1.6479542255401611
epoch 1610 loss: 0.5466503500938416, 0.7206159234046936, 0.37728431820869446, total: 1.6445505619049072
epoch 1620 loss: 0.5350303649902344, 0.7363802194595337, 0.37729763984680176, total: 1.6487082242965698
epoch 1630 loss: 0.558790922164917, 0.718389093875885, 0.376076340675354, total: 1.6532562971115112
epoch 1640 loss: 0.5443964600563049, 0.72282475233078, 0.3756471872329712, total: 1.6428683996200562
epoch 1650 loss: 0.5358016490936279, 0.7334545254707336, 0.37529483437538147, total: 1.6445509195327759
epoch 1660 loss: 0.5466217994689941, 0.7218698263168335, 0.37441426515579224, total: 1.6429059505462646
epoch 1670 loss: 0.5344269871711731, 0.7342771887779236, 0.3736145794391632, total: 1.6423187255859375
epoch 1680 loss: 0.5482744574546814, 0.7197081446647644, 0.3731205463409424, total: 1.6411031484603882
epoch 1690 loss: 0.5314477682113647, 0.7393066883087158, 0.3725816309452057, total: 1.6433360576629639
epoch 1700 loss: 0.5441051125526428, 0.7227515578269958, 0.37185224890708923, total: 1.6387089490890503
epoch 1710 loss: 0.5543188452720642, 0.724205732345581, 0.37473684549331665, total: 1.653261423110962
epoch 1720 loss: 0.5415422916412354, 0.7288234829902649, 0.3777739703655243, total: 1.6481397151947021
epoch 1730 loss: 0.5399933457374573, 0.725813090801239, 0.37400275468826294, total: 1.6398091316223145
epoch 1740 loss: 0.5692753195762634, 0.720794141292572, 0.3717011511325836, total: 1.6617705821990967
epoch 1750 loss: 0.5502805709838867, 0.7206465601921082, 0.37436026334762573, total: 1.6452875137329102
epoch 1760 loss: 0.5386061072349548, 0.7297806143760681, 0.3716033697128296, total: 1.6399900913238525
epoch 1770 loss: 0.5480109453201294, 0.7200031876564026, 0.36912208795547485, total: 1.6371362209320068
epoch 1780 loss: 0.5473957657814026, 0.7217432856559753, 0.36788687109947205, total: 1.6370259523391724
epoch 1790 loss: 0.5376595258712769, 0.7397854924201965, 0.36684203147888184, total: 1.644287109375
epoch 1800 loss: 0.5422431230545044, 0.7262399196624756, 0.3683319091796875, total: 1.6368149518966675
epoch 1810 loss: 0.5363199710845947, 0.729979932308197, 0.3664720058441162, total: 1.6327719688415527
epoch 1820 loss: 0.5541229844093323, 0.7209950685501099, 0.37309741973876953, total: 1.6482155323028564
epoch 1830 loss: 0.5486082434654236, 0.7190070152282715, 0.3717820644378662, total: 1.639397382736206
epoch 1840 loss: 0.5379784107208252, 0.7282388806343079, 0.3680988550186157, total: 1.634316086769104
epoch 1850 loss: 0.54744952917099, 0.7196460366249084, 0.3661814033985138, total: 1.6332769393920898
epoch 1860 loss: 0.5394715666770935, 0.7282432317733765, 0.3645349144935608, total: 1.6322495937347412
epoch 1870 loss: 0.5527312159538269, 0.715305745601654, 0.3641488552093506, total: 1.6321858167648315
epoch 1880 loss: 0.5378928184509277, 0.7287716865539551, 0.3639026880264282, total: 1.630567193031311
epoch 1890 loss: 0.542691171169281, 0.7224457263946533, 0.36359649896621704, total: 1.6287333965301514
epoch 1900 loss: 0.5365710258483887, 0.7327569723129272, 0.3640759587287903, total: 1.633404016494751
epoch 1910 loss: 0.5493812561035156, 0.7159883379936218, 0.36297979950904846, total: 1.6283494234085083
epoch 1920 loss: 0.5377983450889587, 0.7379379272460938, 0.3661140501499176, total: 1.6418503522872925
epoch 1930 loss: 0.5507909655570984, 0.7156450152397156, 0.36550819873809814, total: 1.631944179534912
epoch 1940 loss: 0.5303395986557007, 0.7374958395957947, 0.3632962107658386, total: 1.631131649017334
epoch 1950 loss: 0.5561302304267883, 0.7124146819114685, 0.362117737531662, total: 1.6306626796722412
epoch 1960 loss: 0.5437459945678711, 0.7249167561531067, 0.36166951060295105, total: 1.6303322315216064
epoch 1970 loss: 0.5355172157287598, 0.7391666769981384, 0.36036553978919983, total: 1.6350494623184204
epoch 1980 loss: 0.5394195914268494, 0.7300011515617371, 0.3640422821044922, total: 1.6334630250930786
epoch 1990 loss: 0.5568724274635315, 0.7113759517669678, 0.36213427782058716, total: 1.6303825378417969
epoch 2000 loss: 0.5371090769767761, 0.7322151064872742, 0.3612055778503418, total: 1.630529761314392
epoch 2010 loss: 0.5602328777313232, 0.714276909828186, 0.3601337671279907, total: 1.6346435546875
epoch 2020 loss: 0.5435512065887451, 0.7197331786155701, 0.35993728041648865, total: 1.623221755027771
epoch 2030 loss: 0.5446034073829651, 0.7217837572097778, 0.35997170209884644, total: 1.626358985900879
epoch 2040 loss: 0.5489460229873657, 0.7172315120697021, 0.3597799241542816, total: 1.6259574890136719
epoch 2050 loss: 0.538840115070343, 0.723621666431427, 0.35820063948631287, total: 1.6206624507904053
epoch 2060 loss: 0.5536925792694092, 0.714303731918335, 0.35923030972480774, total: 1.6272265911102295
epoch 2070 loss: 0.5339601635932922, 0.7327888607978821, 0.3578944206237793, total: 1.6246434450149536
epoch 2080 loss: 0.5482106804847717, 0.716857373714447, 0.3583855628967285, total: 1.6234536170959473
epoch 2090 loss: 0.531679630279541, 0.740613579750061, 0.3576204776763916, total: 1.6299136877059937
epoch 2100 loss: 0.5377058982849121, 0.7268235087394714, 0.35767948627471924, total: 1.6222089529037476
epoch 2110 loss: 0.5502365827560425, 0.714131236076355, 0.3566780984401703, total: 1.6210459470748901
epoch 2120 loss: 0.5437479615211487, 0.7183167934417725, 0.35513269901275635, total: 1.6171973943710327
epoch 2130 loss: 0.5335484147071838, 0.7389687895774841, 0.3573988080024719, total: 1.6299159526824951
epoch 2140 loss: 0.5513994693756104, 0.7126895189285278, 0.35744190216064453, total: 1.6215308904647827
epoch 2150 loss: 0.5487844347953796, 0.7125129103660583, 0.35428586602211, total: 1.6155831813812256
epoch 2160 loss: 0.5400919318199158, 0.7327399849891663, 0.36148694157600403, total: 1.6343188285827637
epoch 2170 loss: 0.5397862195968628, 0.7259175777435303, 0.3598026633262634, total: 1.6255064010620117
epoch 2180 loss: 0.5374454855918884, 0.7250826954841614, 0.3565637767314911, total: 1.6190919876098633
epoch 2190 loss: 0.5350083112716675, 0.7400062680244446, 0.3541735112667084, total: 1.6291881799697876
epoch 2200 loss: 0.5395342111587524, 0.7221355438232422, 0.3543216288089752, total: 1.6159913539886475
epoch 2210 loss: 0.5571467280387878, 0.7076398134231567, 0.35474494099617004, total: 1.6195313930511475
epoch 2220 loss: 0.5303826928138733, 0.7324851751327515, 0.3533233404159546, total: 1.6161912679672241
epoch 2230 loss: 0.5459933876991272, 0.7174180150032043, 0.354647696018219, total: 1.6180591583251953
epoch 2240 loss: 0.5415295958518982, 0.7223044633865356, 0.35301077365875244, total: 1.6168447732925415
epoch 2250 loss: 0.560967743396759, 0.7123371958732605, 0.35210120677948, total: 1.6254061460494995
epoch 2260 loss: 0.5423056483268738, 0.719550371170044, 0.35294029116630554, total: 1.6147964000701904
epoch 2270 loss: 0.5544576644897461, 0.7159584760665894, 0.35278722643852234, total: 1.6232033967971802
epoch 2280 loss: 0.5557768940925598, 0.7086067795753479, 0.35315901041030884, total: 1.6175427436828613
epoch 2290 loss: 0.5368691086769104, 0.7273110151290894, 0.35121655464172363, total: 1.6153967380523682
epoch 2300 loss: 0.5550462007522583, 0.707044243812561, 0.3505796194076538, total: 1.6126700639724731
epoch 2310 loss: 0.5525928139686584, 0.7105200886726379, 0.3495059609413147, total: 1.6126189231872559
epoch 2320 loss: 0.5373620390892029, 0.7280339002609253, 0.35002097487449646, total: 1.6154168844223022
epoch 2330 loss: 0.5554963946342468, 0.7119653820991516, 0.34921109676361084, total: 1.6166728734970093
epoch 2340 loss: 0.5385401248931885, 0.7231725454330444, 0.34939491748809814, total: 1.611107587814331
epoch 2350 loss: 0.5339254140853882, 0.7260004878044128, 0.347555011510849, total: 1.6074808835983276
epoch 2360 loss: 0.5588394999504089, 0.7104865312576294, 0.3550112843513489, total: 1.6243371963500977
epoch 2370 loss: 0.5515202879905701, 0.7092947363853455, 0.35293784737586975, total: 1.613752841949463
epoch 2380 loss: 0.5429307818412781, 0.7213199734687805, 0.3524754047393799, total: 1.6167261600494385
epoch 2390 loss: 0.5404621958732605, 0.718323290348053, 0.3498666286468506, total: 1.608652114868164
epoch 2400 loss: 0.5661421418190002, 0.7112736105918884, 0.3477470576763153, total: 1.6251628398895264
epoch 2410 loss: 0.5495336651802063, 0.715775728225708, 0.3538520336151123, total: 1.6191613674163818
epoch 2420 loss: 0.5326878428459167, 0.7305216789245605, 0.3500746488571167, total: 1.6132842302322388
epoch 2430 loss: 0.5505163073539734, 0.7110666036605835, 0.3496803045272827, total: 1.6112631559371948
epoch 2440 loss: 0.5388126969337463, 0.7203589081764221, 0.34828245639801025, total: 1.6074540615081787
epoch 2450 loss: 0.5410301685333252, 0.7177848815917969, 0.3470437526702881, total: 1.6058588027954102
epoch 2460 loss: 0.5480177402496338, 0.7115268111228943, 0.346119225025177, total: 1.605663776397705
epoch 2470 loss: 0.5342726111412048, 0.7261606454849243, 0.34590011835098267, total: 1.6063332557678223
epoch 2480 loss: 0.5454545021057129, 0.7132775783538818, 0.34537452459335327, total: 1.6041066646575928
epoch 2490 loss: 0.529365599155426, 0.734161913394928, 0.34649643301963806, total: 1.6100239753723145
epoch 2500 loss: 0.5398679971694946, 0.7189722657203674, 0.34578025341033936, total: 1.6046205759048462
epoch 2510 loss: 0.5533437728881836, 0.7167203426361084, 0.348618745803833, total: 1.618682861328125
epoch 2520 loss: 0.5424490571022034, 0.7171248197555542, 0.3480318784713745, total: 1.6076058149337769
epoch 2530 loss: 0.5551741123199463, 0.7107077836990356, 0.34812110662460327, total: 1.6140029430389404
epoch 2540 loss: 0.5321515202522278, 0.7312530875205994, 0.34654128551483154, total: 1.6099458932876587
epoch 2550 loss: 0.5562635064125061, 0.7077682614326477, 0.3446275591850281, total: 1.608659267425537
epoch 2560 loss: 0.5433290004730225, 0.7182494401931763, 0.3452610671520233, total: 1.6068395376205444
epoch 2570 loss: 0.5616917014122009, 0.7068350911140442, 0.3438343107700348, total: 1.6123610734939575
epoch 2580 loss: 0.5407642722129822, 0.7179253101348877, 0.34389346837997437, total: 1.6025831699371338
epoch 2590 loss: 0.5601546764373779, 0.7132375836372375, 0.3441939949989319, total: 1.6175861358642578
epoch 2600 loss: 0.554396390914917, 0.7071917653083801, 0.34611034393310547, total: 1.6076984405517578
epoch 2610 loss: 0.5272395610809326, 0.7416852712631226, 0.34344661235809326, total: 1.6123714447021484
epoch 2620 loss: 0.5435605049133301, 0.7169278264045715, 0.3441983461380005, total: 1.6046866178512573
epoch 2630 loss: 0.5306252837181091, 0.7486287355422974, 0.34271714091300964, total: 1.6219711303710938
epoch 2640 loss: 0.5405927300453186, 0.7196681499481201, 0.344621479511261, total: 1.6048822402954102
epoch 2650 loss: 0.5422143936157227, 0.715969443321228, 0.34261006116867065, total: 1.6007938385009766
epoch 2660 loss: 0.5372098088264465, 0.7228915691375732, 0.34228986501693726, total: 1.602391242980957
epoch 2670 loss: 0.5520139932632446, 0.7081482410430908, 0.34164857864379883, total: 1.6018108129501343
epoch 2680 loss: 0.5374138951301575, 0.7200378179550171, 0.3406386375427246, total: 1.598090410232544
epoch 2690 loss: 0.5479946136474609, 0.7146855592727661, 0.3420700132846832, total: 1.604750156402588
epoch 2700 loss: 0.5427920818328857, 0.7198294997215271, 0.3415296673774719, total: 1.6041512489318848
epoch 2710 loss: 0.534729540348053, 0.7222725749015808, 0.3399164080619812, total: 1.5969185829162598
epoch 2720 loss: 0.5494454503059387, 0.7187405824661255, 0.3430076837539673, total: 1.6111937761306763
epoch 2730 loss: 0.5359358191490173, 0.7245680689811707, 0.342204213142395, total: 1.602708101272583
epoch 2740 loss: 0.5348464250564575, 0.7233970165252686, 0.3408587574958801, total: 1.599102258682251
epoch 2750 loss: 0.5429979562759399, 0.7181770205497742, 0.34087860584259033, total: 1.6020535230636597
epoch 2760 loss: 0.5503438115119934, 0.7075854539871216, 0.3403790295124054, total: 1.5983083248138428
epoch 2770 loss: 0.5392481684684753, 0.724484384059906, 0.3417791724205017, total: 1.6055116653442383
epoch 2780 loss: 0.5566437840461731, 0.7030879855155945, 0.34162136912345886, total: 1.6013531684875488
epoch 2790 loss: 0.5447567105293274, 0.7141042351722717, 0.3405444622039795, total: 1.5994054079055786
epoch 2800 loss: 0.5408907532691956, 0.728435218334198, 0.339345782995224, total: 1.60867178440094
epoch 2810 loss: 0.54328852891922, 0.7155412435531616, 0.3397914469242096, total: 1.5986212491989136
epoch 2820 loss: 0.5464781522750854, 0.715084969997406, 0.3384872078895569, total: 1.6000502109527588
epoch 2830 loss: 0.5485828518867493, 0.7116342186927795, 0.3377605974674225, total: 1.597977638244629
epoch 2840 loss: 0.5337209701538086, 0.7243196368217468, 0.33652469515800476, total: 1.5945653915405273
epoch 2850 loss: 0.5535569787025452, 0.7090170383453369, 0.33982008695602417, total: 1.6023941040039062
epoch 2860 loss: 0.5400853157043457, 0.7188867926597595, 0.33864501118659973, total: 1.5976171493530273
epoch 2870 loss: 0.536788821220398, 0.7301392555236816, 0.3378775715827942, total: 1.6048057079315186
epoch 2880 loss: 0.553105354309082, 0.707941472530365, 0.3374825417995453, total: 1.5985294580459595
epoch 2890 loss: 0.5309663414955139, 0.7300539016723633, 0.336935818195343, total: 1.5979559421539307
epoch 2900 loss: 0.5512641668319702, 0.7075309157371521, 0.3368058502674103, total: 1.5956008434295654
epoch 2910 loss: 0.5371195077896118, 0.7206687927246094, 0.33625030517578125, total: 1.5940386056900024
epoch 2920 loss: 0.5406553745269775, 0.7167900204658508, 0.3362804651260376, total: 1.5937258005142212
epoch 2930 loss: 0.5338804721832275, 0.7245107889175415, 0.3361091613769531, total: 1.5945004224777222
epoch 2940 loss: 0.5407090783119202, 0.7176430225372314, 0.3358885943889618, total: 1.594240665435791
epoch 2950 loss: 0.553712010383606, 0.7195481657981873, 0.3368440568447113, total: 1.6101042032241821
epoch 2960 loss: 0.5523177981376648, 0.7082614302635193, 0.3385677933692932, total: 1.599147081375122
epoch 2970 loss: 0.5422932505607605, 0.7142114639282227, 0.3369872272014618, total: 1.593492031097412
epoch 2980 loss: 0.5553724765777588, 0.7169708609580994, 0.3377009630203247, total: 1.6100443601608276
epoch 2990 loss: 0.5606020092964172, 0.7011864185333252, 0.3401637077331543, total: 1.601952075958252
epoch 3000 loss: 0.5335867404937744, 0.7255643010139465, 0.3366941213607788, total: 1.595845103263855
epoch 3010 loss: 0.5440235733985901, 0.7152417898178101, 0.33846956491470337, total: 1.5977349281311035
epoch 3020 loss: 0.5290811061859131, 0.7360966205596924, 0.3360256552696228, total: 1.601203441619873
epoch 3030 loss: 0.5459351539611816, 0.7115537524223328, 0.33549582958221436, total: 1.5929847955703735
epoch 3040 loss: 0.5471199750900269, 0.7151059508323669, 0.33498290181159973, total: 1.5972087383270264
epoch 3050 loss: 0.5428335070610046, 0.7134611010551453, 0.3350878059864044, total: 1.591382384300232
epoch 3060 loss: 0.522193968296051, 0.7581465840339661, 0.33366793394088745, total: 1.6140084266662598
epoch 3070 loss: 0.5376213192939758, 0.7242449522018433, 0.336872398853302, total: 1.598738670349121
epoch 3080 loss: 0.5516918301582336, 0.7046825289726257, 0.3348591923713684, total: 1.591233491897583
epoch 3090 loss: 0.541449248790741, 0.720017671585083, 0.3353753983974457, total: 1.5968424081802368
epoch 3100 loss: 0.5553333759307861, 0.7054452300071716, 0.3341540992259979, total: 1.5949327945709229
epoch 3110 loss: 0.5342291593551636, 0.7256576418876648, 0.3334640860557556, total: 1.593350887298584
epoch 3120 loss: 0.5507569909095764, 0.7133148312568665, 0.33348187804222107, total: 1.5975537300109863
epoch 3130 loss: 0.5370527505874634, 0.7197007536888123, 0.3333137631416321, total: 1.5900671482086182
epoch 3140 loss: 0.5283640623092651, 0.7321621775627136, 0.3313266634941101, total: 1.5918529033660889
epoch 3150 loss: 0.5424666404724121, 0.7170419692993164, 0.33668074011802673, total: 1.5961893796920776
epoch 3160 loss: 0.5360491275787354, 0.7240515947341919, 0.3343336284160614, total: 1.594434380531311
epoch 3170 loss: 0.5454781651496887, 0.7091853618621826, 0.33206021785736084, total: 1.5867236852645874
epoch 3180 loss: 0.5331678986549377, 0.73721843957901, 0.33485639095306396, total: 1.6052427291870117
epoch 3190 loss: 0.5469282269477844, 0.7091337442398071, 0.3344404399394989, total: 1.5905025005340576
epoch 3200 loss: 0.5606481432914734, 0.7046554088592529, 0.33215874433517456, total: 1.5974624156951904
epoch 3210 loss: 0.5419291257858276, 0.7150952816009521, 0.33305108547210693, total: 1.5900754928588867
epoch 3220 loss: 0.5453462600708008, 0.7117717266082764, 0.33162131905555725, total: 1.588739275932312
epoch 3230 loss: 0.5431379675865173, 0.7141126990318298, 0.3307017683982849, total: 1.5879523754119873
epoch 3240 loss: 0.5313125252723694, 0.734458327293396, 0.3303043246269226, total: 1.5960752964019775
epoch 3250 loss: 0.5447229743003845, 0.711203932762146, 0.331039160490036, total: 1.5869660377502441
epoch 3260 loss: 0.5283523201942444, 0.740517258644104, 0.3309294879436493, total: 1.5997991561889648
epoch 3270 loss: 0.5415760278701782, 0.7168121933937073, 0.332091748714447, total: 1.590480089187622
epoch 3280 loss: 0.5485420227050781, 0.7093327045440674, 0.33142441511154175, total: 1.589299201965332
epoch 3290 loss: 0.5315053462982178, 0.7252174615859985, 0.32931503653526306, total: 1.5860378742218018
epoch 3300 loss: 0.5462292432785034, 0.7183630466461182, 0.33442074060440063, total: 1.599013090133667
epoch 3310 loss: 0.5459529757499695, 0.7098202705383301, 0.33354783058166504, total: 1.5893211364746094
epoch 3320 loss: 0.5378252267837524, 0.721971869468689, 0.33266782760620117, total: 1.5924649238586426
epoch 3330 loss: 0.5542495250701904, 0.7035070657730103, 0.3307397663593292, total: 1.5884963274002075
epoch 3340 loss: 0.5384316444396973, 0.7160443663597107, 0.3298206627368927, total: 1.584296703338623
epoch 3350 loss: 0.5531157851219177, 0.7053046822547913, 0.330403208732605, total: 1.588823676109314
epoch 3360 loss: 0.5381477475166321, 0.7189918160438538, 0.32899853587150574, total: 1.586138129234314
epoch 3370 loss: 0.5462597012519836, 0.710012674331665, 0.3293107748031616, total: 1.5855830907821655
epoch 3380 loss: 0.5424501299858093, 0.7128433585166931, 0.3285503089427948, total: 1.5838438272476196
epoch 3390 loss: 0.533137321472168, 0.7280409336090088, 0.32835710048675537, total: 1.5895353555679321
epoch 3400 loss: 0.5447569489479065, 0.7118995785713196, 0.3285785913467407, total: 1.5852351188659668
epoch 3410 loss: 0.544082760810852, 0.7167738676071167, 0.329257994890213, total: 1.5901145935058594
epoch 3420 loss: 0.5354246497154236, 0.7224516272544861, 0.32970860600471497, total: 1.5875848531723022
epoch 3430 loss: 0.5432061553001404, 0.7120089530944824, 0.32837438583374023, total: 1.5835895538330078
epoch 3440 loss: 0.5322131514549255, 0.7550594806671143, 0.3277275264263153, total: 1.6150002479553223
epoch 3450 loss: 0.5384281873703003, 0.7223057746887207, 0.3325950503349304, total: 1.5933289527893066
epoch 3460 loss: 0.5355094075202942, 0.7246379256248474, 0.3299017548561096, total: 1.5900490283966064
epoch 3470 loss: 0.5450758934020996, 0.7092182636260986, 0.3282860219478607, total: 1.5825802087783813
epoch 3480 loss: 0.5329384207725525, 0.7333850264549255, 0.32876282930374146, total: 1.5950863361358643
epoch 3490 loss: 0.5427055358886719, 0.7154646515846252, 0.3281395137310028, total: 1.5863096714019775
epoch 3500 loss: 0.5439718961715698, 0.7117477059364319, 0.326915442943573, total: 1.5826351642608643
epoch 3510 loss: 0.5286251306533813, 0.7310631275177002, 0.32757166028022766, total: 1.5872598886489868
epoch 3520 loss: 0.5327312350273132, 0.7232692241668701, 0.3264925479888916, total: 1.5824930667877197
epoch 3530 loss: 0.5465178489685059, 0.7142100930213928, 0.3287031054496765, total: 1.5894310474395752
epoch 3540 loss: 0.5287949442863464, 0.7349901795387268, 0.3268134295940399, total: 1.5905985832214355
epoch 3550 loss: 0.5488166809082031, 0.7092167139053345, 0.3262847065925598, total: 1.5843181610107422
epoch 3560 loss: 0.5413224101066589, 0.7133249640464783, 0.32519030570983887, total: 1.579837679862976
epoch 3570 loss: 0.5517182946205139, 0.7142221927642822, 0.3268924951553345, total: 1.5928329229354858
epoch 3580 loss: 0.5381560921669006, 0.7225856781005859, 0.329307496547699, total: 1.5900492668151855
epoch 3590 loss: 0.5453858375549316, 0.7094094157218933, 0.3272152543067932, total: 1.5820105075836182
epoch 3600 loss: 0.54140704870224, 0.7188182473182678, 0.3275358974933624, total: 1.5877611637115479
epoch 3610 loss: 0.5495699048042297, 0.7072631120681763, 0.32745450735092163, total: 1.5842876434326172
epoch 3620 loss: 0.5462208390235901, 0.7119760513305664, 0.325583815574646, total: 1.5837806463241577
epoch 3630 loss: 0.5430325865745544, 0.7112829685211182, 0.3249542713165283, total: 1.5792698860168457
epoch 3640 loss: 0.5431622266769409, 0.7179620265960693, 0.3261188268661499, total: 1.5872430801391602
epoch 3650 loss: 0.5422495603561401, 0.7165921330451965, 0.32691821455955505, total: 1.5857599973678589
epoch 3660 loss: 0.5517374277114868, 0.7057466506958008, 0.3249615430831909, total: 1.5824456214904785
epoch 3670 loss: 0.5329217910766602, 0.7265380024909973, 0.324147492647171, total: 1.5836071968078613
epoch 3680 loss: 0.5523281097412109, 0.7054750323295593, 0.3236476182937622, total: 1.5814508199691772
epoch 3690 loss: 0.5351759195327759, 0.7218912839889526, 0.32405322790145874, total: 1.581120491027832
epoch 3700 loss: 0.5472661256790161, 0.7098263502120972, 0.32494789361953735, total: 1.5820403099060059
epoch 3710 loss: 0.5329424142837524, 0.7237114906311035, 0.3243732452392578, total: 1.5810271501541138
epoch 3720 loss: 0.5290841460227966, 0.7517659664154053, 0.3235195279121399, total: 1.6043696403503418
epoch 3730 loss: 0.5383651256561279, 0.7220348119735718, 0.3270050287246704, total: 1.5874049663543701
epoch 3740 loss: 0.5579752326011658, 0.7036373019218445, 0.3251732587814331, total: 1.5867857933044434
epoch 3750 loss: 0.5321264266967773, 0.7257717251777649, 0.32524093985557556, total: 1.5831390619277954
epoch 3760 loss: 0.5493744611740112, 0.7103774547576904, 0.3242674171924591, total: 1.5840193033218384
epoch 3770 loss: 0.5321639776229858, 0.7265833616256714, 0.32315415143966675, total: 1.5819015502929688
epoch 3780 loss: 0.5431579351425171, 0.7110382318496704, 0.3221493661403656, total: 1.5763455629348755
epoch 3790 loss: 0.5530174374580383, 0.7141029834747314, 0.32609763741493225, total: 1.5932179689407349
epoch 3800 loss: 0.5375826358795166, 0.7221351265907288, 0.3259897828102112, total: 1.585707426071167
epoch 3810 loss: 0.5478524565696716, 0.7058069109916687, 0.3235974609851837, total: 1.5772567987442017
epoch 3820 loss: 0.5351221561431885, 0.7303781509399414, 0.3259313702583313, total: 1.5914316177368164
epoch 3830 loss: 0.5480429530143738, 0.7088536024093628, 0.32498133182525635, total: 1.5818778276443481
epoch 3840 loss: 0.5568587183952332, 0.7026194930076599, 0.3226417899131775, total: 1.5821199417114258
epoch 3850 loss: 0.5374419689178467, 0.7218917608261108, 0.3249688148498535, total: 1.584302544593811
epoch 3860 loss: 0.5505244135856628, 0.7095291614532471, 0.3240965008735657, total: 1.5841500759124756
epoch 3870 loss: 0.535690426826477, 0.7232881188392639, 0.3227173686027527, total: 1.5816960334777832
epoch 3880 loss: 0.5567130446434021, 0.7052726149559021, 0.3217530846595764, total: 1.5837388038635254
epoch 3890 loss: 0.5389540195465088, 0.7180629372596741, 0.32238706946372986, total: 1.5794039964675903
epoch 3900 loss: 0.5323973298072815, 0.7276644110679626, 0.3207990229129791, total: 1.5808607339859009
epoch 3910 loss: 0.5503116846084595, 0.7071893215179443, 0.32486262917518616, total: 1.5823636054992676
epoch 3920 loss: 0.5424476265907288, 0.7142741680145264, 0.32333868741989136, total: 1.5800604820251465
epoch 3930 loss: 0.5446122884750366, 0.7099939584732056, 0.32085496187210083, total: 1.5754611492156982
epoch 3940 loss: 0.553472638130188, 0.7095693945884705, 0.32617583870887756, total: 1.5892177820205688
epoch 3950 loss: 0.545071005821228, 0.7107091546058655, 0.32513540983200073, total: 1.5809156894683838
epoch 3960 loss: 0.5634820461273193, 0.6988998055458069, 0.325125515460968, total: 1.5875072479248047
epoch 3970 loss: 0.5383107662200928, 0.719221293926239, 0.3235972225666046, total: 1.5811293125152588
epoch 3980 loss: 0.5385527610778809, 0.7174250483512878, 0.32150033116340637, total: 1.5774781703948975
epoch 3990 loss: 0.5437257885932922, 0.7115964293479919, 0.3214600086212158, total: 1.5767822265625
epoch 4000 loss: 0.5367894768714905, 0.7208406925201416, 0.32204148173332214, total: 1.5796716213226318
epoch 4010 loss: 0.5451962351799011, 0.7100334763526917, 0.3211526870727539, total: 1.5763823986053467
epoch 4020 loss: 0.5423892140388489, 0.7156177759170532, 0.32149338722229004, total: 1.579500436782837
epoch 4030 loss: 0.5403069853782654, 0.7148128151893616, 0.3210105895996094, total: 1.5761303901672363
epoch 4040 loss: 0.5400936007499695, 0.7197943329811096, 0.3225799798965454, total: 1.5824679136276245
epoch 4050 loss: 0.5435554385185242, 0.7136979699134827, 0.3235454857349396, total: 1.580798864364624
epoch 4060 loss: 0.5377534031867981, 0.7165078520774841, 0.3212411403656006, total: 1.5755023956298828
epoch 4070 loss: 0.5531356334686279, 0.7054360508918762, 0.3216508626937866, total: 1.580222487449646
epoch 4080 loss: 0.5408977270126343, 0.7150319218635559, 0.31974223256111145, total: 1.575671911239624
epoch 4090 loss: 0.543330729007721, 0.716264009475708, 0.321998655796051, total: 1.5815932750701904
epoch 4100 loss: 0.537494957447052, 0.7184492945671082, 0.32153213024139404, total: 1.5774763822555542
epoch 4110 loss: 0.5494884848594666, 0.7114883661270142, 0.32055968046188354, total: 1.5815365314483643
epoch 4120 loss: 0.5515162348747253, 0.7032532095909119, 0.3202551603317261, total: 1.5750246047973633
epoch 4130 loss: 0.5401059985160828, 0.7173356413841248, 0.3210436701774597, total: 1.5784852504730225
epoch 4140 loss: 0.5412583351135254, 0.7124026417732239, 0.3203103244304657, total: 1.5739712715148926
epoch 4150 loss: 0.546376645565033, 0.7147647738456726, 0.3208867013454437, total: 1.5820281505584717
epoch 4160 loss: 0.5488990545272827, 0.7073348760604858, 0.3216990828514099, total: 1.5779330730438232
epoch 4170 loss: 0.537074625492096, 0.718818187713623, 0.32045260071754456, total: 1.5763453245162964
epoch 4180 loss: 0.5535359978675842, 0.7033817768096924, 0.3200682997703552, total: 1.5769860744476318
epoch 4190 loss: 0.5437743663787842, 0.7113553285598755, 0.3200598955154419, total: 1.5751895904541016
epoch 4200 loss: 0.5477685332298279, 0.7101203799247742, 0.32035189867019653, total: 1.5782408714294434
epoch 4210 loss: 0.5449029803276062, 0.7115728855133057, 0.3199480473995209, total: 1.5764240026474
epoch 4220 loss: 0.5548746585845947, 0.7074675559997559, 0.31909775733947754, total: 1.5814399719238281
epoch 4230 loss: 0.5348616242408752, 0.7234867811203003, 0.31976789236068726, total: 1.5781164169311523
epoch 4240 loss: 0.5556528568267822, 0.7069657444953918, 0.3187496066093445, total: 1.5813682079315186
epoch 4250 loss: 0.5460858941078186, 0.7105367183685303, 0.3208365738391876, total: 1.5774590969085693
epoch 4260 loss: 0.5461139678955078, 0.7100406289100647, 0.31973493099212646, total: 1.5758894681930542
epoch 4270 loss: 0.5609297752380371, 0.7059274315834045, 0.31909191608428955, total: 1.5859490633010864
epoch 4280 loss: 0.5428853631019592, 0.7129754424095154, 0.32034096121788025, total: 1.5762017965316772
epoch 4290 loss: 0.539420485496521, 0.7165100574493408, 0.3198118507862091, total: 1.5757423639297485
epoch 4300 loss: 0.5472192168235779, 0.7077603936195374, 0.31886473298072815, total: 1.573844313621521
epoch 4310 loss: 0.5251387357711792, 0.7577090859413147, 0.31772279739379883, total: 1.6005706787109375
epoch 4320 loss: 0.5351181626319885, 0.7261532545089722, 0.32397693395614624, total: 1.5852484703063965
epoch 4330 loss: 0.5375183820724487, 0.7153504490852356, 0.3209141194820404, total: 1.573783040046692
epoch 4340 loss: 0.563307523727417, 0.7013500332832336, 0.3218516707420349, total: 1.5865092277526855
epoch 4350 loss: 0.5393744707107544, 0.7155249714851379, 0.32128703594207764, total: 1.5761865377426147
epoch 4360 loss: 0.5448837876319885, 0.7108113765716553, 0.3189632296562195, total: 1.5746583938598633
epoch 4370 loss: 0.5561811923980713, 0.7026204466819763, 0.31788623332977295, total: 1.5766879320144653
epoch 4380 loss: 0.5361811518669128, 0.7208841443061829, 0.31762126088142395, total: 1.5746865272521973
epoch 4390 loss: 0.5417690873146057, 0.7132475972175598, 0.31703847646713257, total: 1.5720551013946533
epoch 4400 loss: 0.5293574929237366, 0.7412140369415283, 0.31653687357902527, total: 1.5871083736419678
epoch 4410 loss: 0.5409690737724304, 0.7144394516944885, 0.31876158714294434, total: 1.5741701126098633
epoch 4420 loss: 0.542951226234436, 0.7111958265304565, 0.3182711601257324, total: 1.572418212890625
epoch 4430 loss: 0.5419974327087402, 0.7141237854957581, 0.3176065683364868, total: 1.5737277269363403
epoch 4440 loss: 0.5324031710624695, 0.7259008288383484, 0.3172110915184021, total: 1.5755150318145752
epoch 4450 loss: 0.5526232719421387, 0.7029443979263306, 0.3170393705368042, total: 1.5726070404052734
epoch 4460 loss: 0.5342352986335754, 0.7256519198417664, 0.31746339797973633, total: 1.5773506164550781
epoch 4470 loss: 0.548369288444519, 0.7067021131515503, 0.3177863657474518, total: 1.5728577375411987
epoch 4480 loss: 0.5379787683486938, 0.7158825397491455, 0.315613716840744, total: 1.5694750547409058
epoch 4490 loss: 0.5404917001724243, 0.7251733541488647, 0.32261574268341064, total: 1.5882807970046997
epoch 4500 loss: 0.5474573373794556, 0.708321213722229, 0.32170653343200684, total: 1.5774850845336914
epoch 4510 loss: 0.5374115705490112, 0.7227115631103516, 0.32319748401641846, total: 1.5833206176757812
epoch 4520 loss: 0.5457735657691956, 0.7074479460716248, 0.32050108909606934, total: 1.5737226009368896
epoch 4530 loss: 0.5526542663574219, 0.7055243253707886, 0.3197774887084961, total: 1.5779560804367065
epoch 4540 loss: 0.5367938280105591, 0.7207148671150208, 0.3188605308532715, total: 1.576369285583496
epoch 4550 loss: 0.5503448247909546, 0.7032960653305054, 0.31742528080940247, total: 1.57106614112854
epoch 4560 loss: 0.5326653718948364, 0.7278693318367004, 0.31831803917884827, total: 1.5788527727127075
epoch 4570 loss: 0.5524762868881226, 0.7035938501358032, 0.3168121576309204, total: 1.5728822946548462
epoch 4580 loss: 0.5407204627990723, 0.7102843523025513, 0.3152734637260437, total: 1.5662782192230225
epoch 4590 loss: 0.5662684440612793, 0.6991068720817566, 0.31414535641670227, total: 1.5795207023620605
epoch 4600 loss: 0.5571868419647217, 0.707802951335907, 0.3246033191680908, total: 1.5895931720733643
epoch 4610 loss: 0.5335065722465515, 0.7262318730354309, 0.32223206758499146, total: 1.581970453262329
epoch 4620 loss: 0.5492599606513977, 0.7084656953811646, 0.3190988600254059, total: 1.5768245458602905
epoch 4630 loss: 0.5398597717285156, 0.713672935962677, 0.31750547885894775, total: 1.5710381269454956
epoch 4640 loss: 0.5475494265556335, 0.7062628269195557, 0.31621938943862915, total: 1.5700316429138184
epoch 4650 loss: 0.537954568862915, 0.7158579230308533, 0.31514260172843933, total: 1.5689551830291748
epoch 4660 loss: 0.5491074323654175, 0.7046061754226685, 0.31541112065315247, total: 1.569124698638916
epoch 4670 loss: 0.5552451014518738, 0.7015568614006042, 0.31532180309295654, total: 1.5721237659454346
epoch 4680 loss: 0.5371024012565613, 0.7151792645454407, 0.3140726685523987, total: 1.5663542747497559
epoch 4690 loss: 0.5560181140899658, 0.7107986807823181, 0.3192838430404663, total: 1.586100697517395
epoch 4700 loss: 0.5400944352149963, 0.7162967324256897, 0.31910085678100586, total: 1.575492024421692
epoch 4710 loss: 0.531772255897522, 0.7379458546638489, 0.31718307733535767, total: 1.5869011878967285
epoch 4720 loss: 0.5389633774757385, 0.7143987417221069, 0.31733638048171997, total: 1.5706984996795654
epoch 4730 loss: 0.5527675151824951, 0.7006457448005676, 0.3159737288951874, total: 1.5693869590759277
epoch 4740 loss: 0.5450111627578735, 0.7080926299095154, 0.3152458369731903, total: 1.5683495998382568
epoch 4750 loss: 0.5446071624755859, 0.7177267670631409, 0.31501859426498413, total: 1.577352523803711
epoch 4760 loss: 0.5375794172286987, 0.7158140540122986, 0.3152484893798828, total: 1.5686419010162354
epoch 4770 loss: 0.5555574297904968, 0.7011857628822327, 0.3154713213443756, total: 1.5722144842147827
epoch 4780 loss: 0.5407633185386658, 0.7110189199447632, 0.31437766551971436, total: 1.5661598443984985
epoch 4790 loss: 0.5473577380180359, 0.7158116698265076, 0.315467894077301, total: 1.5786373615264893
epoch 4800 loss: 0.5504693388938904, 0.7038989663124084, 0.3168632984161377, total: 1.5712316036224365
epoch 4810 loss: 0.5374445915222168, 0.7148758769035339, 0.3154129385948181, total: 1.5677335262298584
epoch 4820 loss: 0.5518578886985779, 0.703380286693573, 0.31481531262397766, total: 1.5700534582138062
epoch 4830 loss: 0.5361620187759399, 0.7167923450469971, 0.31354933977127075, total: 1.5665037631988525
epoch 4840 loss: 0.5424883961677551, 0.7114197611808777, 0.3139789402484894, total: 1.5678870677947998
epoch 4850 loss: 0.5333600044250488, 0.7214970588684082, 0.3141295611858368, total: 1.5689866542816162
epoch 4860 loss: 0.5400537252426147, 0.7119603753089905, 0.31412991881370544, total: 1.5661441087722778
epoch 4870 loss: 0.5547963380813599, 0.7067630887031555, 0.31561288237571716, total: 1.5771723985671997
epoch 4880 loss: 0.5449177026748657, 0.7105180621147156, 0.31808823347091675, total: 1.573523998260498
epoch 4890 loss: 0.5536066889762878, 0.7021692395210266, 0.3150486648082733, total: 1.5708246231079102
epoch 4900 loss: 0.5326595306396484, 0.7235791683197021, 0.3155459761619568, total: 1.5717847347259521
epoch 4910 loss: 0.5457063913345337, 0.7110176682472229, 0.3146642744541168, total: 1.5713883638381958
epoch 4920 loss: 0.5443047881126404, 0.7078724503517151, 0.31381481885910034, total: 1.5659921169281006
epoch 4930 loss: 0.5380462408065796, 0.7178066968917847, 0.3140665888786316, total: 1.5699195861816406
epoch 4940 loss: 0.5434578061103821, 0.7084386944770813, 0.31316623091697693, total: 1.5650627613067627
epoch 4950 loss: 0.5319435596466064, 0.726592481136322, 0.3143845498561859, total: 1.5729206800460815
epoch 4960 loss: 0.5428818464279175, 0.7118734121322632, 0.313630074262619, total: 1.568385362625122
epoch 4970 loss: 0.5384039878845215, 0.7166281938552856, 0.31400954723358154, total: 1.5690417289733887
epoch 4980 loss: 0.5333260297775269, 0.7210735082626343, 0.3134233355522156, total: 1.5678229331970215
epoch 4990 loss: 0.5474109053611755, 0.7054626941680908, 0.3129138946533203, total: 1.5657875537872314
======== finish training =======
data saved in parameter_log/style_transfer.log
Sat Aug 14 01:02:27 2021       
+-----------------------------------------------------------------------------+
| NVIDIA-SMI 470.57.02    Driver Version: 470.57.02    CUDA Version: 11.4     |
|-------------------------------+----------------------+----------------------+
| GPU  Name        Persistence-M| Bus-Id        Disp.A | Volatile Uncorr. ECC |
| Fan  Temp  Perf  Pwr:Usage/Cap|         Memory-Usage | GPU-Util  Compute M. |
|                               |                      |               MIG M. |
|===============================+======================+======================|
|   0  NVIDIA TITAN Xp     On   | 00000000:1B:00.0 Off |                  N/A |
| 44%   70C    P0    83W / 250W |      1MiB / 12196MiB |     18%      Default |
|                               |                      |                  N/A |
+-------------------------------+----------------------+----------------------+
                                                                               
+-----------------------------------------------------------------------------+
| Processes:                                                                  |
|  GPU   GI   CI        PID   Type   Process name                  GPU Memory |
|        ID   ID                                                   Usage      |
|=============================================================================|
|  No running processes found                                                 |
+-----------------------------------------------------------------------------+
 01:02:27 up 65 days,  8:44,  2 users,  load average: 32.49, 31.94, 31.85
