********************************************************
This is log of the slurm file content
time: 
  Wed 11 Aug 00:23:24 BST 2021
imple. main points:
  1.resizing all image to (1800, 1024), 
  2.output image initialize randomly
  3.input style image: en-route.jpg content image: moskou.jpg
result: 
  1.output image contains only noise
  2.loss increased after training
  3.style significantly lower than tutorial examples
solution: 
  1.view image using post processing
  2.review function definitions
  3.training on the same image as tutorial
********************************************************
/var/spool/slurm/d/job37499/slurm_script: line 7: [: missing `]'
This is a test
Today is Wed 11 Aug 00:23:24 BST 2021
This is cloud-vm-43-99.doc.ic.ac.uk
running python program
/vol/cuda/10.2.89-cudnn7.6.4.38/bin:/vol/bitbucket/sx119/conda/bin:/vol/bitbucket/sx119/conda/condabin:/homes/sx119/.local/bin:/usr/local/sbin:/usr/local/bin:/usr/sbin:/usr/bin:/sbin:/bin:/usr/games:/usr/local/games:/snap/bin
/vol/bitbucket/sx119/conda/lib/python3.9/site-packages/torch/nn/functional.py:718: UserWarning: Named tensors and all their associated APIs are an experimental feature and subject to change. Please do not use them for anything important until they are released as stable. (Triggered internally at  /pytorch/c10/core/TensorImpl.h:1156.)
  return torch.max_pool2d(input, kernel_size, stride, padding, dilation, ceil_mode)
content_loss: 11.282670974731445
style_loss: 0.0004068551061209291
epoch 0 loss: 11.282670974731445, 0.40685510635375977, 3.8496522903442383, total: 15.539177894592285
content_loss: 10.090238571166992
style_loss: 0.0004051215364597738
content_loss: 9.799812316894531
style_loss: 0.00040429478394798934
content_loss: 9.501152992248535
style_loss: 0.0004040237108711153
content_loss: 9.244648933410645
style_loss: 0.0004040366620756686
content_loss: 9.078628540039062
style_loss: 0.000404217338655144
content_loss: 8.958220481872559
style_loss: 0.0004044812812935561
content_loss: 8.838268280029297
style_loss: 0.0004048830596730113
content_loss: 8.706562042236328
style_loss: 0.000405515223974362
content_loss: 8.573049545288086
style_loss: 0.00040647914283908904
content_loss: 8.447454452514648
style_loss: 0.0004079228383488953
content_loss: 8.331451416015625
style_loss: 0.00040993408765643835
content_loss: 8.226861000061035
style_loss: 0.0004126443527638912
content_loss: 8.13237190246582
style_loss: 0.00041613623034209013
content_loss: 8.042145729064941
style_loss: 0.00042052549542859197
content_loss: 7.950704097747803
style_loss: 0.0004258171538822353
content_loss: 7.85957670211792
style_loss: 0.0004320604493841529
content_loss: 7.775383949279785
style_loss: 0.0004392986884340644
content_loss: 7.700869560241699
style_loss: 0.00044751641689799726
content_loss: 7.632972240447998
style_loss: 0.0004567441064864397
content_loss: 7.567314147949219
style_loss: 0.00046703871339559555
content_loss: 7.501536846160889
style_loss: 0.0004784488119184971
content_loss: 7.4353251457214355
style_loss: 0.0004909558338113129
content_loss: 7.366389751434326
style_loss: 0.000504566531162709
content_loss: 7.296168327331543
style_loss: 0.0005192960379645228
content_loss: 7.225282192230225
style_loss: 0.0005351086147129536
content_loss: 7.155303001403809
style_loss: 0.0005520656704902649
content_loss: 7.087916851043701
style_loss: 0.0005702048074454069
content_loss: 7.023746967315674
style_loss: 0.0005894552450627089
content_loss: 6.962186813354492
style_loss: 0.0006098579615354538
content_loss: 6.902899265289307
style_loss: 0.0006314514321275055
content_loss: 6.845251560211182
style_loss: 0.0006542235496453941
content_loss: 6.789119243621826
style_loss: 0.0006781500997021794
content_loss: 6.733827114105225
style_loss: 0.000703250989317894
content_loss: 6.6779632568359375
style_loss: 0.0007294646929949522
content_loss: 6.621429920196533
style_loss: 0.0007567969732917845
content_loss: 6.564474582672119
style_loss: 0.0007851835107430816
content_loss: 6.506993770599365
style_loss: 0.0008146306499838829
content_loss: 6.450443744659424
style_loss: 0.0008450630703009665
content_loss: 6.395266532897949
style_loss: 0.0008765022503212094
content_loss: 6.344062805175781
style_loss: 0.0009089061641134322
content_loss: 6.296949863433838
style_loss: 0.0009422517032362521
content_loss: 6.25389289855957
style_loss: 0.0009764793794602156
content_loss: 6.214179992675781
style_loss: 0.0010115281911566854
content_loss: 6.177109718322754
style_loss: 0.0010473739821463823
content_loss: 6.1403584480285645
style_loss: 0.0010839836904779077
content_loss: 6.102966785430908
style_loss: 0.0011213114485144615
content_loss: 6.06508731842041
style_loss: 0.001159287290647626
content_loss: 6.0261688232421875
style_loss: 0.0011978934053331614
content_loss: 5.986135005950928
style_loss: 0.0012371104676276445
content_loss: 5.945155620574951
style_loss: 0.0012768855085596442
epoch 50 loss: 5.945155620574951, 1.2768855094909668, 4.145402431488037, total: 11.367443084716797
content_loss: 5.904783725738525
style_loss: 0.0013171371538192034
content_loss: 5.86594295501709
style_loss: 0.0013578989310190082
content_loss: 5.82921838760376
style_loss: 0.0013992022722959518
content_loss: 5.795901298522949
style_loss: 0.0014410291332751513
content_loss: 5.766080379486084
style_loss: 0.001483316533267498
content_loss: 5.739199161529541
style_loss: 0.0015260057989507914
content_loss: 5.714138507843018
style_loss: 0.0015690985601395369
content_loss: 5.690389156341553
style_loss: 0.001612563617527485
content_loss: 5.667228698730469
style_loss: 0.0016563785029575229
content_loss: 5.643798828125
style_loss: 0.001700607012026012
content_loss: 5.620151519775391
style_loss: 0.0017451304011046886
content_loss: 5.597132205963135
style_loss: 0.0017899940721690655
content_loss: 5.575235366821289
style_loss: 0.0018351981416344643
content_loss: 5.554627895355225
style_loss: 0.0018806091975420713
content_loss: 5.53544282913208
style_loss: 0.0019262429559603333
content_loss: 5.517462730407715
style_loss: 0.0019720306154340506
content_loss: 5.50086784362793
style_loss: 0.0020179557614028454
content_loss: 5.485748291015625
style_loss: 0.0020639770664274693
content_loss: 5.471701622009277
style_loss: 0.0021102342288941145
content_loss: 5.458203315734863
style_loss: 0.0021565789356827736
content_loss: 5.444862365722656
style_loss: 0.0022029303945600986
content_loss: 5.431216716766357
style_loss: 0.0022492355201393366
content_loss: 5.417766094207764
style_loss: 0.002295495942234993
content_loss: 5.404195785522461
style_loss: 0.0023416364565491676
content_loss: 5.390526294708252
style_loss: 0.002387680346146226
content_loss: 5.376654624938965
style_loss: 0.0024336569476872683
content_loss: 5.362384796142578
style_loss: 0.002479482674971223
content_loss: 5.3472371101379395
style_loss: 0.0025251058395951986
content_loss: 5.331507205963135
style_loss: 0.0025706100277602673
content_loss: 5.314952850341797
style_loss: 0.0026159491389989853
content_loss: 5.29845666885376
style_loss: 0.002661074511706829
content_loss: 5.282613754272461
style_loss: 0.002706060651689768
content_loss: 5.26681661605835
style_loss: 0.0027509364299476147
content_loss: 5.252605438232422
style_loss: 0.002795642241835594
content_loss: 5.240349292755127
style_loss: 0.002840133151039481
content_loss: 5.230006694793701
style_loss: 0.0028844852931797504
content_loss: 5.22127628326416
style_loss: 0.0029288064688444138
content_loss: 5.214049816131592
style_loss: 0.0029730601236224174
content_loss: 5.207986354827881
style_loss: 0.003017289796844125
content_loss: 5.202445983886719
style_loss: 0.0030615334399044514
content_loss: 5.19687557220459
style_loss: 0.003105672774836421
content_loss: 5.19182014465332
style_loss: 0.003149807918816805
content_loss: 5.187320709228516
style_loss: 0.003193928860127926
content_loss: 5.183058738708496
style_loss: 0.00323805445805192
content_loss: 5.178768157958984
style_loss: 0.0032820883207023144
content_loss: 5.175008296966553
style_loss: 0.0033261363860219717
content_loss: 5.171506881713867
style_loss: 0.003370300866663456
content_loss: 5.16751766204834
style_loss: 0.0034145615063607693
content_loss: 5.162896156311035
style_loss: 0.0034588580019772053
content_loss: 5.157973289489746
style_loss: 0.00350318755954504
epoch 100 loss: 5.157973289489746, 3.503187656402588, 6.383995056152344, total: 15.045156478881836
content_loss: 5.152639865875244
style_loss: 0.003547550179064274
content_loss: 5.14675235748291
style_loss: 0.0035920985974371433
content_loss: 5.139916896820068
style_loss: 0.0036367522552609444
content_loss: 5.133412837982178
style_loss: 0.003681522561237216
content_loss: 5.127492427825928
style_loss: 0.0037265170831233263
content_loss: 5.122781753540039
style_loss: 0.0037715500220656395
content_loss: 5.11982536315918
style_loss: 0.0038166355807334185
content_loss: 5.1187849044799805
style_loss: 0.0038617702666670084
content_loss: 5.119475841522217
style_loss: 0.003906989470124245
content_loss: 5.122072696685791
style_loss: 0.0039523812010884285
content_loss: 5.126295566558838
style_loss: 0.003997860476374626
content_loss: 5.1315388679504395
style_loss: 0.0040433527901768684
content_loss: 5.136525630950928
style_loss: 0.004088836256414652
content_loss: 5.140966415405273
style_loss: 0.004134352318942547
content_loss: 5.144696235656738
style_loss: 0.004179911222308874
content_loss: 5.147298336029053
style_loss: 0.004225417971611023
content_loss: 5.148604869842529
style_loss: 0.004270917735993862
content_loss: 5.1481099128723145
style_loss: 0.004316458012908697
content_loss: 5.1465301513671875
style_loss: 0.004362014587968588
content_loss: 5.143438339233398
style_loss: 0.004407552070915699
content_loss: 5.1392388343811035
style_loss: 0.004453038796782494
content_loss: 5.133994102478027
style_loss: 0.00449852691963315
content_loss: 5.1279706954956055
style_loss: 0.004543989431113005
content_loss: 5.121612548828125
style_loss: 0.0045894235372543335
content_loss: 5.114875316619873
style_loss: 0.0046347579918801785
content_loss: 5.107769012451172
style_loss: 0.004679895006120205
content_loss: 5.101181983947754
style_loss: 0.004724874626845121
content_loss: 5.095128536224365
style_loss: 0.004769725725054741
content_loss: 5.0899271965026855
style_loss: 0.004814396612346172
content_loss: 5.0854926109313965
style_loss: 0.004859065171331167
content_loss: 5.08280086517334
style_loss: 0.004903791472315788
content_loss: 5.081844329833984
style_loss: 0.004948494955897331
content_loss: 5.082752227783203
style_loss: 0.004993165843188763
content_loss: 5.085472106933594
style_loss: 0.005037750117480755
content_loss: 5.088497161865234
style_loss: 0.005082366056740284
content_loss: 5.092164993286133
style_loss: 0.005126996897161007
content_loss: 5.095894813537598
style_loss: 0.0051715923473238945
content_loss: 5.099306583404541
style_loss: 0.005216153338551521
content_loss: 5.101593971252441
style_loss: 0.00526074692606926
content_loss: 5.102816104888916
style_loss: 0.005305261351168156
content_loss: 5.1036458015441895
style_loss: 0.005349765531718731
content_loss: 5.10373592376709
style_loss: 0.005394298117607832
content_loss: 5.103569030761719
style_loss: 0.005438859574496746
content_loss: 5.103813648223877
style_loss: 0.005483455955982208
content_loss: 5.104588985443115
style_loss: 0.005528079345822334
content_loss: 5.105651378631592
style_loss: 0.005572738125920296
content_loss: 5.106925010681152
style_loss: 0.005617364309728146
content_loss: 5.108949661254883
style_loss: 0.005662024952471256
content_loss: 5.1116156578063965
style_loss: 0.005706734023988247
content_loss: 5.114237308502197
style_loss: 0.005751399323344231
epoch 150 loss: 5.114237308502197, 5.751399517059326, 8.654125213623047, total: 19.51976203918457
content_loss: 5.116661548614502
style_loss: 0.005796127021312714
content_loss: 5.118566513061523
style_loss: 0.005840879864990711
content_loss: 5.120715141296387
style_loss: 0.005885634571313858
content_loss: 5.122890949249268
style_loss: 0.0059304870665073395
content_loss: 5.125100612640381
style_loss: 0.005975297652184963
content_loss: 5.127339839935303
style_loss: 0.006020118482410908
content_loss: 5.129518508911133
style_loss: 0.006065082736313343
content_loss: 5.131841659545898
style_loss: 0.006110010668635368
content_loss: 5.1346116065979
style_loss: 0.006155057344585657
content_loss: 5.137585639953613
style_loss: 0.006200207397341728
content_loss: 5.140870571136475
style_loss: 0.006245397962629795
content_loss: 5.144232749938965
style_loss: 0.006290728226304054
content_loss: 5.1473541259765625
style_loss: 0.006336236372590065
content_loss: 5.150391101837158
style_loss: 0.006381744518876076
content_loss: 5.153634071350098
style_loss: 0.006427220068871975
content_loss: 5.156718730926514
style_loss: 0.006472748704254627
content_loss: 5.160379409790039
style_loss: 0.0065183681435883045
content_loss: 5.164429187774658
style_loss: 0.006563944276422262
content_loss: 5.168951988220215
style_loss: 0.006609572097659111
content_loss: 5.173688888549805
style_loss: 0.0066552478820085526
content_loss: 5.178947448730469
style_loss: 0.0067010740749537945
content_loss: 5.184381008148193
style_loss: 0.006746829487383366
content_loss: 5.1900506019592285
style_loss: 0.006792571395635605
content_loss: 5.1963276863098145
style_loss: 0.006838264875113964
content_loss: 5.202859878540039
style_loss: 0.006883802358061075
content_loss: 5.209696292877197
style_loss: 0.0069292401894927025
content_loss: 5.216859817504883
style_loss: 0.006974712945520878
content_loss: 5.223399639129639
style_loss: 0.007020098157227039
content_loss: 5.228899955749512
style_loss: 0.0070654721930623055
content_loss: 5.234011650085449
style_loss: 0.007110884878784418
content_loss: 5.238049507141113
style_loss: 0.007156195119023323
content_loss: 5.240407943725586
style_loss: 0.007201512344181538
content_loss: 5.242300510406494
style_loss: 0.007246756926178932
content_loss: 5.243226051330566
style_loss: 0.007292018737643957
content_loss: 5.242589950561523
style_loss: 0.007337250281125307
content_loss: 5.240795612335205
style_loss: 0.007382487878203392
content_loss: 5.238541126251221
style_loss: 0.007427716627717018
content_loss: 5.2360687255859375
style_loss: 0.007473035715520382
content_loss: 5.2337870597839355
style_loss: 0.007518407888710499
content_loss: 5.231822967529297
style_loss: 0.007563701365143061
content_loss: 5.2303009033203125
style_loss: 0.007608896121382713
content_loss: 5.2299275398254395
style_loss: 0.007654132787138224
content_loss: 5.2305426597595215
style_loss: 0.00769934244453907
content_loss: 5.231649398803711
style_loss: 0.007744455244392157
content_loss: 5.233225345611572
style_loss: 0.007789602503180504
content_loss: 5.235559940338135
style_loss: 0.007834682241082191
content_loss: 5.2387166023254395
style_loss: 0.007879658602178097
content_loss: 5.242555618286133
style_loss: 0.007924484089016914
content_loss: 5.246995449066162
style_loss: 0.007969154044985771
content_loss: 5.251944065093994
style_loss: 0.008013746701180935
epoch 200 loss: 5.251944065093994, 8.01374626159668, 10.540740966796875, total: 23.80643081665039
content_loss: 5.25797700881958
style_loss: 0.008058234117925167
content_loss: 5.264814376831055
style_loss: 0.008102679625153542
content_loss: 5.271692276000977
style_loss: 0.008147005923092365
content_loss: 5.278472900390625
style_loss: 0.008191144093871117
content_loss: 5.28513240814209
style_loss: 0.008235076442360878
content_loss: 5.291730880737305
style_loss: 0.008278900757431984
content_loss: 5.298428058624268
style_loss: 0.008322566747665405
content_loss: 5.304809093475342
style_loss: 0.008366100490093231
content_loss: 5.310690402984619
style_loss: 0.00840945728123188
content_loss: 5.3166584968566895
style_loss: 0.00845266692340374
content_loss: 5.321948051452637
style_loss: 0.008495592512190342
content_loss: 5.3273420333862305
style_loss: 0.00853828527033329
content_loss: 5.331900596618652
style_loss: 0.00858084112405777
content_loss: 5.336073398590088
style_loss: 0.008623282425105572
content_loss: 5.340207576751709
style_loss: 0.008665580302476883
content_loss: 5.343948841094971
style_loss: 0.008707620203495026
content_loss: 5.347094535827637
style_loss: 0.008749567903578281
content_loss: 5.34988260269165
style_loss: 0.008791517466306686
content_loss: 5.352703094482422
style_loss: 0.008833391591906548
content_loss: 5.356110095977783
style_loss: 0.008875228464603424
content_loss: 5.360034942626953
style_loss: 0.008917048573493958
content_loss: 5.364452362060547
style_loss: 0.008958770893514156
content_loss: 5.369626998901367
style_loss: 0.009000406600534916
content_loss: 5.375198841094971
style_loss: 0.009041987359523773
content_loss: 5.381218433380127
style_loss: 0.009083463810384274
content_loss: 5.3877668380737305
style_loss: 0.00912497192621231
content_loss: 5.394676208496094
style_loss: 0.009166497737169266
content_loss: 5.401767730712891
style_loss: 0.009207961149513721
content_loss: 5.409254550933838
style_loss: 0.0092494310811162
content_loss: 5.416789531707764
style_loss: 0.009290816262364388
content_loss: 5.424286365509033
style_loss: 0.009332217276096344
content_loss: 5.431839466094971
style_loss: 0.009373549371957779
content_loss: 5.439054489135742
style_loss: 0.00941491685807705
content_loss: 5.44603967666626
style_loss: 0.009456396102905273
content_loss: 5.452862739562988
style_loss: 0.009497858583927155
content_loss: 5.460014343261719
style_loss: 0.009539224207401276
content_loss: 5.467310905456543
style_loss: 0.009580487385392189
content_loss: 5.473918437957764
style_loss: 0.00962178222835064
content_loss: 5.479452133178711
style_loss: 0.009663010016083717
content_loss: 5.484266757965088
style_loss: 0.009704042226076126
content_loss: 5.488269329071045
style_loss: 0.009744981303811073
content_loss: 5.491452693939209
style_loss: 0.009785845875740051
content_loss: 5.4935407638549805
style_loss: 0.009826578199863434
content_loss: 5.494937419891357
style_loss: 0.009867211803793907
content_loss: 5.495741367340088
style_loss: 0.009907685220241547
content_loss: 5.4964680671691895
style_loss: 0.009948126040399075
content_loss: 5.496861934661865
style_loss: 0.00998862087726593
content_loss: 5.496548652648926
style_loss: 0.010029066354036331
content_loss: 5.496347427368164
style_loss: 0.010069478303194046
content_loss: 5.496243476867676
style_loss: 0.010109884664416313
epoch 250 loss: 5.496243476867676, 10.109884262084961, 12.067115783691406, total: 27.67324447631836
content_loss: 5.4959611892700195
style_loss: 0.010150267742574215
content_loss: 5.495966911315918
style_loss: 0.010190509259700775
content_loss: 5.497098445892334
style_loss: 0.010230731219053268
content_loss: 5.498901844024658
style_loss: 0.010270806029438972
content_loss: 5.501303195953369
style_loss: 0.010310836136341095
content_loss: 5.504730701446533
style_loss: 0.010350877419114113
content_loss: 5.508227825164795
style_loss: 0.010390905663371086
content_loss: 5.511769771575928
style_loss: 0.010430946946144104
content_loss: 5.515102863311768
style_loss: 0.010470825247466564
content_loss: 5.518846035003662
style_loss: 0.010510636493563652
content_loss: 5.52271842956543
style_loss: 0.010550489649176598
content_loss: 5.526418209075928
style_loss: 0.010590334422886372
content_loss: 5.530131816864014
style_loss: 0.010630190372467041
content_loss: 5.5342864990234375
style_loss: 0.010669915936887264
content_loss: 5.538536548614502
style_loss: 0.010709636844694614
content_loss: 5.543420314788818
style_loss: 0.01074935682117939
content_loss: 5.549020290374756
style_loss: 0.010789106599986553
content_loss: 5.555506706237793
style_loss: 0.010828820988535881
content_loss: 5.562854766845703
style_loss: 0.010868430137634277
content_loss: 5.571591377258301
style_loss: 0.010908037424087524
content_loss: 5.581288814544678
style_loss: 0.010947521775960922
content_loss: 5.591835021972656
style_loss: 0.010986843146383762
content_loss: 5.602939605712891
style_loss: 0.01102609932422638
content_loss: 5.613831520080566
style_loss: 0.011065298691391945
content_loss: 5.624302864074707
style_loss: 0.011104431003332138
content_loss: 5.634200096130371
style_loss: 0.011143475770950317
content_loss: 5.643290996551514
style_loss: 0.011182470247149467
content_loss: 5.651116847991943
style_loss: 0.011221470311284065
content_loss: 5.6573991775512695
style_loss: 0.011260510422289371
content_loss: 5.662632465362549
style_loss: 0.011299404315650463
content_loss: 5.667109489440918
style_loss: 0.011338263750076294
content_loss: 5.670721054077148
style_loss: 0.011376915499567986
content_loss: 5.673355579376221
style_loss: 0.011415349319577217
content_loss: 5.674953460693359
style_loss: 0.011453656479716301
content_loss: 5.6757493019104
style_loss: 0.011491883546113968
content_loss: 5.676003932952881
style_loss: 0.011529980227351189
content_loss: 5.675988674163818
style_loss: 0.011567940935492516
content_loss: 5.676071643829346
style_loss: 0.011605760082602501
content_loss: 5.676843643188477
style_loss: 0.01164357177913189
content_loss: 5.678864479064941
style_loss: 0.011681211180984974
content_loss: 5.6821722984313965
style_loss: 0.011718682013452053
content_loss: 5.6861371994018555
style_loss: 0.011756009422242641
content_loss: 5.690021991729736
style_loss: 0.011793271638453007
content_loss: 5.693844318389893
style_loss: 0.011830443516373634
content_loss: 5.697479724884033
style_loss: 0.011867426335811615
content_loss: 5.7004241943359375
style_loss: 0.011904173530638218
content_loss: 5.702859401702881
style_loss: 0.011940749362111092
content_loss: 5.704886436462402
style_loss: 0.011977087706327438
content_loss: 5.706751823425293
style_loss: 0.01201317086815834
content_loss: 5.709033012390137
style_loss: 0.012049032375216484
epoch 300 loss: 5.709033012390137, 12.049032211303711, 13.305167198181152, total: 31.063232421875
content_loss: 5.711528301239014
style_loss: 0.012084733694791794
content_loss: 5.71408224105835
style_loss: 0.01212029717862606
content_loss: 5.716790676116943
style_loss: 0.012155644595623016
content_loss: 5.719649791717529
style_loss: 0.01219073124229908
content_loss: 5.722419738769531
style_loss: 0.012225603684782982
content_loss: 5.724676609039307
style_loss: 0.012260268442332745
content_loss: 5.7269287109375
style_loss: 0.012294688262045383
content_loss: 5.729234218597412
style_loss: 0.012328866869211197
content_loss: 5.731882572174072
style_loss: 0.01236279122531414
content_loss: 5.7351789474487305
style_loss: 0.012396404519677162
content_loss: 5.739504814147949
style_loss: 0.012429777532815933
content_loss: 5.7447710037231445
style_loss: 0.01246308721601963
content_loss: 5.750811576843262
style_loss: 0.012496286071836948
content_loss: 5.757609844207764
style_loss: 0.012529381550848484
content_loss: 5.764941692352295
style_loss: 0.012562375515699387
content_loss: 5.772393703460693
style_loss: 0.012595077976584435
content_loss: 5.779663562774658
style_loss: 0.01262754388153553
content_loss: 5.78598690032959
style_loss: 0.01265985332429409
content_loss: 5.791448593139648
style_loss: 0.012692173942923546
content_loss: 5.795970916748047
style_loss: 0.012724416330456734
content_loss: 5.7996826171875
style_loss: 0.01275654323399067
content_loss: 5.802173137664795
style_loss: 0.012788623571395874
content_loss: 5.803823471069336
style_loss: 0.012820640578866005
content_loss: 5.804569244384766
style_loss: 0.012852596119046211
content_loss: 5.805164337158203
style_loss: 0.012884512543678284
content_loss: 5.805776596069336
style_loss: 0.01291634887456894
content_loss: 5.807026386260986
style_loss: 0.012948243878781796
content_loss: 5.809208393096924
style_loss: 0.012980097904801369
content_loss: 5.8121843338012695
style_loss: 0.013011978939175606
content_loss: 5.815792083740234
style_loss: 0.013043883256614208
content_loss: 5.820220470428467
style_loss: 0.01307588443160057
content_loss: 5.825450420379639
style_loss: 0.013107947073876858
content_loss: 5.831538677215576
style_loss: 0.013139981776475906
content_loss: 5.838213920593262
style_loss: 0.013171929866075516
content_loss: 5.845059871673584
style_loss: 0.01320389099419117
content_loss: 5.851953029632568
style_loss: 0.013235872611403465
content_loss: 5.858839988708496
style_loss: 0.013267820701003075
content_loss: 5.865052223205566
style_loss: 0.013299882411956787
content_loss: 5.8702921867370605
style_loss: 0.013332080096006393
content_loss: 5.874493598937988
style_loss: 0.013364349491894245
content_loss: 5.8782124519348145
style_loss: 0.013396691530942917
content_loss: 5.88175106048584
style_loss: 0.013429038226604462
content_loss: 5.88529109954834
style_loss: 0.013461465016007423
content_loss: 5.888974666595459
style_loss: 0.01349404826760292
content_loss: 5.892703056335449
style_loss: 0.013526705093681812
content_loss: 5.896340847015381
style_loss: 0.013559499755501747
content_loss: 5.89998722076416
style_loss: 0.013592369854450226
content_loss: 5.904170989990234
style_loss: 0.013625197112560272
content_loss: 5.908883571624756
style_loss: 0.013657975010573864
content_loss: 5.914095401763916
style_loss: 0.013690744526684284
epoch 350 loss: 5.914095401763916, 13.690744400024414, 14.329029083251953, total: 33.933868408203125
content_loss: 5.91918420791626
style_loss: 0.013723596930503845
content_loss: 5.924437522888184
style_loss: 0.013756349682807922
content_loss: 5.929780960083008
style_loss: 0.013789154589176178
content_loss: 5.9344282150268555
style_loss: 0.01382194273173809
content_loss: 5.938713073730469
style_loss: 0.013854704797267914
content_loss: 5.94299840927124
style_loss: 0.013887351378798485
content_loss: 5.947351932525635
style_loss: 0.01391993835568428
content_loss: 5.951258659362793
style_loss: 0.013952506706118584
content_loss: 5.954850196838379
style_loss: 0.013985062949359417
content_loss: 5.9578022956848145
style_loss: 0.014017626643180847
content_loss: 5.960689544677734
style_loss: 0.01405021920800209
content_loss: 5.9628214836120605
style_loss: 0.014082704670727253
content_loss: 5.964373588562012
style_loss: 0.0141150476410985
content_loss: 5.965330123901367
style_loss: 0.014147269539535046
content_loss: 5.965918064117432
style_loss: 0.014179404824972153
content_loss: 5.966102600097656
style_loss: 0.014211423695087433
content_loss: 5.965920448303223
style_loss: 0.014243344776332378
content_loss: 5.965590476989746
style_loss: 0.014275110326707363
content_loss: 5.96547794342041
style_loss: 0.014306824654340744
content_loss: 5.965394496917725
style_loss: 0.014338516630232334
content_loss: 5.965409278869629
style_loss: 0.014370189979672432
content_loss: 5.965525150299072
style_loss: 0.01440188568085432
content_loss: 5.965561866760254
style_loss: 0.014433562755584717
content_loss: 5.965595722198486
style_loss: 0.014465095475316048
content_loss: 5.965420246124268
style_loss: 0.014496628195047379
content_loss: 5.965343952178955
style_loss: 0.01452828012406826
content_loss: 5.965461730957031
style_loss: 0.014559831470251083
content_loss: 5.965985298156738
style_loss: 0.014591243118047714
content_loss: 5.966533184051514
style_loss: 0.014622499234974384
content_loss: 5.967409133911133
style_loss: 0.014653698541224003
content_loss: 5.968989849090576
style_loss: 0.01468476839363575
content_loss: 5.971351623535156
style_loss: 0.014715921133756638
content_loss: 5.97431755065918
style_loss: 0.01474706083536148
content_loss: 5.977529525756836
style_loss: 0.014778072014451027
content_loss: 5.981479167938232
style_loss: 0.014809031039476395
content_loss: 5.985742568969727
style_loss: 0.014840003103017807
content_loss: 5.990114212036133
style_loss: 0.014870839193463326
content_loss: 5.994597434997559
style_loss: 0.014901524409651756
content_loss: 5.999109268188477
style_loss: 0.014932136982679367
content_loss: 6.003762245178223
style_loss: 0.014962734654545784
content_loss: 6.008200168609619
style_loss: 0.014993315562605858
content_loss: 6.012574672698975
style_loss: 0.01502387598156929
content_loss: 6.016444206237793
style_loss: 0.015054356306791306
content_loss: 6.020400524139404
style_loss: 0.015084812417626381
content_loss: 6.024623394012451
style_loss: 0.015115185640752316
content_loss: 6.028563499450684
style_loss: 0.015145411714911461
content_loss: 6.032028675079346
style_loss: 0.015175442211329937
content_loss: 6.03494119644165
style_loss: 0.015205349773168564
content_loss: 6.037857532501221
style_loss: 0.015235178172588348
content_loss: 6.040383338928223
style_loss: 0.015264870598912239
epoch 400 loss: 6.040383338928223, 15.264870643615723, 15.198999404907227, total: 36.50425338745117
content_loss: 6.042829513549805
style_loss: 0.015294522978365421
content_loss: 6.044826507568359
style_loss: 0.015324109233915806
content_loss: 6.046338081359863
style_loss: 0.01535363681614399
content_loss: 6.047444820404053
style_loss: 0.015383051708340645
content_loss: 6.047913074493408
style_loss: 0.015412243083119392
content_loss: 6.047569274902344
style_loss: 0.015441307798027992
content_loss: 6.046637535095215
style_loss: 0.015470312908291817
content_loss: 6.0452046394348145
style_loss: 0.015499201603233814
content_loss: 6.043638229370117
style_loss: 0.015527855604887009
content_loss: 6.041836738586426
style_loss: 0.015556561760604382
content_loss: 6.040556907653809
style_loss: 0.015585114248096943
content_loss: 6.039371967315674
style_loss: 0.015613612718880177
content_loss: 6.038494110107422
style_loss: 0.015641987323760986
content_loss: 6.038163185119629
style_loss: 0.01567024365067482
content_loss: 6.038053035736084
style_loss: 0.015698421746492386
content_loss: 6.038310527801514
style_loss: 0.015726465731859207
content_loss: 6.039266586303711
style_loss: 0.015754323452711105
content_loss: 6.0406904220581055
style_loss: 0.01578199863433838
content_loss: 6.043068885803223
style_loss: 0.015809640288352966
content_loss: 6.04619836807251
style_loss: 0.015837203711271286
content_loss: 6.0499162673950195
style_loss: 0.015864655375480652
content_loss: 6.054500102996826
style_loss: 0.01589212939143181
content_loss: 6.059391021728516
style_loss: 0.01591954566538334
content_loss: 6.065157413482666
style_loss: 0.015946993604302406
content_loss: 6.071633338928223
style_loss: 0.01597452536225319
content_loss: 6.078453063964844
style_loss: 0.01600206457078457
content_loss: 6.085471153259277
style_loss: 0.016029588878154755
content_loss: 6.091640949249268
style_loss: 0.016057128086686134
content_loss: 6.0976033210754395
style_loss: 0.016084570437669754
content_loss: 6.103468418121338
style_loss: 0.016111908480525017
content_loss: 6.108736038208008
style_loss: 0.016139185056090355
content_loss: 6.113507270812988
style_loss: 0.016166526824235916
content_loss: 6.1176323890686035
style_loss: 0.016193734481930733
content_loss: 6.121166706085205
style_loss: 0.01622093841433525
content_loss: 6.124088764190674
style_loss: 0.016248025000095367
content_loss: 6.126815319061279
style_loss: 0.016275033354759216
content_loss: 6.128898620605469
style_loss: 0.016301890835165977
content_loss: 6.130922317504883
style_loss: 0.01632869429886341
content_loss: 6.132590293884277
style_loss: 0.016355538740754128
content_loss: 6.134106636047363
style_loss: 0.01638232357800007
content_loss: 6.135981559753418
style_loss: 0.016408931463956833
content_loss: 6.138136386871338
style_loss: 0.016435572877526283
content_loss: 6.140497207641602
style_loss: 0.01646214723587036
content_loss: 6.142723083496094
style_loss: 0.01648869924247265
content_loss: 6.144826412200928
style_loss: 0.01651521399617195
content_loss: 6.146608829498291
style_loss: 0.01654166728258133
content_loss: 6.148013591766357
style_loss: 0.01656808704137802
content_loss: 6.149538993835449
style_loss: 0.016594484448432922
content_loss: 6.150933742523193
style_loss: 0.016620833426713943
======== finishi training =======
data saved in parameter_log/style_transfer.log
Wed Aug 11 00:35:52 2021       
+-----------------------------------------------------------------------------+
| NVIDIA-SMI 470.57.02    Driver Version: 470.57.02    CUDA Version: 11.4     |
|-------------------------------+----------------------+----------------------+
| GPU  Name        Persistence-M| Bus-Id        Disp.A | Volatile Uncorr. ECC |
| Fan  Temp  Perf  Pwr:Usage/Cap|         Memory-Usage | GPU-Util  Compute M. |
|                               |                      |               MIG M. |
|===============================+======================+======================|
|   0  Tesla T4            On   | 00000000:00:06.0 Off |                    0 |
| N/A   60C    P0    39W /  70W |      0MiB / 15109MiB |      0%      Default |
|                               |                      |                  N/A |
+-------------------------------+----------------------+----------------------+
                                                                               
+-----------------------------------------------------------------------------+
| Processes:                                                                  |
|  GPU   GI   CI        PID   Type   Process name                  GPU Memory |
|        ID   ID                                                   Usage      |
|=============================================================================|
|  No running processes found                                                 |
+-----------------------------------------------------------------------------+
 00:35:52 up 62 days,  7:06,  2 users,  load average: 3.09, 2.84, 2.44